  ===============================================
    Comienzo del Log ( 05-05-2016 a las 00:03 ) 
  ===============================================

  DEBUG: Server: Se acepto el cliente: 127.0.0.1
  DEBUG: Server: Se desconectó un cliente.
  ===============================================
    Comienzo del Log ( 05-05-2016 a las 00:06 ) 
  ===============================================

  DEBUG: Server: Se acepto el cliente: 127.0.0.1
  DEBUG: Server: Se desconectó un cliente.
  ===============================================
    Comienzo del Log ( 05-05-2016 a las 00:08 ) 
  ===============================================

  DEBUG: Server: Se acepto el cliente: 127.0.0.1
  DEBUG: Server: Se desconectó un cliente.
  ===============================================
    Comienzo del Log ( 05-05-2016 a las 00:08 ) 
  ===============================================

  DEBUG: Server: Se acepto el cliente: 127.0.0.1
  DEBUG: Server: Se desconectó un cliente.
  ===============================================
    Comienzo del Log ( 05-05-2016 a las 00:10 ) 
  ===============================================

  DEBUG: Server: Se acepto el cliente: 127.0.0.1
  DEBUG: Server: Se desconectó un cliente.
  ===============================================
    Comienzo del Log ( 05-05-2016 a las 00:10 ) 
  ===============================================

  DEBUG: Server: Se acepto el cliente: 127.0.0.1
  DEBUG: Server: Se desconectó un cliente.
  ===============================================
    Comienzo del Log ( 05-05-2016 a las 00:11 ) 
  ===============================================

  DEBUG: Server: Se acepto el cliente: 127.0.0.1
  DEBUG: Server: Se desconectó un cliente.
  ===============================================
    Comienzo del Log ( 05-05-2016 a las 00:11 ) 
  ===============================================

  DEBUG: Server: Se acepto el cliente: 127.0.0.1
  DEBUG: Server: Se desconectó un cliente.
  ===============================================
    Comienzo del Log ( 05-05-2016 a las 00:13 ) 
  ===============================================

  DEBUG: Server: Se acepto el cliente: 127.0.0.1
  DEBUG: Server: Se desconectó un cliente.
  ===============================================
    Comienzo del Log ( 05-05-2016 a las 00:16 ) 
  ===============================================

  ===============================================
    Comienzo del Log ( 05-05-2016 a las 00:16 ) 
  ===============================================

  DEBUG: Server: Se acepto el cliente: 127.0.0.1
  DEBUG: Server: Se desconectó un cliente.
  ===============================================
    Comienzo del Log ( 05-05-2016 a las 00:17 ) 
  ===============================================

  DEBUG: Server: Se acepto el cliente: 127.0.0.1
  DEBUG: Server: Se desconectó un cliente.
  ===============================================
    Comienzo del Log ( 05-05-2016 a las 00:18 ) 
  ===============================================

  DEBUG: Server: Se acepto el cliente: 127.0.0.1
  DEBUG: Server: Se desconectó un cliente.
  ===============================================
    Comienzo del Log ( 05-05-2016 a las 00:18 ) 
  ===============================================

  DEBUG: Server: Se acepto el cliente: 127.0.0.1
  DEBUG: Server: Se desconectó un cliente.
  DEBUG: Server: Se desconectó un cliente.
  WARNING: Server: No se pudo enviar el mensaje.
  WARNING: Server: No se pudo enviar el mensaje.
  ===============================================
    Comienzo del Log ( 05-05-2016 a las 00:19 ) 
  ===============================================

  DEBUG: Server: Se acepto el cliente: 127.0.0.1
  DEBUG: Server: Se desconectó un cliente.
  ===============================================
    Comienzo del Log ( 05-05-2016 a las 00:19 ) 
  ===============================================

  DEBUG: Server: Se acepto el cliente: 127.0.0.1
  DEBUG: Server: Se desconectó un cliente.
  ===============================================
    Comienzo del Log ( 05-05-2016 a las 00:20 ) 
  ===============================================

  DEBUG: Server: Se acepto el cliente: 127.0.0.1
  DEBUG: Server: Se acepto el cliente: 25.18.213.155
  DEBUG: Server: Se desconectó un cliente.
  DEBUG: Server: Se desconectó un cliente.
  ===============================================
    Comienzo del Log ( 05-05-2016 a las 00:30 ) 
  ===============================================

  DEBUG: Server: Se acepto el cliente: 127.0.0.1
  DEBUG: Server: Se desconectó un cliente.
  ===============================================
    Comienzo del Log ( 05-05-2016 a las 00:33 ) 
  ===============================================

  DEBUG: Server: Se acepto el cliente: 127.0.0.1
  DEBUG: Server: Se desconectó un cliente.
  ===============================================
    Comienzo del Log ( 05-05-2016 a las 00:38 ) 
  ===============================================

  DEBUG: Server: Se acepto el cliente: 127.0.0.1
  DEBUG: Server: Se desconectó un cliente.
  ===============================================
    Comienzo del Log ( 05-05-2016 a las 00:40 ) 
  ===============================================

  DEBUG: Server: Se acepto el cliente: 127.0.0.1
  DEBUG: Server: Se desconectó un cliente.
  ===============================================
    Comienzo del Log ( 05-05-2016 a las 00:41 ) 
  ===============================================

  DEBUG: Server: Se acepto el cliente: 127.0.0.1
  DEBUG: Server: Se desconectó un cliente.
  ===============================================
    Comienzo del Log ( 05-05-2016 a las 00:42 ) 
  ===============================================

  DEBUG: Server: Se acepto el cliente: 127.0.0.1
  DEBUG: Server: Se desconectó un cliente.
  ===============================================
    Comienzo del Log ( 05-05-2016 a las 00:43 ) 
  ===============================================

  DEBUG: Server: Se acepto el cliente: 127.0.0.1
  DEBUG: Server: Se desconectó un cliente.
  ===============================================
    Comienzo del Log ( 05-05-2016 a las 00:44 ) 
  ===============================================

  DEBUG: Server: Se acepto el cliente: 127.0.0.1
  DEBUG: Server: Se desconectó un cliente.
  ===============================================
    Comienzo del Log ( 05-05-2016 a las 00:46 ) 
  ===============================================

  DEBUG: Server: Se acepto el cliente: 127.0.0.1
  DEBUG: Server: Se desconectó un cliente.
  ===============================================
    Comienzo del Log ( 05-05-2016 a las 00:47 ) 
  ===============================================

  DEBUG: Server: Se acepto el cliente: 127.0.0.1
  DEBUG: Server: Se desconectó un cliente.
  ===============================================
    Comienzo del Log ( 05-05-2016 a las 00:47 ) 
  ===============================================

  DEBUG: Server: Se acepto el cliente: 127.0.0.1
  DEBUG: Server: Se desconectó un cliente.
