  ===============================================
    Comienzo del Log ( 02-05-2016 a las 02:26 ) 
  ===============================================

  WARNING: Cliente: El cliente no se pudo conectar satisfactoriamente
  WARNING: Server: No se pudo enviar el mensaje.
  WARNING: Server: No se pudo enviar el mensaje.
  WARNING: Server: No se pudo enviar el mensaje.
  WARNING: Server: No se pudo enviar el mensaje.
  WARNING: Server: No se pudo enviar el mensaje.
  WARNING: Server: No se pudo enviar el mensaje.
  WARNING: Server: No se pudo enviar el mensaje.
  WARNING: Server: No se pudo enviar el mensaje.
  WARNING: Server: No se pudo enviar el mensaje.
  WARNING: Server: No se pudo enviar el mensaje.
  WARNING: Server: No se pudo enviar el mensaje.
  WARNING: Server: No se pudo enviar el mensaje.
  WARNING: Server: No se pudo enviar el mensaje.
  WARNING: Server: No se pudo enviar el mensaje.
  WARNING: Server: No se pudo enviar el mensaje.
  WARNING: Server: No se pudo enviar el mensaje.
  WARNING: Server: No se pudo enviar el mensaje.
  WARNING: Server: No se pudo enviar el mensaje.
  WARNING: Server: No se pudo enviar el mensaje.
  WARNING: Server: No se pudo enviar el mensaje.
  WARNING: Server: No se pudo enviar el mensaje.
  WARNING: Server: No se pudo enviar el mensaje.
  WARNING: Server: No se pudo enviar el mensaje.
  WARNING: Server: No se pudo enviar el mensaje.
  WARNING: Server: No se pudo enviar el mensaje.
  WARNING: Server: No se pudo enviar el mensaje.
  WARNING: Server: No se pudo enviar el mensaje.
  WARNING: Server: No se pudo enviar el mensaje.
  WARNING: Server: No se pudo enviar el mensaje.
  WARNING: Server: No se pudo enviar el mensaje.
  WARNING: Server: No se pudo enviar el mensaje.
  WARNING: Server: No se pudo enviar el mensaje.
  WARNING: Server: No se pudo enviar el mensaje.
  WARNING: Server: No se pudo enviar el mensaje.
  WARNING: Server: No se pudo enviar el mensaje.
  WARNING: Server: No se pudo enviar el mensaje.
  WARNING: Server: No se pudo enviar el mensaje.
  WARNING: Server: No se pudo enviar el mensaje.
  WARNING: Server: No se pudo enviar el mensaje.
  WARNING: Server: No se pudo enviar el mensaje.
  WARNING: Server: No se pudo enviar el mensaje.
  WARNING: Server: No se pudo enviar el mensaje.
  WARNING: Server: No se pudo enviar el mensaje.
  WARNING: Server: No se pudo enviar el mensaje.
  WARNING: Server: No se pudo enviar el mensaje.
  WARNING: Server: No se pudo enviar el mensaje.
  WARNING: Server: No se pudo enviar el mensaje.
  WARNING: Server: No se pudo enviar el mensaje.
  WARNING: Server: No se pudo enviar el mensaje.
  WARNING: Server: No se pudo enviar el mensaje.
  WARNING: Server: No se pudo enviar el mensaje.
  WARNING: Server: No se pudo enviar el mensaje.
  WARNING: Server: No se pudo enviar el mensaje.
  WARNING: Server: No se pudo enviar el mensaje.
  WARNING: Server: No se pudo enviar el mensaje.
  WARNING: Server: No se pudo enviar el mensaje.
  WARNING: Server: No se pudo enviar el mensaje.
  WARNING: Server: No se pudo enviar el mensaje.
  WARNING: Server: No se pudo enviar el mensaje.
  WARNING: Server: No se pudo enviar el mensaje.
  WARNING: Server: No se pudo enviar el mensaje.
  WARNING: Server: No se pudo enviar el mensaje.
  WARNING: Server: No se pudo enviar el mensaje.
  WARNING: Server: No se pudo enviar el mensaje.
  WARNING: Server: No se pudo enviar el mensaje.
  WARNING: Server: No se pudo enviar el mensaje.
  WARNING: Server: No se pudo enviar el mensaje.
  WARNING: Server: No se pudo enviar el mensaje.
  WARNING: Server: No se pudo enviar el mensaje.
  WARNING: Server: No se pudo enviar el mensaje.
  WARNING: Server: No se pudo enviar el mensaje.
  WARNING: Server: No se pudo enviar el mensaje.
  WARNING: Server: No se pudo enviar el mensaje.
  WARNING: Server: No se pudo enviar el mensaje.
  WARNING: Server: No se pudo enviar el mensaje.
  WARNING: Server: No se pudo enviar el mensaje.
  WARNING: Server: No se pudo enviar el mensaje.
  WARNING: Server: No se pudo enviar el mensaje.
  WARNING: Server: No se pudo enviar el mensaje.
  WARNING: Server: No se pudo enviar el mensaje.
  WARNING: Server: No se pudo enviar el mensaje.
  WARNING: Server: No se pudo enviar el mensaje.
  WARNING: Server: No se pudo enviar el mensaje.
  WARNING: Server: No se pudo enviar el mensaje.
  WARNING: Server: No se pudo enviar el mensaje.
  WARNING: Server: No se pudo enviar el mensaje.
  WARNING: Server: No se pudo enviar el mensaje.
  WARNING: Server: No se pudo enviar el mensaje.
  WARNING: Server: No se pudo enviar el mensaje.
  WARNING: Server: No se pudo enviar el mensaje.
  WARNING: Server: No se pudo enviar el mensaje.
  WARNING: Server: No se pudo enviar el mensaje.
  WARNING: Server: No se pudo enviar el mensaje.
  WARNING: Server: No se pudo enviar el mensaje.
  WARNING: Server: No se pudo enviar el mensaje.
  WARNING: Server: No se pudo enviar el mensaje.
  WARNING: Server: No se pudo enviar el mensaje.
  WARNING: Server: No se pudo enviar el mensaje.
  WARNING: Server: No se pudo enviar el mensaje.
  WARNING: Server: No se pudo enviar el mensaje.
  WARNING: Server: No se pudo enviar el mensaje.
  WARNING: Server: No se pudo enviar el mensaje.
  WARNING: Server: No se pudo enviar el mensaje.
  WARNING: Server: No se pudo enviar el mensaje.
  WARNING: Server: No se pudo enviar el mensaje.
  WARNING: Server: No se pudo enviar el mensaje.
  ===============================================
    Comienzo del Log ( 02-05-2016 a las 23:27 ) 
  ===============================================

  ERROR: Archivo src/Utils/Default/servidor.xml dañado. Error Description: File was not found.
  ERROR: No se pudo parsear el archivo XML: src/Utils/Default/servidor.xml. 
  WARNING: No se pudo parsear el archivo XML: src/Utils/Default/servidor.xml. Se cargará el archivo default: src/Utils/Default/servidor.xml.
  ERROR: Archivo src/Utils/Default/servidor.xml dañado. Error Description: File was not found.
  ERROR: No se pudieron parsear ninguno de los archivos XML servidor.
  ===============================================
    Comienzo del Log ( 02-05-2016 a las 23:31 ) 
  ===============================================

  ERROR: Archivo src/Utils/Default/servidor.xml dañado. Error Description: File was not found.
  ERROR: No se pudo parsear el archivo XML: src/Utils/Default/servidor.xml. 
  WARNING: No se pudo parsear el archivo XML: src/Utils/Default/servidor.xml. Se cargará el archivo default: src/Utils/Default/servidor.xml.
  ERROR: Archivo src/Utils/Default/servidor.xml dañado. Error Description: File was not found.
  ERROR: No se pudieron parsear ninguno de los archivos XML servidor.
  ===============================================
    Comienzo del Log ( 02-05-2016 a las 23:37 ) 
  ===============================================

  ERROR: Archivo src/Utils/Default/servidor.xml dañado. Error Description: File was not found.
  ERROR: No se pudo parsear el archivo XML: src/Utils/Default/servidor.xml. 
  WARNING: No se pudo parsear el archivo XML: src/Utils/Default/servidor.xml. Se cargará el archivo default: src/Utils/Default/servidor.xml.
  ERROR: Archivo src/Utils/Default/servidor.xml dañado. Error Description: File was not found.
  ERROR: No se pudieron parsear ninguno de los archivos XML servidor.
  ===============================================
    Comienzo del Log ( 02-05-2016 a las 23:47 ) 
  ===============================================

  ERROR: Archivo src/Utils/Default/servidor.xml dañado. Error Description: File was not found.
  ERROR: No se pudo parsear el archivo XML: src/Utils/Default/servidor.xml. 
  WARNING: No se pudo parsear el archivo XML: src/Utils/Default/servidor.xml. Se cargará el archivo default: src/Utils/Default/servidor.xml.
  ERROR: Archivo src/Utils/Default/servidor.xml dañado. Error Description: File was not found.
  ERROR: No se pudieron parsear ninguno de los archivos XML servidor.
  ===============================================
    Comienzo del Log ( 02-05-2016 a las 23:56 ) 
  ===============================================

  ERROR: Archivo src/Utils/Default/servidor.xml dañado. Error Description: File was not found.
  ERROR: No se pudo parsear el archivo XML: src/Utils/Default/servidor.xml. 
  WARNING: No se pudo parsear el archivo XML: src/Utils/Default/servidor.xml. Se cargará el archivo default: src/Utils/Default/servidor.xml.
  ERROR: Archivo src/Utils/Default/servidor.xml dañado. Error Description: File was not found.
  ERROR: No se pudieron parsear ninguno de los archivos XML servidor.
  ===============================================
    Comienzo del Log ( 02-05-2016 a las 23:57 ) 
  ===============================================

  ERROR: Archivo src/Utils/Default/servidor.xml dañado. Error Description: File was not found.
  ERROR: No se pudo parsear el archivo XML: src/Utils/Default/servidor.xml. 
  WARNING: No se pudo parsear el archivo XML: src/Utils/Default/servidor.xml. Se cargará el archivo default: src/Utils/Default/servidor.xml.
  ERROR: Archivo src/Utils/Default/servidor.xml dañado. Error Description: File was not found.
  ERROR: No se pudieron parsear ninguno de los archivos XML servidor.
  DEBUG: Server: Se acepto el cliente: 127.0.0.1
  DEBUG: Server: Se desconectó un cliente.
