  ===============================================
    Comienzo del Log ( 04-05-2016 a las 00:18 ) 
  ===============================================

  ERROR: Archivo src/Utils/Default/servidor.xml dañado. Error Description: File was not found.
  ERROR: No se pudo parsear el archivo XML: src/Utils/Default/servidor.xml. 
  WARNING: No se pudo parsear el archivo XML: src/Utils/Default/servidor.xml. Se cargará el archivo default: src/Utils/Default/servidor.xml.
  ERROR: Archivo src/Utils/Default/servidor.xml dañado. Error Description: File was not found.
  ERROR: No se pudieron parsear ninguno de los archivos XML servidor.
  ===============================================
    Comienzo del Log ( 04-05-2016 a las 00:20 ) 
  ===============================================

  DEBUG: Server: Se acepto el cliente: 127.0.0.1
  DEBUG: Server: Se desconectó un cliente.
  ===============================================
    Comienzo del Log ( 04-05-2016 a las 00:27 ) 
  ===============================================

  ===============================================
    Comienzo del Log ( 04-05-2016 a las 00:28 ) 
  ===============================================

  DEBUG: Server: Se acepto el cliente: 127.0.0.1
  DEBUG: Server: Se desconectó un cliente.
  ===============================================
    Comienzo del Log ( 04-05-2016 a las 00:39 ) 
  ===============================================

  DEBUG: Server: Se acepto el cliente: 127.0.0.1
  DEBUG: Server: Se desconectó un cliente.
  ===============================================
    Comienzo del Log ( 04-05-2016 a las 00:57 ) 
  ===============================================

  DEBUG: Server: Se acepto el cliente: 127.0.0.1
  DEBUG: Server: Se desconectó un cliente.
  ===============================================
    Comienzo del Log ( 04-05-2016 a las 01:02 ) 
  ===============================================

  DEBUG: Server: Se acepto el cliente: 127.0.0.1
  DEBUG: Server: Se desconectó un cliente.
  ===============================================
    Comienzo del Log ( 04-05-2016 a las 01:09 ) 
  ===============================================

  DEBUG: Server: Se acepto el cliente: 127.0.0.1
  DEBUG: Server: Se desconectó un cliente.
  ===============================================
    Comienzo del Log ( 04-05-2016 a las 01:16 ) 
  ===============================================

  ===============================================
    Comienzo del Log ( 04-05-2016 a las 01:16 ) 
  ===============================================

  DEBUG: Server: Se acepto el cliente: 127.0.0.1
  DEBUG: Server: Se desconectó un cliente.
  ===============================================
    Comienzo del Log ( 04-05-2016 a las 01:17 ) 
  ===============================================

  DEBUG: Server: Se acepto el cliente: 127.0.0.1
  DEBUG: Server: Se desconectó un cliente.
  ===============================================
    Comienzo del Log ( 04-05-2016 a las 01:20 ) 
  ===============================================

  DEBUG: Server: Se acepto el cliente: 127.0.0.1
  DEBUG: Server: Se desconectó un cliente.
  ===============================================
    Comienzo del Log ( 04-05-2016 a las 01:21 ) 
  ===============================================

  DEBUG: Server: Se acepto el cliente: 127.0.0.1
  DEBUG: Server: Se desconectó un cliente.
  ===============================================
    Comienzo del Log ( 04-05-2016 a las 01:31 ) 
  ===============================================

  DEBUG: Server: Se acepto el cliente: 127.0.0.1
  DEBUG: Server: Se desconectó un cliente.
  ===============================================
    Comienzo del Log ( 04-05-2016 a las 01:35 ) 
  ===============================================

  DEBUG: Server: Se acepto el cliente: 127.0.0.1
  DEBUG: Server: Se desconectó un cliente.
  ===============================================
    Comienzo del Log ( 04-05-2016 a las 01:38 ) 
  ===============================================

  DEBUG: Server: Se acepto el cliente: 127.0.0.1
  DEBUG: Server: Se desconectó un cliente.
  ===============================================
    Comienzo del Log ( 04-05-2016 a las 01:41 ) 
  ===============================================

  DEBUG: Server: Se acepto el cliente: 127.0.0.1
  DEBUG: Server: Se desconectó un cliente.
  ===============================================
    Comienzo del Log ( 04-05-2016 a las 01:41 ) 
  ===============================================

  DEBUG: Server: Se acepto el cliente: 127.0.0.1
  DEBUG: Server: Se desconectó un cliente.
  ===============================================
    Comienzo del Log ( 04-05-2016 a las 01:42 ) 
  ===============================================

  DEBUG: Server: Se acepto el cliente: 127.0.0.1
  DEBUG: Server: Se desconectó un cliente.
  ===============================================
    Comienzo del Log ( 04-05-2016 a las 01:42 ) 
  ===============================================

  DEBUG: Server: Se acepto el cliente: 127.0.0.1
  DEBUG: Server: Se desconectó un cliente.
  ===============================================
    Comienzo del Log ( 04-05-2016 a las 01:43 ) 
  ===============================================

  DEBUG: Server: Se acepto el cliente: 127.0.0.1
  DEBUG: Server: Se desconectó un cliente.
  ===============================================
    Comienzo del Log ( 04-05-2016 a las 01:44 ) 
  ===============================================

  DEBUG: Server: Se acepto el cliente: 127.0.0.1
  DEBUG: Server: Se desconectó un cliente.
  ===============================================
    Comienzo del Log ( 04-05-2016 a las 01:47 ) 
  ===============================================

  ===============================================
    Comienzo del Log ( 04-05-2016 a las 01:47 ) 
  ===============================================

  DEBUG: Server: Se acepto el cliente: 127.0.0.1
  DEBUG: Server: Se desconectó un cliente.
  ===============================================
    Comienzo del Log ( 04-05-2016 a las 01:48 ) 
  ===============================================

  DEBUG: Server: Se acepto el cliente: 127.0.0.1
  DEBUG: Server: Se desconectó un cliente.
  ===============================================
    Comienzo del Log ( 04-05-2016 a las 01:53 ) 
  ===============================================

  DEBUG: Server: Se acepto el cliente: 127.0.0.1
  DEBUG: Server: Se desconectó un cliente.
  ===============================================
    Comienzo del Log ( 04-05-2016 a las 01:55 ) 
  ===============================================

  DEBUG: Server: Se acepto el cliente: 127.0.0.1
  DEBUG: Server: Se desconectó un cliente.
  ===============================================
    Comienzo del Log ( 04-05-2016 a las 01:56 ) 
  ===============================================

  DEBUG: Server: Se acepto el cliente: 127.0.0.1
  DEBUG: Server: Se desconectó un cliente.
  ===============================================
    Comienzo del Log ( 04-05-2016 a las 14:16 ) 
  ===============================================

  DEBUG: Server: Se acepto el cliente: 127.0.0.1
  DEBUG: Server: Se desconectó un cliente.
  ===============================================
    Comienzo del Log ( 04-05-2016 a las 14:23 ) 
  ===============================================

  ===============================================
    Comienzo del Log ( 04-05-2016 a las 14:23 ) 
  ===============================================

  DEBUG: Server: Se acepto el cliente: 127.0.0.1
  DEBUG: Server: Se desconectó un cliente.
  ===============================================
    Comienzo del Log ( 04-05-2016 a las 14:26 ) 
  ===============================================

  DEBUG: Server: Se acepto el cliente: 127.0.0.1
  DEBUG: Server: Se desconectó un cliente.
  ===============================================
    Comienzo del Log ( 04-05-2016 a las 14:31 ) 
  ===============================================

  DEBUG: Server: Se acepto el cliente: 127.0.0.1
  DEBUG: Server: Se desconectó un cliente.
  ===============================================
    Comienzo del Log ( 04-05-2016 a las 14:35 ) 
  ===============================================

  DEBUG: Server: Se acepto el cliente: 127.0.0.1
  DEBUG: Server: Se desconectó un cliente.
  ===============================================
    Comienzo del Log ( 04-05-2016 a las 14:53 ) 
  ===============================================

  DEBUG: Server: Se acepto el cliente: 127.0.0.1
  DEBUG: Server: Se desconectó un cliente.
  ===============================================
    Comienzo del Log ( 04-05-2016 a las 14:59 ) 
  ===============================================

  DEBUG: Server: Se acepto el cliente: 127.0.0.1
  DEBUG: Server: Se desconectó un cliente.
  ===============================================
    Comienzo del Log ( 04-05-2016 a las 14:59 ) 
  ===============================================

  DEBUG: Server: Se acepto el cliente: 127.0.0.1
  DEBUG: Server: Se desconectó un cliente.
  ===============================================
    Comienzo del Log ( 04-05-2016 a las 15:01 ) 
  ===============================================

  DEBUG: Server: Se acepto el cliente: 127.0.0.1
  DEBUG: Server: Se desconectó un cliente.
  ===============================================
    Comienzo del Log ( 04-05-2016 a las 15:01 ) 
  ===============================================

  DEBUG: Server: Se acepto el cliente: 127.0.0.1
  WARNING: Server: No se pudo enviar el mensaje.
  DEBUG: Server: Se desconectó un cliente.
  ===============================================
    Comienzo del Log ( 04-05-2016 a las 15:02 ) 
  ===============================================

  DEBUG: Server: Se acepto el cliente: 127.0.0.1
  DEBUG: Server: Se desconectó un cliente.
  ===============================================
    Comienzo del Log ( 04-05-2016 a las 15:02 ) 
  ===============================================

  DEBUG: Server: Se acepto el cliente: 127.0.0.1
  DEBUG: Server: Se desconectó un cliente.
  ===============================================
    Comienzo del Log ( 04-05-2016 a las 15:03 ) 
  ===============================================

  DEBUG: Server: Se acepto el cliente: 127.0.0.1
  DEBUG: Server: Se desconectó un cliente.
  ===============================================
    Comienzo del Log ( 04-05-2016 a las 15:05 ) 
  ===============================================

  DEBUG: Server: Se acepto el cliente: 127.0.0.1
  DEBUG: Server: Se desconectó un cliente.
  ===============================================
    Comienzo del Log ( 04-05-2016 a las 15:07 ) 
  ===============================================

  DEBUG: Server: Se acepto el cliente: 127.0.0.1
  DEBUG: Server: Se desconectó un cliente.
  ===============================================
    Comienzo del Log ( 04-05-2016 a las 15:08 ) 
  ===============================================

  DEBUG: Server: Se acepto el cliente: 127.0.0.1
  DEBUG: Server: Se desconectó un cliente.
  ===============================================
    Comienzo del Log ( 04-05-2016 a las 15:09 ) 
  ===============================================

  DEBUG: Server: Se acepto el cliente: 127.0.0.1
  DEBUG: Server: Se desconectó un cliente.
  ===============================================
    Comienzo del Log ( 04-05-2016 a las 15:09 ) 
  ===============================================

  DEBUG: Server: Se acepto el cliente: 127.0.0.1
  DEBUG: Server: Se desconectó un cliente.
  ===============================================
    Comienzo del Log ( 04-05-2016 a las 15:11 ) 
  ===============================================

  DEBUG: Server: Se acepto el cliente: 127.0.0.1
  DEBUG: Server: Se desconectó un cliente.
  ===============================================
    Comienzo del Log ( 04-05-2016 a las 15:14 ) 
  ===============================================

  DEBUG: Server: Se acepto el cliente: 127.0.0.1
  DEBUG: Server: Se desconectó un cliente.
  ===============================================
    Comienzo del Log ( 04-05-2016 a las 15:16 ) 
  ===============================================

  DEBUG: Server: Se acepto el cliente: 127.0.0.1
  DEBUG: Server: Se desconectó un cliente.
  ===============================================
    Comienzo del Log ( 04-05-2016 a las 15:18 ) 
  ===============================================

  DEBUG: Server: Se acepto el cliente: 127.0.0.1
  DEBUG: Server: Se desconectó un cliente.
  ===============================================
    Comienzo del Log ( 04-05-2016 a las 15:19 ) 
  ===============================================

  DEBUG: Server: Se acepto el cliente: 127.0.0.1
  DEBUG: Server: Se desconectó un cliente.
  ===============================================
    Comienzo del Log ( 04-05-2016 a las 15:24 ) 
  ===============================================

  DEBUG: Server: Se acepto el cliente: 127.0.0.1
  DEBUG: Server: Se desconectó un cliente.
  ===============================================
    Comienzo del Log ( 04-05-2016 a las 15:26 ) 
  ===============================================

  DEBUG: Server: Se acepto el cliente: 127.0.0.1
  DEBUG: Server: Se desconectó un cliente.
  ===============================================
    Comienzo del Log ( 04-05-2016 a las 15:26 ) 
  ===============================================

  ===============================================
    Comienzo del Log ( 04-05-2016 a las 15:27 ) 
  ===============================================

  DEBUG: Server: Se acepto el cliente: 127.0.0.1
  DEBUG: Server: Se desconectó un cliente.
  ===============================================
    Comienzo del Log ( 04-05-2016 a las 15:30 ) 
  ===============================================

  DEBUG: Server: Se acepto el cliente: 127.0.0.1
  DEBUG: Server: Se desconectó un cliente.
  ===============================================
    Comienzo del Log ( 04-05-2016 a las 15:33 ) 
  ===============================================

  DEBUG: Server: Se acepto el cliente: 127.0.0.1
  DEBUG: Server: Se desconectó un cliente.
  ===============================================
    Comienzo del Log ( 04-05-2016 a las 15:34 ) 
  ===============================================

  DEBUG: Server: Se acepto el cliente: 127.0.0.1
  DEBUG: Server: Se desconectó un cliente.
  ===============================================
    Comienzo del Log ( 04-05-2016 a las 15:39 ) 
  ===============================================

  DEBUG: Server: Se acepto el cliente: 127.0.0.1
  DEBUG: Server: Se desconectó un cliente.
  ===============================================
    Comienzo del Log ( 04-05-2016 a las 15:41 ) 
  ===============================================

  DEBUG: Server: Se acepto el cliente: 127.0.0.1
  DEBUG: Server: Se desconectó un cliente.
  ===============================================
    Comienzo del Log ( 04-05-2016 a las 15:43 ) 
  ===============================================

  DEBUG: Server: Se acepto el cliente: 127.0.0.1
  DEBUG: Server: Se desconectó un cliente.
  ===============================================
    Comienzo del Log ( 04-05-2016 a las 15:44 ) 
  ===============================================

  DEBUG: Server: Se acepto el cliente: 127.0.0.1
  DEBUG: Server: Se desconectó un cliente.
  ===============================================
    Comienzo del Log ( 04-05-2016 a las 15:45 ) 
  ===============================================

  DEBUG: Server: Se acepto el cliente: 127.0.0.1
  DEBUG: Server: Se desconectó un cliente.
  ===============================================
    Comienzo del Log ( 04-05-2016 a las 15:47 ) 
  ===============================================

  DEBUG: Server: Se acepto el cliente: 127.0.0.1
  DEBUG: Server: Se desconectó un cliente.
  ===============================================
    Comienzo del Log ( 04-05-2016 a las 15:49 ) 
  ===============================================

  DEBUG: Server: Se acepto el cliente: 127.0.0.1
  DEBUG: Server: Se desconectó un cliente.
  ===============================================
    Comienzo del Log ( 04-05-2016 a las 15:55 ) 
  ===============================================

  ===============================================
    Comienzo del Log ( 04-05-2016 a las 15:57 ) 
  ===============================================

  DEBUG: Server: Se acepto el cliente: 127.0.0.1
  DEBUG: Server: Se desconectó un cliente.
  ===============================================
    Comienzo del Log ( 04-05-2016 a las 15:59 ) 
  ===============================================

  DEBUG: Server: Se acepto el cliente: 127.0.0.1
  DEBUG: Server: Se desconectó un cliente.
  ===============================================
    Comienzo del Log ( 04-05-2016 a las 16:10 ) 
  ===============================================

  DEBUG: Server: Se acepto el cliente: 127.0.0.1
  DEBUG: Server: Se desconectó un cliente.
  ===============================================
    Comienzo del Log ( 04-05-2016 a las 16:12 ) 
  ===============================================

  DEBUG: Server: Se acepto el cliente: 127.0.0.1
  DEBUG: Server: Se desconectó un cliente.
  ===============================================
    Comienzo del Log ( 04-05-2016 a las 16:20 ) 
  ===============================================

  DEBUG: Server: Se acepto el cliente: 127.0.0.1
  DEBUG: Server: Se desconectó un cliente.
  ===============================================
    Comienzo del Log ( 04-05-2016 a las 16:29 ) 
  ===============================================

  DEBUG: Server: Se acepto el cliente: 127.0.0.1
  DEBUG: Server: Se desconectó un cliente.
  ===============================================
    Comienzo del Log ( 04-05-2016 a las 16:40 ) 
  ===============================================

  DEBUG: Server: Se acepto el cliente: 127.0.0.1
  DEBUG: Server: Se desconectó un cliente.
  ===============================================
    Comienzo del Log ( 04-05-2016 a las 16:41 ) 
  ===============================================

  DEBUG: Server: Se acepto el cliente: 127.0.0.1
  DEBUG: Server: Se desconectó un cliente.
  ===============================================
    Comienzo del Log ( 04-05-2016 a las 16:42 ) 
  ===============================================

  DEBUG: Server: Se acepto el cliente: 127.0.0.1
  DEBUG: Server: Se desconectó un cliente.
  ===============================================
    Comienzo del Log ( 04-05-2016 a las 17:21 ) 
  ===============================================

  DEBUG: Server: Se acepto el cliente: 127.0.0.1
  DEBUG: Server: Se desconectó un cliente.
  ===============================================
    Comienzo del Log ( 04-05-2016 a las 17:24 ) 
  ===============================================

  DEBUG: Server: Se acepto el cliente: 127.0.0.1
  DEBUG: Server: Se desconectó un cliente.
  ===============================================
    Comienzo del Log ( 04-05-2016 a las 17:27 ) 
  ===============================================

  DEBUG: Server: Se acepto el cliente: 127.0.0.1
  DEBUG: Server: Se desconectó un cliente.
  ===============================================
    Comienzo del Log ( 04-05-2016 a las 17:41 ) 
  ===============================================

  DEBUG: Server: Se acepto el cliente: 127.0.0.1
  DEBUG: Server: Se desconectó un cliente.
  ===============================================
    Comienzo del Log ( 04-05-2016 a las 17:45 ) 
  ===============================================

  DEBUG: Server: Se acepto el cliente: 127.0.0.1
  DEBUG: Server: Se desconectó un cliente.
  ===============================================
    Comienzo del Log ( 04-05-2016 a las 17:46 ) 
  ===============================================

  DEBUG: Server: Se acepto el cliente: 127.0.0.1
  DEBUG: Server: Se desconectó un cliente.
  ===============================================
    Comienzo del Log ( 04-05-2016 a las 18:00 ) 
  ===============================================

  DEBUG: Server: Se acepto el cliente: 127.0.0.1
  DEBUG: Server: Se desconectó un cliente.
  ===============================================
    Comienzo del Log ( 04-05-2016 a las 18:14 ) 
  ===============================================

  DEBUG: Server: Se acepto el cliente: 127.0.0.1
  DEBUG: Server: Se desconectó un cliente.
  ===============================================
    Comienzo del Log ( 04-05-2016 a las 18:18 ) 
  ===============================================

  DEBUG: Server: Se acepto el cliente: 127.0.0.1
  DEBUG: Server: Se desconectó un cliente.
  ===============================================
    Comienzo del Log ( 04-05-2016 a las 18:18 ) 
  ===============================================

  DEBUG: Server: Se acepto el cliente: 127.0.0.1
  DEBUG: Server: Se desconectó un cliente.
  ===============================================
    Comienzo del Log ( 04-05-2016 a las 18:18 ) 
  ===============================================

  DEBUG: Server: Se acepto el cliente: 127.0.0.1
  DEBUG: Server: Se desconectó un cliente.
  ===============================================
    Comienzo del Log ( 04-05-2016 a las 18:19 ) 
  ===============================================

  DEBUG: Server: Se acepto el cliente: 127.0.0.1
  DEBUG: Server: Se desconectó un cliente.
  ===============================================
    Comienzo del Log ( 04-05-2016 a las 18:21 ) 
  ===============================================

  DEBUG: Server: Se acepto el cliente: 127.0.0.1
  DEBUG: Server: Se desconectó un cliente.
  ===============================================
    Comienzo del Log ( 04-05-2016 a las 18:22 ) 
  ===============================================

  ===============================================
    Comienzo del Log ( 04-05-2016 a las 18:22 ) 
  ===============================================

  DEBUG: Server: Se acepto el cliente: 127.0.0.1
  DEBUG: Server: Se acepto el cliente: 127.0.0.1
  DEBUG: Server: Se desconectó un cliente.
  DEBUG: Server: Se desconectó un cliente.
  ===============================================
    Comienzo del Log ( 04-05-2016 a las 18:26 ) 
  ===============================================

  DEBUG: Server: Se acepto el cliente: 127.0.0.1
  DEBUG: Server: Se acepto el cliente: 127.0.0.1
  DEBUG: Server: Se desconectó un cliente.
  DEBUG: Server: Se desconectó un cliente.
  ===============================================
    Comienzo del Log ( 04-05-2016 a las 18:27 ) 
  ===============================================

  DEBUG: Server: Se acepto el cliente: 127.0.0.1
  DEBUG: Server: Se acepto el cliente: 127.0.0.1
  DEBUG: Server: Se desconectó un cliente.
  DEBUG: Server: Se desconectó un cliente.
  ===============================================
    Comienzo del Log ( 04-05-2016 a las 18:29 ) 
  ===============================================

  ===============================================
    Comienzo del Log ( 04-05-2016 a las 18:29 ) 
  ===============================================

  DEBUG: Server: Se acepto el cliente: 127.0.0.1
  DEBUG: Server: Se desconectó un cliente.
  ===============================================
    Comienzo del Log ( 04-05-2016 a las 18:30 ) 
  ===============================================

  DEBUG: Server: Se acepto el cliente: 127.0.0.1
  DEBUG: Server: Se desconectó un cliente.
  ===============================================
    Comienzo del Log ( 04-05-2016 a las 18:30 ) 
  ===============================================

  DEBUG: Server: Se acepto el cliente: 127.0.0.1
  DEBUG: Server: Se desconectó un cliente.
  ===============================================
    Comienzo del Log ( 04-05-2016 a las 18:30 ) 
  ===============================================

  DEBUG: Server: Se acepto el cliente: 127.0.0.1
  DEBUG: Server: Se desconectó un cliente.
  ===============================================
    Comienzo del Log ( 04-05-2016 a las 18:31 ) 
  ===============================================

  DEBUG: Server: Se acepto el cliente: 127.0.0.1
  DEBUG: Server: Se desconectó un cliente.
  ===============================================
    Comienzo del Log ( 04-05-2016 a las 18:31 ) 
  ===============================================

  DEBUG: Server: Se acepto el cliente: 127.0.0.1
  DEBUG: Server: Se desconectó un cliente.
  ===============================================
    Comienzo del Log ( 04-05-2016 a las 18:31 ) 
  ===============================================

  DEBUG: Server: Se acepto el cliente: 127.0.0.1
  DEBUG: Server: Se desconectó un cliente.
  ===============================================
    Comienzo del Log ( 04-05-2016 a las 18:32 ) 
  ===============================================

  DEBUG: Server: Se acepto el cliente: 127.0.0.1
  DEBUG: Server: Se acepto el cliente: 127.0.0.1
  DEBUG: Server: Se desconectó un cliente.
  DEBUG: Server: Se desconectó un cliente.
  ===============================================
    Comienzo del Log ( 04-05-2016 a las 18:32 ) 
  ===============================================

  DEBUG: Server: Se acepto el cliente: 127.0.0.1
  DEBUG: Server: Se desconectó un cliente.
  ===============================================
    Comienzo del Log ( 04-05-2016 a las 18:40 ) 
  ===============================================

  DEBUG: Server: Se acepto el cliente: 127.0.0.1
  DEBUG: Server: Se desconectó un cliente.
  DEBUG: Server: Se acepto el cliente: 127.0.0.1
  DEBUG: Server: Se desconectó un cliente.
  ===============================================
    Comienzo del Log ( 04-05-2016 a las 18:44 ) 
  ===============================================

  DEBUG: Server: Se acepto el cliente: 127.0.0.1
  DEBUG: Server: Se desconectó un cliente.
  ===============================================
    Comienzo del Log ( 04-05-2016 a las 18:47 ) 
  ===============================================

  DEBUG: Server: Se acepto el cliente: 127.0.0.1
  DEBUG: Server: Se desconectó un cliente.
  ===============================================
    Comienzo del Log ( 04-05-2016 a las 18:47 ) 
  ===============================================

  DEBUG: Server: Se acepto el cliente: 127.0.0.1
  DEBUG: Server: Se desconectó un cliente.
  ===============================================
    Comienzo del Log ( 04-05-2016 a las 18:48 ) 
  ===============================================

  DEBUG: Server: Se acepto el cliente: 127.0.0.1
  DEBUG: Server: Se desconectó un cliente.
  ===============================================
    Comienzo del Log ( 04-05-2016 a las 19:18 ) 
  ===============================================

  DEBUG: Server: Se acepto el cliente: 127.0.0.1
  DEBUG: Server: Se desconectó un cliente.
  ===============================================
    Comienzo del Log ( 04-05-2016 a las 19:19 ) 
  ===============================================

  DEBUG: Server: Se acepto el cliente: 127.0.0.1
  DEBUG: Server: Se desconectó un cliente.
  ===============================================
    Comienzo del Log ( 04-05-2016 a las 19:22 ) 
  ===============================================

  DEBUG: Server: Se acepto el cliente: 127.0.0.1
  DEBUG: Server: Se desconectó un cliente.
  ===============================================
    Comienzo del Log ( 04-05-2016 a las 19:23 ) 
  ===============================================

  DEBUG: Server: Se acepto el cliente: 127.0.0.1
  DEBUG: Server: Se desconectó un cliente.
  ===============================================
    Comienzo del Log ( 04-05-2016 a las 19:25 ) 
  ===============================================

  DEBUG: Server: Se acepto el cliente: 127.0.0.1
  DEBUG: Server: Se acepto el cliente: 127.0.0.1
  DEBUG: Server: Se desconectó un cliente.
  DEBUG: Server: Se desconectó un cliente.
  ===============================================
    Comienzo del Log ( 04-05-2016 a las 19:26 ) 
  ===============================================

  DEBUG: Server: Se acepto el cliente: 127.0.0.1
  DEBUG: Server: Se desconectó un cliente.
  ===============================================
    Comienzo del Log ( 04-05-2016 a las 19:26 ) 
  ===============================================

  DEBUG: Server: Se acepto el cliente: 127.0.0.1
  DEBUG: Server: Se desconectó un cliente.
  ===============================================
    Comienzo del Log ( 04-05-2016 a las 19:27 ) 
  ===============================================

  DEBUG: Server: Se acepto el cliente: 127.0.0.1
  DEBUG: Server: Se desconectó un cliente.
  ===============================================
    Comienzo del Log ( 04-05-2016 a las 19:35 ) 
  ===============================================

  DEBUG: Server: Se acepto el cliente: 127.0.0.1
  DEBUG: Server: Se acepto el cliente: 127.0.0.1
  DEBUG: Server: Se acepto el cliente: 127.0.0.1
  DEBUG: Server: Se desconectó un cliente.
  DEBUG: Server: Se acepto el cliente: 127.0.0.1
  DEBUG: Server: Se desconectó un cliente.
  DEBUG: Server: Se desconectó un cliente.
  DEBUG: Server: Se desconectó un cliente.
  ===============================================
    Comienzo del Log ( 04-05-2016 a las 19:42 ) 
  ===============================================

  DEBUG: Server: Se acepto el cliente: 127.0.0.1
  DEBUG: Server: Se desconectó un cliente.
  ===============================================
    Comienzo del Log ( 04-05-2016 a las 19:48 ) 
  ===============================================

  DEBUG: Server: Se acepto el cliente: 127.0.0.1
  DEBUG: Server: Se desconectó un cliente.
  ===============================================
    Comienzo del Log ( 04-05-2016 a las 19:59 ) 
  ===============================================

  DEBUG: Server: Se acepto el cliente: 127.0.0.1
  DEBUG: Server: Se desconectó un cliente.
  ===============================================
    Comienzo del Log ( 04-05-2016 a las 20:10 ) 
  ===============================================

  DEBUG: Server: Se acepto el cliente: 127.0.0.1
  DEBUG: Server: Se desconectó un cliente.
  DEBUG: Server: Se acepto el cliente: 127.0.0.1
  DEBUG: Server: Se acepto el cliente: 127.0.0.1
  DEBUG: Server: Se desconectó un cliente.
  DEBUG: Server: Se desconectó un cliente.
  ===============================================
    Comienzo del Log ( 04-05-2016 a las 21:52 ) 
  ===============================================

  DEBUG: Server: Se acepto el cliente: 127.0.0.1
  DEBUG: Server: Se desconectó un cliente.
  ===============================================
    Comienzo del Log ( 04-05-2016 a las 21:52 ) 
  ===============================================

  DEBUG: Server: Se acepto el cliente: 127.0.0.1
  DEBUG: Server: Se desconectó un cliente.
  ===============================================
    Comienzo del Log ( 04-05-2016 a las 21:53 ) 
  ===============================================

  DEBUG: Server: Se acepto el cliente: 127.0.0.1
  DEBUG: Server: Se desconectó un cliente.
  ===============================================
    Comienzo del Log ( 04-05-2016 a las 21:54 ) 
  ===============================================

  DEBUG: Server: Se acepto el cliente: 127.0.0.1
  ===============================================
    Comienzo del Log ( 04-05-2016 a las 21:55 ) 
  ===============================================

  DEBUG: Server: Se acepto el cliente: 127.0.0.1
  ===============================================
    Comienzo del Log ( 04-05-2016 a las 21:55 ) 
  ===============================================

  DEBUG: Server: Se acepto el cliente: 127.0.0.1
  ===============================================
    Comienzo del Log ( 04-05-2016 a las 21:56 ) 
  ===============================================

  DEBUG: Server: Se acepto el cliente: 127.0.0.1
  ===============================================
    Comienzo del Log ( 04-05-2016 a las 21:57 ) 
  ===============================================

  DEBUG: Server: Se acepto el cliente: 127.0.0.1
  DEBUG: Server: Se acepto el cliente: 127.0.0.1
  DEBUG: Server: Se desconectó un cliente.
  DEBUG: Server: Se desconectó un cliente.
  ===============================================
    Comienzo del Log ( 04-05-2016 a las 21:58 ) 
  ===============================================

  DEBUG: Server: Se acepto el cliente: 127.0.0.1
  DEBUG: Server: Se desconectó un cliente.
  ===============================================
    Comienzo del Log ( 04-05-2016 a las 22:15 ) 
  ===============================================

  DEBUG: Server: Se acepto el cliente: 127.0.0.1
  DEBUG: Server: Se desconectó un cliente.
  ===============================================
    Comienzo del Log ( 04-05-2016 a las 22:17 ) 
  ===============================================

  DEBUG: Server: Se acepto el cliente: 127.0.0.1
  DEBUG: Server: Se acepto el cliente: 127.0.0.1
  DEBUG: Server: Se desconectó un cliente.
  DEBUG: Server: Se desconectó un cliente.
  ===============================================
    Comienzo del Log ( 04-05-2016 a las 22:20 ) 
  ===============================================

  DEBUG: Server: Se acepto el cliente: 127.0.0.1
  DEBUG: Server: Se desconectó un cliente.
  ===============================================
    Comienzo del Log ( 04-05-2016 a las 22:27 ) 
  ===============================================

  DEBUG: Server: Se acepto el cliente: 127.0.0.1
  DEBUG: Server: Se acepto el cliente: 127.0.0.1
  DEBUG: Server: Se desconectó un cliente.
  DEBUG: Server: Se desconectó un cliente.
  ===============================================
    Comienzo del Log ( 04-05-2016 a las 22:28 ) 
  ===============================================

  DEBUG: Server: Se acepto el cliente: 127.0.0.1
  DEBUG: Server: Se acepto el cliente: 25.111.229.253
  DEBUG: Server: Se desconectó un cliente.
  DEBUG: Server: Se desconectó un cliente.
  ===============================================
    Comienzo del Log ( 04-05-2016 a las 22:30 ) 
  ===============================================

  DEBUG: Server: Se acepto el cliente: 127.0.0.1
  DEBUG: Server: Se acepto el cliente: 25.111.229.253
  DEBUG: Server: Se desconectó un cliente.
  DEBUG: Server: Se desconectó un cliente.
  ===============================================
    Comienzo del Log ( 04-05-2016 a las 22:32 ) 
  ===============================================

  DEBUG: Server: Se acepto el cliente: 127.0.0.1
  DEBUG: Server: Se desconectó un cliente.
  ===============================================
    Comienzo del Log ( 04-05-2016 a las 22:37 ) 
  ===============================================

  ===============================================
    Comienzo del Log ( 04-05-2016 a las 22:37 ) 
  ===============================================

  DEBUG: Server: Se acepto el cliente: 127.0.0.1
  DEBUG: Server: Se desconectó un cliente.
  ===============================================
    Comienzo del Log ( 04-05-2016 a las 22:39 ) 
  ===============================================

  DEBUG: Server: Se acepto el cliente: 127.0.0.1
  DEBUG: Server: Se desconectó un cliente.
  ===============================================
    Comienzo del Log ( 04-05-2016 a las 22:40 ) 
  ===============================================

  DEBUG: Server: Se acepto el cliente: 25.111.229.253
  DEBUG: Server: Se desconectó un cliente.
  ===============================================
    Comienzo del Log ( 04-05-2016 a las 22:41 ) 
  ===============================================

  DEBUG: Server: Se acepto el cliente: 127.0.0.1
  DEBUG: Server: Se desconectó un cliente.
  ===============================================
    Comienzo del Log ( 04-05-2016 a las 22:44 ) 
  ===============================================

  DEBUG: Server: Se acepto el cliente: 127.0.0.1
  DEBUG: Server: Se desconectó un cliente.
  ===============================================
    Comienzo del Log ( 04-05-2016 a las 22:47 ) 
  ===============================================

  DEBUG: Server: Se acepto el cliente: 25.111.229.253
  DEBUG: Server: Se acepto el cliente: 127.0.0.1
  DEBUG: Server: Se desconectó un cliente.
  DEBUG: Server: Se desconectó un cliente.
  ===============================================
    Comienzo del Log ( 04-05-2016 a las 22:49 ) 
  ===============================================

  DEBUG: Server: Se acepto el cliente: 25.111.229.253
  DEBUG: Server: Se acepto el cliente: 127.0.0.1
  DEBUG: Server: Se desconectó un cliente.
  DEBUG: Server: Se desconectó un cliente.
  ===============================================
    Comienzo del Log ( 04-05-2016 a las 22:50 ) 
  ===============================================

  DEBUG: Server: Se acepto el cliente: 127.0.0.1
  DEBUG: Server: Se acepto el cliente: 25.111.229.253
  DEBUG: Server: Se desconectó un cliente.
  DEBUG: Server: Se desconectó un cliente.
  ===============================================
    Comienzo del Log ( 04-05-2016 a las 22:52 ) 
  ===============================================

  DEBUG: Server: Se acepto el cliente: 25.111.229.253
  DEBUG: Server: Se acepto el cliente: 25.18.213.155
  DEBUG: Server: Se desconectó un cliente.
  DEBUG: Server: Se desconectó un cliente.
  ===============================================
    Comienzo del Log ( 04-05-2016 a las 22:54 ) 
  ===============================================

  DEBUG: Server: Se acepto el cliente: 25.111.229.253
  DEBUG: Server: Se desconectó un cliente.
  ===============================================
    Comienzo del Log ( 04-05-2016 a las 23:12 ) 
  ===============================================

  ===============================================
    Comienzo del Log ( 04-05-2016 a las 23:12 ) 
  ===============================================

  DEBUG: Server: Se acepto el cliente: 127.0.0.1
  DEBUG: Server: Se desconectó un cliente.
  ===============================================
    Comienzo del Log ( 04-05-2016 a las 23:13 ) 
  ===============================================

  DEBUG: Server: Se acepto el cliente: 127.0.0.1
  DEBUG: Server: Se desconectó un cliente.
  ===============================================
    Comienzo del Log ( 04-05-2016 a las 23:15 ) 
  ===============================================

  DEBUG: Server: Se acepto el cliente: 25.111.229.253
  DEBUG: Server: Se desconectó un cliente.
  ===============================================
    Comienzo del Log ( 04-05-2016 a las 23:21 ) 
  ===============================================

  DEBUG: Server: Se acepto el cliente: 127.0.0.1
  DEBUG: Server: Se desconectó un cliente.
  ===============================================
    Comienzo del Log ( 04-05-2016 a las 23:23 ) 
  ===============================================

  DEBUG: Server: Se acepto el cliente: 127.0.0.1
  DEBUG: Server: Se desconectó un cliente.
  ===============================================
    Comienzo del Log ( 04-05-2016 a las 23:25 ) 
  ===============================================

  DEBUG: Server: Se acepto el cliente: 127.0.0.1
  DEBUG: Server: Se desconectó un cliente.
  ===============================================
    Comienzo del Log ( 04-05-2016 a las 23:27 ) 
  ===============================================

  DEBUG: Server: Se acepto el cliente: 127.0.0.1
  DEBUG: Server: Se desconectó un cliente.
  ===============================================
    Comienzo del Log ( 04-05-2016 a las 23:35 ) 
  ===============================================

  DEBUG: Server: Se acepto el cliente: 127.0.0.1
  DEBUG: Server: Se desconectó un cliente.
  ===============================================
    Comienzo del Log ( 04-05-2016 a las 23:36 ) 
  ===============================================

  DEBUG: Server: Se acepto el cliente: 127.0.0.1
  DEBUG: Server: Se desconectó un cliente.
  ===============================================
    Comienzo del Log ( 04-05-2016 a las 23:40 ) 
  ===============================================

  DEBUG: Server: Se acepto el cliente: 127.0.0.1
  ===============================================
    Comienzo del Log ( 04-05-2016 a las 23:40 ) 
  ===============================================

  DEBUG: Server: Se acepto el cliente: 127.0.0.1
  DEBUG: Server: Se desconectó un cliente.
  ===============================================
    Comienzo del Log ( 04-05-2016 a las 23:42 ) 
  ===============================================

  DEBUG: Server: Se acepto el cliente: 127.0.0.1
  DEBUG: Server: Se desconectó un cliente.
  ===============================================
    Comienzo del Log ( 04-05-2016 a las 23:43 ) 
  ===============================================

  DEBUG: Server: Se acepto el cliente: 127.0.0.1
  DEBUG: Server: Se desconectó un cliente.
  ===============================================
    Comienzo del Log ( 04-05-2016 a las 23:44 ) 
  ===============================================

  DEBUG: Server: Se acepto el cliente: 127.0.0.1
  DEBUG: Server: Se desconectó un cliente.
  ===============================================
    Comienzo del Log ( 04-05-2016 a las 23:46 ) 
  ===============================================

  DEBUG: Server: Se acepto el cliente: 127.0.0.1
  DEBUG: Server: Se desconectó un cliente.
  ===============================================
    Comienzo del Log ( 04-05-2016 a las 23:49 ) 
  ===============================================

  DEBUG: Server: Se acepto el cliente: 127.0.0.1
  DEBUG: Server: Se desconectó un cliente.
  ===============================================
    Comienzo del Log ( 04-05-2016 a las 23:51 ) 
  ===============================================

  DEBUG: Server: Se acepto el cliente: 127.0.0.1
  DEBUG: Server: Se desconectó un cliente.
  ===============================================
    Comienzo del Log ( 04-05-2016 a las 23:56 ) 
  ===============================================

  DEBUG: Server: Se acepto el cliente: 127.0.0.1
  DEBUG: Server: Se desconectó un cliente.
  ===============================================
    Comienzo del Log ( 04-05-2016 a las 23:57 ) 
  ===============================================

  DEBUG: Server: Se acepto el cliente: 127.0.0.1
  DEBUG: Server: Se desconectó un cliente.
