  ===============================================
    Comienzo del Log ( 03-05-2016 a las 00:00 ) 
  ===============================================

  ERROR: Archivo src/Utils/Default/servidor.xml dañado. Error Description: File was not found.
  ERROR: No se pudo parsear el archivo XML: src/Utils/Default/servidor.xml. 
  WARNING: No se pudo parsear el archivo XML: src/Utils/Default/servidor.xml. Se cargará el archivo default: src/Utils/Default/servidor.xml.
  ERROR: Archivo src/Utils/Default/servidor.xml dañado. Error Description: File was not found.
  ERROR: No se pudieron parsear ninguno de los archivos XML servidor.
  DEBUG: Server: Se acepto el cliente: 127.0.0.1
  DEBUG: Server: Se desconectó un cliente.
  ===============================================
    Comienzo del Log ( 03-05-2016 a las 00:07 ) 
  ===============================================

  ERROR: Archivo src/Utils/Default/servidor.xml dañado. Error Description: File was not found.
  ERROR: No se pudo parsear el archivo XML: src/Utils/Default/servidor.xml. 
  WARNING: No se pudo parsear el archivo XML: src/Utils/Default/servidor.xml. Se cargará el archivo default: src/Utils/Default/servidor.xml.
  ERROR: Archivo src/Utils/Default/servidor.xml dañado. Error Description: File was not found.
  ERROR: No se pudieron parsear ninguno de los archivos XML servidor.
  ===============================================
    Comienzo del Log ( 03-05-2016 a las 00:08 ) 
  ===============================================

  ERROR: Archivo src/Utils/Default/servidor.xml dañado. Error Description: File was not found.
  ERROR: No se pudo parsear el archivo XML: src/Utils/Default/servidor.xml. 
  WARNING: No se pudo parsear el archivo XML: src/Utils/Default/servidor.xml. Se cargará el archivo default: src/Utils/Default/servidor.xml.
  ERROR: Archivo src/Utils/Default/servidor.xml dañado. Error Description: File was not found.
  ERROR: No se pudieron parsear ninguno de los archivos XML servidor.
  DEBUG: Server: Se acepto el cliente: 127.0.0.1
  DEBUG: Server: Se desconectó un cliente.
  ===============================================
    Comienzo del Log ( 03-05-2016 a las 00:22 ) 
  ===============================================

  ERROR: Archivo src/Utils/Default/servidor.xml dañado. Error Description: File was not found.
  ERROR: No se pudo parsear el archivo XML: src/Utils/Default/servidor.xml. 
  WARNING: No se pudo parsear el archivo XML: src/Utils/Default/servidor.xml. Se cargará el archivo default: src/Utils/Default/servidor.xml.
  ERROR: Archivo src/Utils/Default/servidor.xml dañado. Error Description: File was not found.
  ERROR: No se pudieron parsear ninguno de los archivos XML servidor.
  DEBUG: Server: Se acepto el cliente: 127.0.0.1
  DEBUG: Server: Se desconectó un cliente.
  ===============================================
    Comienzo del Log ( 03-05-2016 a las 00:26 ) 
  ===============================================

  ERROR: Archivo src/Utils/Default/servidor.xml dañado. Error Description: File was not found.
  ERROR: No se pudo parsear el archivo XML: src/Utils/Default/servidor.xml. 
  WARNING: No se pudo parsear el archivo XML: src/Utils/Default/servidor.xml. Se cargará el archivo default: src/Utils/Default/servidor.xml.
  ERROR: Archivo src/Utils/Default/servidor.xml dañado. Error Description: File was not found.
  ERROR: No se pudieron parsear ninguno de los archivos XML servidor.
  DEBUG: Server: Se acepto el cliente: 127.0.0.1
  DEBUG: Server: Se desconectó un cliente.
  ===============================================
    Comienzo del Log ( 03-05-2016 a las 00:30 ) 
  ===============================================

  ERROR: Archivo src/Utils/Default/servidor.xml dañado. Error Description: File was not found.
  ERROR: No se pudo parsear el archivo XML: src/Utils/Default/servidor.xml. 
  WARNING: No se pudo parsear el archivo XML: src/Utils/Default/servidor.xml. Se cargará el archivo default: src/Utils/Default/servidor.xml.
  ERROR: Archivo src/Utils/Default/servidor.xml dañado. Error Description: File was not found.
  ERROR: No se pudieron parsear ninguno de los archivos XML servidor.
  DEBUG: Server: Se acepto el cliente: 127.0.0.1
  DEBUG: Server: Se desconectó un cliente.
  ===============================================
    Comienzo del Log ( 03-05-2016 a las 00:31 ) 
  ===============================================

  ERROR: Archivo src/Utils/Default/servidor.xml dañado. Error Description: File was not found.
  ERROR: No se pudo parsear el archivo XML: src/Utils/Default/servidor.xml. 
  WARNING: No se pudo parsear el archivo XML: src/Utils/Default/servidor.xml. Se cargará el archivo default: src/Utils/Default/servidor.xml.
  ERROR: Archivo src/Utils/Default/servidor.xml dañado. Error Description: File was not found.
  ERROR: No se pudieron parsear ninguno de los archivos XML servidor.
  DEBUG: Server: Se acepto el cliente: 127.0.0.1
  ===============================================
    Comienzo del Log ( 03-05-2016 a las 01:02 ) 
  ===============================================

  ERROR: Archivo src/Utils/Default/servidor.xml dañado. Error Description: File was not found.
  ERROR: No se pudo parsear el archivo XML: src/Utils/Default/servidor.xml. 
  WARNING: No se pudo parsear el archivo XML: src/Utils/Default/servidor.xml. Se cargará el archivo default: src/Utils/Default/servidor.xml.
  ERROR: Archivo src/Utils/Default/servidor.xml dañado. Error Description: File was not found.
  ERROR: No se pudieron parsear ninguno de los archivos XML servidor.
  DEBUG: Server: Se acepto el cliente: 127.0.0.1
  DEBUG: Server: Se desconectó un cliente.
  ===============================================
    Comienzo del Log ( 03-05-2016 a las 01:03 ) 
  ===============================================

  ERROR: Archivo src/Utils/Default/servidor.xml dañado. Error Description: File was not found.
  ERROR: No se pudo parsear el archivo XML: src/Utils/Default/servidor.xml. 
  WARNING: No se pudo parsear el archivo XML: src/Utils/Default/servidor.xml. Se cargará el archivo default: src/Utils/Default/servidor.xml.
  ERROR: Archivo src/Utils/Default/servidor.xml dañado. Error Description: File was not found.
  ERROR: No se pudieron parsear ninguno de los archivos XML servidor.
  DEBUG: Server: Se acepto el cliente: 127.0.0.1
  DEBUG: Server: Se desconectó un cliente.
  ===============================================
    Comienzo del Log ( 03-05-2016 a las 01:08 ) 
  ===============================================

  ERROR: Archivo src/Utils/Default/servidor.xml dañado. Error Description: File was not found.
  ERROR: No se pudo parsear el archivo XML: src/Utils/Default/servidor.xml. 
  WARNING: No se pudo parsear el archivo XML: src/Utils/Default/servidor.xml. Se cargará el archivo default: src/Utils/Default/servidor.xml.
  ERROR: Archivo src/Utils/Default/servidor.xml dañado. Error Description: File was not found.
  ERROR: No se pudieron parsear ninguno de los archivos XML servidor.
  DEBUG: Server: Se acepto el cliente: 127.0.0.1
  DEBUG: Server: Se desconectó un cliente.
  ===============================================
    Comienzo del Log ( 03-05-2016 a las 01:09 ) 
  ===============================================

  ERROR: Archivo src/Utils/Default/servidor.xml dañado. Error Description: File was not found.
  ERROR: No se pudo parsear el archivo XML: src/Utils/Default/servidor.xml. 
  WARNING: No se pudo parsear el archivo XML: src/Utils/Default/servidor.xml. Se cargará el archivo default: src/Utils/Default/servidor.xml.
  ERROR: Archivo src/Utils/Default/servidor.xml dañado. Error Description: File was not found.
  ERROR: No se pudieron parsear ninguno de los archivos XML servidor.
  DEBUG: Server: Se acepto el cliente: 127.0.0.1
  DEBUG: Server: Se desconectó un cliente.
  ===============================================
    Comienzo del Log ( 03-05-2016 a las 01:11 ) 
  ===============================================

  ERROR: Archivo src/Utils/Default/servidor.xml dañado. Error Description: File was not found.
  ERROR: No se pudo parsear el archivo XML: src/Utils/Default/servidor.xml. 
  WARNING: No se pudo parsear el archivo XML: src/Utils/Default/servidor.xml. Se cargará el archivo default: src/Utils/Default/servidor.xml.
  ERROR: Archivo src/Utils/Default/servidor.xml dañado. Error Description: File was not found.
  ERROR: No se pudieron parsear ninguno de los archivos XML servidor.
  DEBUG: Server: Se acepto el cliente: 127.0.0.1
  DEBUG: Server: Se desconectó un cliente.
  ===============================================
    Comienzo del Log ( 03-05-2016 a las 01:14 ) 
  ===============================================

  ERROR: Archivo src/Utils/Default/servidor.xml dañado. Error Description: File was not found.
  ERROR: No se pudo parsear el archivo XML: src/Utils/Default/servidor.xml. 
  WARNING: No se pudo parsear el archivo XML: src/Utils/Default/servidor.xml. Se cargará el archivo default: src/Utils/Default/servidor.xml.
  ERROR: Archivo src/Utils/Default/servidor.xml dañado. Error Description: File was not found.
  ERROR: No se pudieron parsear ninguno de los archivos XML servidor.
  DEBUG: Server: Se acepto el cliente: 127.0.0.1
  ===============================================
    Comienzo del Log ( 03-05-2016 a las 01:17 ) 
  ===============================================

  ERROR: Archivo src/Utils/Default/servidor.xml dañado. Error Description: File was not found.
  ERROR: No se pudo parsear el archivo XML: src/Utils/Default/servidor.xml. 
  WARNING: No se pudo parsear el archivo XML: src/Utils/Default/servidor.xml. Se cargará el archivo default: src/Utils/Default/servidor.xml.
  ERROR: Archivo src/Utils/Default/servidor.xml dañado. Error Description: File was not found.
  ERROR: No se pudieron parsear ninguno de los archivos XML servidor.
  ===============================================
    Comienzo del Log ( 03-05-2016 a las 01:32 ) 
  ===============================================

  ERROR: Archivo src/Utils/Default/servidor.xml dañado. Error Description: File was not found.
  ERROR: No se pudo parsear el archivo XML: src/Utils/Default/servidor.xml. 
  WARNING: No se pudo parsear el archivo XML: src/Utils/Default/servidor.xml. Se cargará el archivo default: src/Utils/Default/servidor.xml.
  ERROR: Archivo src/Utils/Default/servidor.xml dañado. Error Description: File was not found.
  ERROR: No se pudieron parsear ninguno de los archivos XML servidor.
  DEBUG: Server: Se acepto el cliente: 127.0.0.1
  ===============================================
    Comienzo del Log ( 03-05-2016 a las 01:36 ) 
  ===============================================

  ERROR: Archivo src/Utils/Default/servidor.xml dañado. Error Description: File was not found.
  ERROR: No se pudo parsear el archivo XML: src/Utils/Default/servidor.xml. 
  WARNING: No se pudo parsear el archivo XML: src/Utils/Default/servidor.xml. Se cargará el archivo default: src/Utils/Default/servidor.xml.
  ERROR: Archivo src/Utils/Default/servidor.xml dañado. Error Description: File was not found.
  ERROR: No se pudieron parsear ninguno de los archivos XML servidor.
  DEBUG: Server: Se acepto el cliente: 127.0.0.1
  DEBUG: Server: Se desconectó un cliente.
  ===============================================
    Comienzo del Log ( 03-05-2016 a las 01:47 ) 
  ===============================================

  ERROR: Archivo src/Utils/Default/servidor.xml dañado. Error Description: File was not found.
  ERROR: No se pudo parsear el archivo XML: src/Utils/Default/servidor.xml. 
  WARNING: No se pudo parsear el archivo XML: src/Utils/Default/servidor.xml. Se cargará el archivo default: src/Utils/Default/servidor.xml.
  ERROR: Archivo src/Utils/Default/servidor.xml dañado. Error Description: File was not found.
  ERROR: No se pudieron parsear ninguno de los archivos XML servidor.
  DEBUG: Server: Se acepto el cliente: 127.0.0.1
  DEBUG: Server: Se desconectó un cliente.
  ===============================================
    Comienzo del Log ( 03-05-2016 a las 01:51 ) 
  ===============================================

  ERROR: Archivo src/Utils/Default/servidor.xml dañado. Error Description: File was not found.
  ERROR: No se pudo parsear el archivo XML: src/Utils/Default/servidor.xml. 
  WARNING: No se pudo parsear el archivo XML: src/Utils/Default/servidor.xml. Se cargará el archivo default: src/Utils/Default/servidor.xml.
  ERROR: Archivo src/Utils/Default/servidor.xml dañado. Error Description: File was not found.
  ERROR: No se pudieron parsear ninguno de los archivos XML servidor.
  DEBUG: Server: Se acepto el cliente: 127.0.0.1
  DEBUG: Server: Se desconectó un cliente.
