  ===============================================
    Comienzo del Log ( 10-06-2016 a las 11:59 ) 
  ===============================================

  WARNING: Se cargo el path del sprite por default
  WARNING: Al no tener un id existente entre los sprites, se asignará un sprte default
  DEBUG: Server: fede ha ingresado a la partida.
  DEBUG: Server: Se acepto el cliente: 127.0.0.1
  WARNING: Se cargo el path del sprite por default
  WARNING: Al no tener un id existente entre los sprites, se asignará un sprte default
  DEBUG: Server: pepe ha ingresado a la partida.
  DEBUG: Server: Se acepto el cliente: 127.0.0.1
  WARNING: Se cargo el path del sprite por default
  WARNING: Al no tener un id existente entre los sprites, se asignará un sprte default
  DEBUG: Juego: Se cargó el objeto isla en la posición x = 0, y = 2000
  DEBUG: Juego: Se cargó el objeto isla en la posición x = 0, y = 2000Juego: Se cargó el objeto isla en la posición x = 400, y = 200
  DEBUG: Juego: Se cargó el objeto isla en la posición x = 0, y = 2000Juego: Se cargó el objeto isla en la posición x = 400, y = 200Juego: Se cargó el objeto piedra en la posición x = 236, y = 1364
  WARNING: Se cargo el path del sprite por default
  WARNING: Al no tener un id existente entre los sprites, se asignará un sprte default
  DEBUG: Server: Se reiniciará el juego.
  WARNING: Se cargo el path del sprite por default
  WARNING: Al no tener un id existente entre los sprites, se asignará un sprte default
  WARNING: Se cargo el path del sprite por default
  WARNING: Al no tener un id existente entre los sprites, se asignará un sprte default
  DEBUG: Juego: Se cargó el objeto isla en la posición x = 0, y = 2000
  DEBUG: Juego: Se cargó el objeto isla en la posición x = 0, y = 2000Juego: Se cargó el objeto isla en la posición x = 400, y = 200
  DEBUG: Juego: Se cargó el objeto isla en la posición x = 0, y = 2000Juego: Se cargó el objeto isla en la posición x = 400, y = 200Juego: Se cargó el objeto piedra en la posición x = 236, y = 1364
  DEBUG: Server: Se ha reiniciado el juego.
  WARNING: Se cargo el path del sprite por default
  WARNING: Al no tener un id existente entre los sprites, se asignará un sprte default
  WARNING: Se cargo el path del sprite por default
  WARNING: Al no tener un id existente entre los sprites, se asignará un sprte default
  DEBUG: Server: Se reiniciará el juego.
  WARNING: Se cargo el path del sprite por default
  WARNING: Al no tener un id existente entre los sprites, se asignará un sprte default
  WARNING: Se cargo el path del sprite por default
  WARNING: Al no tener un id existente entre los sprites, se asignará un sprte default
  DEBUG: Juego: Se cargó el objeto isla en la posición x = 0, y = 2000
  DEBUG: Juego: Se cargó el objeto isla en la posición x = 0, y = 2000Juego: Se cargó el objeto isla en la posición x = 400, y = 200
  DEBUG: Juego: Se cargó el objeto isla en la posición x = 0, y = 2000Juego: Se cargó el objeto isla en la posición x = 400, y = 200Juego: Se cargó el objeto piedra en la posición x = 236, y = 1364
  DEBUG: Server: Se ha reiniciado el juego.
  DEBUG: Server: Se reiniciará el juego.
  WARNING: Se cargo el path del sprite por default
  WARNING: Al no tener un id existente entre los sprites, se asignará un sprte default
  WARNING: Se cargo el path del sprite por default
  WARNING: Al no tener un id existente entre los sprites, se asignará un sprte default
  DEBUG: Juego: Se cargó el objeto isla en la posición x = 0, y = 2000
  DEBUG: Juego: Se cargó el objeto isla en la posición x = 0, y = 2000Juego: Se cargó el objeto isla en la posición x = 400, y = 200
  DEBUG: Juego: Se cargó el objeto isla en la posición x = 0, y = 2000Juego: Se cargó el objeto isla en la posición x = 400, y = 200Juego: Se cargó el objeto piedra en la posición x = 236, y = 1364
  DEBUG: Server: Se ha reiniciado el juego.
  WARNING: Se cargo el path del sprite por default
  WARNING: Al no tener un id existente entre los sprites, se asignará un sprte default
  WARNING: Se cargo el path del sprite por default
  WARNING: Al no tener un id existente entre los sprites, se asignará un sprte default
  DEBUG: Server: Se reiniciará el juego.
  WARNING: Se cargo el path del sprite por default
  WARNING: Al no tener un id existente entre los sprites, se asignará un sprte default
  WARNING: Se cargo el path del sprite por default
  WARNING: Al no tener un id existente entre los sprites, se asignará un sprte default
  DEBUG: Juego: Se cargó el objeto isla en la posición x = 0, y = 2000
  DEBUG: Juego: Se cargó el objeto isla en la posición x = 0, y = 2000Juego: Se cargó el objeto isla en la posición x = 400, y = 200
  DEBUG: Juego: Se cargó el objeto isla en la posición x = 0, y = 2000Juego: Se cargó el objeto isla en la posición x = 400, y = 200Juego: Se cargó el objeto piedra en la posición x = 236, y = 1364
  DEBUG: Server: Se ha reiniciado el juego.
  WARNING: Se cargo el path del sprite por default
  WARNING: Al no tener un id existente entre los sprites, se asignará un sprte default
  WARNING: Se cargo el path del sprite por default
  WARNING: Al no tener un id existente entre los sprites, se asignará un sprte default
  DEBUG: Server: Se reiniciará el juego.
  WARNING: Se cargo el path del sprite por default
  WARNING: Al no tener un id existente entre los sprites, se asignará un sprte default
  WARNING: Se cargo el path del sprite por default
  WARNING: Al no tener un id existente entre los sprites, se asignará un sprte default
  DEBUG: Juego: Se cargó el objeto isla en la posición x = 0, y = 2000
  DEBUG: Juego: Se cargó el objeto isla en la posición x = 0, y = 2000Juego: Se cargó el objeto isla en la posición x = 400, y = 200
  DEBUG: Juego: Se cargó el objeto isla en la posición x = 0, y = 2000Juego: Se cargó el objeto isla en la posición x = 400, y = 200Juego: Se cargó el objeto piedra en la posición x = 236, y = 1364
  DEBUG: Server: Se ha reiniciado el juego.
  WARNING: Se cargo el path del sprite por default
  WARNING: Al no tener un id existente entre los sprites, se asignará un sprte default
  WARNING: Se cargo el path del sprite por default
  WARNING: Al no tener un id existente entre los sprites, se asignará un sprte default
  DEBUG: Server: Se reiniciará el juego.
  WARNING: Se cargo el path del sprite por default
  WARNING: Al no tener un id existente entre los sprites, se asignará un sprte default
  WARNING: Se cargo el path del sprite por default
  WARNING: Al no tener un id existente entre los sprites, se asignará un sprte default
  DEBUG: Juego: Se cargó el objeto isla en la posición x = 0, y = 2000
  DEBUG: Juego: Se cargó el objeto isla en la posición x = 0, y = 2000Juego: Se cargó el objeto isla en la posición x = 400, y = 200
  DEBUG: Juego: Se cargó el objeto isla en la posición x = 0, y = 2000Juego: Se cargó el objeto isla en la posición x = 400, y = 200Juego: Se cargó el objeto piedra en la posición x = 236, y = 1364
  DEBUG: Server: Se ha reiniciado el juego.
  WARNING: Se cargo el path del sprite por default
  WARNING: Al no tener un id existente entre los sprites, se asignará un sprte default
  WARNING: Se cargo el path del sprite por default
  WARNING: Al no tener un id existente entre los sprites, se asignará un sprte default
  DEBUG: Server: Se reiniciará el juego.
  WARNING: Se cargo el path del sprite por default
  WARNING: Al no tener un id existente entre los sprites, se asignará un sprte default
  WARNING: Se cargo el path del sprite por default
  WARNING: Al no tener un id existente entre los sprites, se asignará un sprte default
  DEBUG: Juego: Se cargó el objeto isla en la posición x = 0, y = 2000
  DEBUG: Juego: Se cargó el objeto isla en la posición x = 0, y = 2000Juego: Se cargó el objeto isla en la posición x = 400, y = 200
  DEBUG: Juego: Se cargó el objeto isla en la posición x = 0, y = 2000Juego: Se cargó el objeto isla en la posición x = 400, y = 200Juego: Se cargó el objeto piedra en la posición x = 236, y = 1364
  DEBUG: Server: Se ha reiniciado el juego.
  WARNING: Se cargo el path del sprite por default
  WARNING: Al no tener un id existente entre los sprites, se asignará un sprte default
  WARNING: Se cargo el path del sprite por default
  WARNING: Al no tener un id existente entre los sprites, se asignará un sprte default
  DEBUG: Server: Se reiniciará el juego.
  WARNING: Se cargo el path del sprite por default
  WARNING: Al no tener un id existente entre los sprites, se asignará un sprte default
  WARNING: Se cargo el path del sprite por default
  WARNING: Al no tener un id existente entre los sprites, se asignará un sprte default
  DEBUG: Juego: Se cargó el objeto isla en la posición x = 0, y = 2000
  DEBUG: Juego: Se cargó el objeto isla en la posición x = 0, y = 2000Juego: Se cargó el objeto isla en la posición x = 400, y = 200
  DEBUG: Juego: Se cargó el objeto isla en la posición x = 0, y = 2000Juego: Se cargó el objeto isla en la posición x = 400, y = 200Juego: Se cargó el objeto piedra en la posición x = 236, y = 1364
  DEBUG: Server: Se ha reiniciado el juego.
  WARNING: Se cargo el path del sprite por default
  WARNING: Al no tener un id existente entre los sprites, se asignará un sprte default
  WARNING: Se cargo el path del sprite por default
  WARNING: Al no tener un id existente entre los sprites, se asignará un sprte default
  DEBUG: Server: Se desconectó un cliente.
  WARNING: Server: No se pudo enviar el mensaje.
  DEBUG: Server: Se desconectó un cliente.
  WARNING: Server: No se pudo enviar el mensaje.
  WARNING: Server: No se pudo enviar el mensaje.
  WARNING: Server: No se pudo enviar el mensaje.
  WARNING: Server: No se pudo enviar el mensaje.
  ===============================================
    Comienzo del Log ( 10-06-2016 a las 12:56 ) 
  ===============================================

  WARNING: Se cargo el path del sprite por default
  WARNING: Al no tener un id existente entre los sprites, se asignará un sprte default
  DEBUG: Server: fede ha ingresado a la partida.
  DEBUG: Server: Se acepto el cliente: 127.0.0.1
  WARNING: Se cargo el path del sprite por default
  WARNING: Al no tener un id existente entre los sprites, se asignará un sprte default
  DEBUG: Juego: Se cargó el objeto isla en la posición x = 0, y = 2000
  DEBUG: Juego: Se cargó el objeto isla en la posición x = 0, y = 2000Juego: Se cargó el objeto isla en la posición x = 400, y = 200
  DEBUG: Juego: Se cargó el objeto isla en la posición x = 0, y = 2000Juego: Se cargó el objeto isla en la posición x = 400, y = 200Juego: Se cargó el objeto piedra en la posición x = 236, y = 1364
  WARNING: Se cargo el path del sprite por default
  WARNING: Al no tener un id existente entre los sprites, se asignará un sprte default
  DEBUG: Server: Se desconectó un cliente.
  WARNING: Server: No se pudo enviar el mensaje.
  WARNING: Server: No se pudo enviar el mensaje.
  WARNING: Server: No se pudo enviar el mensaje.
  WARNING: Server: No se pudo enviar el mensaje.
  DEBUG: Server: fede ha ingresado a la partida.
  DEBUG: Server: Se acepto el cliente: 127.0.0.1
  WARNING: Se cargo el path del sprite por default
  WARNING: Al no tener un id existente entre los sprites, se asignará un sprte default
  DEBUG: Server: Se desconectó un cliente.
  ===============================================
    Comienzo del Log ( 10-06-2016 a las 13:00 ) 
  ===============================================

  WARNING: Se cargo el path del sprite por default
  WARNING: Al no tener un id existente entre los sprites, se asignará un sprte default
  DEBUG: Server: fede ha ingresado a la partida.
  DEBUG: Server: Se acepto el cliente: 127.0.0.1
  WARNING: Se cargo el path del sprite por default
  WARNING: Al no tener un id existente entre los sprites, se asignará un sprte default
  DEBUG: Juego: Se cargó el objeto isla en la posición x = 0, y = 2000
  DEBUG: Juego: Se cargó el objeto isla en la posición x = 0, y = 2000Juego: Se cargó el objeto isla en la posición x = 400, y = 200
  DEBUG: Juego: Se cargó el objeto isla en la posición x = 0, y = 2000Juego: Se cargó el objeto isla en la posición x = 400, y = 200Juego: Se cargó el objeto piedra en la posición x = 236, y = 1364
  WARNING: Se cargo el path del sprite por default
  WARNING: Al no tener un id existente entre los sprites, se asignará un sprte default
  DEBUG: Server: Se desconectó un cliente.
  ===============================================
    Comienzo del Log ( 10-06-2016 a las 18:05 ) 
  ===============================================

  WARNING: Se cargo el path del sprite por default
  WARNING: Al no tener un id existente entre los sprites, se asignará un sprte default
  DEBUG: Server: fede ha ingresado a la partida.
  DEBUG: Server: Se acepto el cliente: 127.0.0.1
  WARNING: Se cargo el path del sprite por default
  WARNING: Al no tener un id existente entre los sprites, se asignará un sprte default
  DEBUG: Juego: Se cargó el objeto isla en la posición x = 0, y = 2000
  DEBUG: Juego: Se cargó el objeto isla en la posición x = 0, y = 2000Juego: Se cargó el objeto isla en la posición x = 400, y = 200
  DEBUG: Juego: Se cargó el objeto isla en la posición x = 0, y = 2000Juego: Se cargó el objeto isla en la posición x = 400, y = 200Juego: Se cargó el objeto piedra en la posición x = 236, y = 1364
  WARNING: Se cargo el path del sprite por default
  WARNING: Al no tener un id existente entre los sprites, se asignará un sprte default
  DEBUG: Server: Se desconectó un cliente.
  WARNING: Server: No se pudo enviar el mensaje.
  WARNING: Server: No se pudo enviar el mensaje.
  WARNING: Server: No se pudo enviar el mensaje.
  WARNING: Server: No se pudo enviar el mensaje.
  ===============================================
    Comienzo del Log ( 10-06-2016 a las 18:07 ) 
  ===============================================

  WARNING: Se cargo el path del sprite por default
  WARNING: Se cargo el path del sprite por default
  WARNING: Al no tener un id existente entre los sprites, se asignará un sprte default
  DEBUG: Server: fede ha ingresado a la partida.
  DEBUG: Server: Se acepto el cliente: 127.0.0.1
  WARNING: Se cargo el path del sprite por default
  WARNING: Se cargo el path del sprite por default
  WARNING: Al no tener un id existente entre los sprites, se asignará un sprte default
  DEBUG: Juego: Se cargó el objeto isla en la posición x = 0, y = 2000
  DEBUG: Juego: Se cargó el objeto isla en la posición x = 0, y = 2000Juego: Se cargó el objeto isla en la posición x = 400, y = 200
  DEBUG: Juego: Se cargó el objeto isla en la posición x = 0, y = 2000Juego: Se cargó el objeto isla en la posición x = 400, y = 200Juego: Se cargó el objeto piedra en la posición x = 236, y = 1364
  WARNING: Se cargo el path del sprite por default
  WARNING: Se cargo el path del sprite por default
  WARNING: Al no tener un id existente entre los sprites, se asignará un sprte default
  DEBUG: Server: Se desconectó un cliente.
  ===============================================
    Comienzo del Log ( 10-06-2016 a las 18:08 ) 
  ===============================================

  WARNING: Se cargo el path del sprite por default
  WARNING: Al no tener un id existente entre los sprites, se asignará un sprte default
  DEBUG: Server: fede ha ingresado a la partida.
  DEBUG: Server: Se acepto el cliente: 127.0.0.1
  WARNING: Se cargo el path del sprite por default
  WARNING: Al no tener un id existente entre los sprites, se asignará un sprte default
  DEBUG: Juego: Se cargó el objeto isla en la posición x = 0, y = 2000
  DEBUG: Juego: Se cargó el objeto isla en la posición x = 0, y = 2000Juego: Se cargó el objeto isla en la posición x = 400, y = 200
  DEBUG: Juego: Se cargó el objeto isla en la posición x = 0, y = 2000Juego: Se cargó el objeto isla en la posición x = 400, y = 200Juego: Se cargó el objeto piedra en la posición x = 236, y = 1364
  WARNING: Se cargo el path del sprite por default
  WARNING: Al no tener un id existente entre los sprites, se asignará un sprte default
  DEBUG: Server: Se desconectó un cliente.
  ===============================================
    Comienzo del Log ( 10-06-2016 a las 18:10 ) 
  ===============================================

  WARNING: Se cargo el path del sprite por default
  WARNING: Al no tener un id existente entre los sprites, se asignará un sprte default
  DEBUG: Server: fede ha ingresado a la partida.
  DEBUG: Server: Se acepto el cliente: 127.0.0.1
  WARNING: Se cargo el path del sprite por default
  WARNING: Al no tener un id existente entre los sprites, se asignará un sprte default
  DEBUG: Juego: Se cargó el objeto isla en la posición x = 0, y = 2000
  DEBUG: Juego: Se cargó el objeto isla en la posición x = 0, y = 2000Juego: Se cargó el objeto isla en la posición x = 400, y = 200
  DEBUG: Juego: Se cargó el objeto isla en la posición x = 0, y = 2000Juego: Se cargó el objeto isla en la posición x = 400, y = 200Juego: Se cargó el objeto piedra en la posición x = 236, y = 1364
  WARNING: Se cargo el path del sprite por default
  WARNING: Al no tener un id existente entre los sprites, se asignará un sprte default
  DEBUG: Server: Se desconectó un cliente.
  ===============================================
    Comienzo del Log ( 10-06-2016 a las 18:22 ) 
  ===============================================

  WARNING: Se cargo el path del sprite por default
  WARNING: Al no tener un id existente entre los sprites, se asignará un sprte default
  DEBUG: Server: fede ha ingresado a la partida.
  DEBUG: Server: Se acepto el cliente: 127.0.0.1
  WARNING: Se cargo el path del sprite por default
  WARNING: Al no tener un id existente entre los sprites, se asignará un sprte default
  DEBUG: Juego: Se cargó el objeto isla en la posición x = 0, y = 2000
  DEBUG: Juego: Se cargó el objeto isla en la posición x = 0, y = 2000Juego: Se cargó el objeto isla en la posición x = 400, y = 200
  DEBUG: Juego: Se cargó el objeto isla en la posición x = 0, y = 2000Juego: Se cargó el objeto isla en la posición x = 400, y = 200Juego: Se cargó el objeto piedra en la posición x = 236, y = 1364
  WARNING: Se cargo el path del sprite por default
  WARNING: Al no tener un id existente entre los sprites, se asignará un sprte default
  WARNING: Server: No se pudo enviar el mensaje.
  WARNING: Server: No se pudo enviar el mensaje.
  WARNING: Server: No se pudo enviar el mensaje.
  WARNING: Server: No se pudo enviar el mensaje.
  DEBUG: Server: Se desconectó un cliente.
  ===============================================
    Comienzo del Log ( 10-06-2016 a las 18:24 ) 
  ===============================================

  WARNING: Se cargo el path del sprite por default
  WARNING: Al no tener un id existente entre los sprites, se asignará un sprte default
  DEBUG: Server: fede ha ingresado a la partida.
  DEBUG: Server: Se acepto el cliente: 127.0.0.1
  WARNING: Se cargo el path del sprite por default
  WARNING: Al no tener un id existente entre los sprites, se asignará un sprte default
  DEBUG: Juego: Se cargó el objeto isla en la posición x = 0, y = 2000
  DEBUG: Juego: Se cargó el objeto isla en la posición x = 0, y = 2000Juego: Se cargó el objeto isla en la posición x = 400, y = 200
  DEBUG: Juego: Se cargó el objeto isla en la posición x = 0, y = 2000Juego: Se cargó el objeto isla en la posición x = 400, y = 200Juego: Se cargó el objeto piedra en la posición x = 236, y = 1364
  WARNING: Se cargo el path del sprite por default
  WARNING: Al no tener un id existente entre los sprites, se asignará un sprte default
  DEBUG: Server: Se desconectó un cliente.
  ===============================================
    Comienzo del Log ( 10-06-2016 a las 18:49 ) 
  ===============================================

  WARNING: Se cargo el path del sprite por default
  WARNING: Al no tener un id existente entre los sprites, se asignará un sprte default
  DEBUG: Server: fede ha ingresado a la partida.
  DEBUG: Server: Se acepto el cliente: 127.0.0.1
  WARNING: Se cargo el path del sprite por default
  WARNING: Al no tener un id existente entre los sprites, se asignará un sprte default
  DEBUG: Juego: Se cargó el objeto isla en la posición x = 0, y = 2000
  DEBUG: Juego: Se cargó el objeto isla en la posición x = 0, y = 2000Juego: Se cargó el objeto isla en la posición x = 400, y = 200
  DEBUG: Juego: Se cargó el objeto isla en la posición x = 0, y = 2000Juego: Se cargó el objeto isla en la posición x = 400, y = 200Juego: Se cargó el objeto piedra en la posición x = 236, y = 1364
  WARNING: Se cargo el path del sprite por default
  WARNING: Al no tener un id existente entre los sprites, se asignará un sprte default
  DEBUG: Server: Se desconectó un cliente.
  ===============================================
    Comienzo del Log ( 10-06-2016 a las 18:51 ) 
  ===============================================

  WARNING: Se cargo el path del sprite por default
  WARNING: Al no tener un id existente entre los sprites, se asignará un sprte default
  DEBUG: Server: fede ha ingresado a la partida.
  DEBUG: Server: Se acepto el cliente: 127.0.0.1
  WARNING: Se cargo el path del sprite por default
  WARNING: Al no tener un id existente entre los sprites, se asignará un sprte default
  DEBUG: Juego: Se cargó el objeto isla en la posición x = 0, y = 2000
  DEBUG: Juego: Se cargó el objeto isla en la posición x = 0, y = 2000Juego: Se cargó el objeto isla en la posición x = 400, y = 200
  DEBUG: Juego: Se cargó el objeto isla en la posición x = 0, y = 2000Juego: Se cargó el objeto isla en la posición x = 400, y = 200Juego: Se cargó el objeto piedra en la posición x = 236, y = 1364
  WARNING: Se cargo el path del sprite por default
  WARNING: Al no tener un id existente entre los sprites, se asignará un sprte default
  DEBUG: Server: Se desconectó un cliente.
  WARNING: Server: No se pudo enviar el mensaje.
  WARNING: Server: No se pudo enviar el mensaje.
  WARNING: Server: No se pudo enviar el mensaje.
  WARNING: Server: No se pudo enviar el mensaje.
  ===============================================
    Comienzo del Log ( 10-06-2016 a las 18:55 ) 
  ===============================================

  WARNING: Se cargo el path del sprite por default
  WARNING: Al no tener un id existente entre los sprites, se asignará un sprte default
  DEBUG: Server: fede ha ingresado a la partida.
  DEBUG: Server: Se acepto el cliente: 127.0.0.1
  WARNING: Se cargo el path del sprite por default
  WARNING: Al no tener un id existente entre los sprites, se asignará un sprte default
  DEBUG: Juego: Se cargó el objeto isla en la posición x = 0, y = 2000
  DEBUG: Juego: Se cargó el objeto isla en la posición x = 0, y = 2000Juego: Se cargó el objeto isla en la posición x = 400, y = 200
  DEBUG: Juego: Se cargó el objeto isla en la posición x = 0, y = 2000Juego: Se cargó el objeto isla en la posición x = 400, y = 200Juego: Se cargó el objeto piedra en la posición x = 236, y = 1364
  WARNING: Se cargo el path del sprite por default
  WARNING: Al no tener un id existente entre los sprites, se asignará un sprte default
  DEBUG: Server: Se desconectó un cliente.
  WARNING: Server: No se pudo enviar el mensaje.
  ===============================================
    Comienzo del Log ( 10-06-2016 a las 19:10 ) 
  ===============================================

  WARNING: Se cargo el path del sprite por default
  WARNING: Al no tener un id existente entre los sprites, se asignará un sprte default
  DEBUG: Server: fede ha ingresado a la partida.
  DEBUG: Server: Se acepto el cliente: 127.0.0.1
  WARNING: Se cargo el path del sprite por default
  WARNING: Al no tener un id existente entre los sprites, se asignará un sprte default
  DEBUG: Juego: Se cargó el objeto isla en la posición x = 0, y = 2000
  DEBUG: Juego: Se cargó el objeto isla en la posición x = 0, y = 2000Juego: Se cargó el objeto isla en la posición x = 400, y = 200
  DEBUG: Juego: Se cargó el objeto isla en la posición x = 0, y = 2000Juego: Se cargó el objeto isla en la posición x = 400, y = 200Juego: Se cargó el objeto piedra en la posición x = 236, y = 1364
  WARNING: Se cargo el path del sprite por default
  WARNING: Al no tener un id existente entre los sprites, se asignará un sprte default
  DEBUG: Server: Se desconectó un cliente.
  WARNING: Server: No se pudo enviar el mensaje.
  WARNING: Server: No se pudo enviar el mensaje.
  WARNING: Server: No se pudo enviar el mensaje.
  WARNING: Server: No se pudo enviar el mensaje.
  ===============================================
    Comienzo del Log ( 10-06-2016 a las 19:12 ) 
  ===============================================

  WARNING: Se cargo el path del sprite por default
  WARNING: Al no tener un id existente entre los sprites, se asignará un sprte default
  DEBUG: Server: fede ha ingresado a la partida.
  DEBUG: Server: Se acepto el cliente: 127.0.0.1
  WARNING: Se cargo el path del sprite por default
  WARNING: Al no tener un id existente entre los sprites, se asignará un sprte default
  DEBUG: Juego: Se cargó el objeto isla en la posición x = 0, y = 2000
  DEBUG: Juego: Se cargó el objeto isla en la posición x = 0, y = 2000Juego: Se cargó el objeto isla en la posición x = 400, y = 200
  DEBUG: Juego: Se cargó el objeto isla en la posición x = 0, y = 2000Juego: Se cargó el objeto isla en la posición x = 400, y = 200Juego: Se cargó el objeto piedra en la posición x = 236, y = 1364
  WARNING: Se cargo el path del sprite por default
  WARNING: Al no tener un id existente entre los sprites, se asignará un sprte default
  DEBUG: Server: Se desconectó un cliente.
  ===============================================
    Comienzo del Log ( 10-06-2016 a las 19:37 ) 
  ===============================================

  WARNING: Se cargo el path del sprite por default
  WARNING: Al no tener un id existente entre los sprites, se asignará un sprte default
  DEBUG: Server: fede ha ingresado a la partida.
  DEBUG: Server: Se acepto el cliente: 127.0.0.1
  WARNING: Se cargo el path del sprite por default
  WARNING: Al no tener un id existente entre los sprites, se asignará un sprte default
  DEBUG: Juego: Se cargó el objeto isla en la posición x = 0, y = 2000
  DEBUG: Juego: Se cargó el objeto isla en la posición x = 0, y = 2000Juego: Se cargó el objeto isla en la posición x = 400, y = 200
  DEBUG: Juego: Se cargó el objeto isla en la posición x = 0, y = 2000Juego: Se cargó el objeto isla en la posición x = 400, y = 200Juego: Se cargó el objeto piedra en la posición x = 236, y = 1364
  WARNING: Se cargo el path del sprite por default
  WARNING: Al no tener un id existente entre los sprites, se asignará un sprte default
  DEBUG: Server: Se reiniciará el juego.
  WARNING: Se cargo el path del sprite por default
  WARNING: Al no tener un id existente entre los sprites, se asignará un sprte default
  WARNING: Se cargo el path del sprite por default
  WARNING: Al no tener un id existente entre los sprites, se asignará un sprte default
  DEBUG: Juego: Se cargó el objeto isla en la posición x = 0, y = 2000
  DEBUG: Juego: Se cargó el objeto isla en la posición x = 0, y = 2000Juego: Se cargó el objeto isla en la posición x = 400, y = 200
  DEBUG: Juego: Se cargó el objeto isla en la posición x = 0, y = 2000Juego: Se cargó el objeto isla en la posición x = 400, y = 200Juego: Se cargó el objeto piedra en la posición x = 236, y = 1364
  DEBUG: Server: Se ha reiniciado el juego.
  WARNING: Se cargo el path del sprite por default
  WARNING: Al no tener un id existente entre los sprites, se asignará un sprte default
  DEBUG: Server: Se reiniciará el juego.
  WARNING: Se cargo el path del sprite por default
  WARNING: Al no tener un id existente entre los sprites, se asignará un sprte default
  WARNING: Se cargo el path del sprite por default
  WARNING: Al no tener un id existente entre los sprites, se asignará un sprte default
  DEBUG: Juego: Se cargó el objeto isla en la posición x = 0, y = 2000
  DEBUG: Juego: Se cargó el objeto isla en la posición x = 0, y = 2000Juego: Se cargó el objeto isla en la posición x = 400, y = 200
  DEBUG: Juego: Se cargó el objeto isla en la posición x = 0, y = 2000Juego: Se cargó el objeto isla en la posición x = 400, y = 200Juego: Se cargó el objeto piedra en la posición x = 236, y = 1364
  DEBUG: Server: Se ha reiniciado el juego.
  WARNING: Se cargo el path del sprite por default
  WARNING: Al no tener un id existente entre los sprites, se asignará un sprte default
  DEBUG: Server: Se reiniciará el juego.
  WARNING: Se cargo el path del sprite por default
  WARNING: Al no tener un id existente entre los sprites, se asignará un sprte default
  WARNING: Se cargo el path del sprite por default
  WARNING: Al no tener un id existente entre los sprites, se asignará un sprte default
  DEBUG: Juego: Se cargó el objeto isla en la posición x = 0, y = 2000
  DEBUG: Juego: Se cargó el objeto isla en la posición x = 0, y = 2000Juego: Se cargó el objeto isla en la posición x = 400, y = 200
  DEBUG: Juego: Se cargó el objeto isla en la posición x = 0, y = 2000Juego: Se cargó el objeto isla en la posición x = 400, y = 200Juego: Se cargó el objeto piedra en la posición x = 236, y = 1364
  DEBUG: Server: Se ha reiniciado el juego.
  WARNING: Se cargo el path del sprite por default
  WARNING: Al no tener un id existente entre los sprites, se asignará un sprte default
  DEBUG: Server: Se reiniciará el juego.
  WARNING: Se cargo el path del sprite por default
  WARNING: Al no tener un id existente entre los sprites, se asignará un sprte default
  WARNING: Se cargo el path del sprite por default
  WARNING: Al no tener un id existente entre los sprites, se asignará un sprte default
  DEBUG: Juego: Se cargó el objeto isla en la posición x = 0, y = 2000
  DEBUG: Juego: Se cargó el objeto isla en la posición x = 0, y = 2000Juego: Se cargó el objeto isla en la posición x = 400, y = 200
  DEBUG: Juego: Se cargó el objeto isla en la posición x = 0, y = 2000Juego: Se cargó el objeto isla en la posición x = 400, y = 200Juego: Se cargó el objeto piedra en la posición x = 236, y = 1364
  DEBUG: Server: Se ha reiniciado el juego.
  WARNING: Se cargo el path del sprite por default
  WARNING: Al no tener un id existente entre los sprites, se asignará un sprte default
  DEBUG: Server: Se desconectó un cliente.
  ===============================================
    Comienzo del Log ( 10-06-2016 a las 19:44 ) 
  ===============================================

  WARNING: Se cargo el path del sprite por default
  WARNING: Al no tener un id existente entre los sprites, se asignará un sprte default
  DEBUG: Server: fd ha ingresado a la partida.
  DEBUG: Server: Se acepto el cliente: 127.0.0.1
  WARNING: Se cargo el path del sprite por default
  WARNING: Al no tener un id existente entre los sprites, se asignará un sprte default
  DEBUG: Juego: Se cargó el objeto isla en la posición x = 0, y = 2000
  DEBUG: Juego: Se cargó el objeto isla en la posición x = 0, y = 2000Juego: Se cargó el objeto isla en la posición x = 400, y = 200
  DEBUG: Juego: Se cargó el objeto isla en la posición x = 0, y = 2000Juego: Se cargó el objeto isla en la posición x = 400, y = 200Juego: Se cargó el objeto piedra en la posición x = 236, y = 1364
  WARNING: Se cargo el path del sprite por default
  WARNING: Al no tener un id existente entre los sprites, se asignará un sprte default
  DEBUG: Server: Se desconectó un cliente.
  ===============================================
    Comienzo del Log ( 10-06-2016 a las 19:46 ) 
  ===============================================

  WARNING: Se cargo el path del sprite por default
  WARNING: Al no tener un id existente entre los sprites, se asignará un sprte default
  DEBUG: Server: fede ha ingresado a la partida.
  DEBUG: Server: Se acepto el cliente: 127.0.0.1
  WARNING: Se cargo el path del sprite por default
  WARNING: Al no tener un id existente entre los sprites, se asignará un sprte default
  DEBUG: Juego: Se cargó el objeto isla en la posición x = 0, y = 2000
  DEBUG: Juego: Se cargó el objeto isla en la posición x = 0, y = 2000Juego: Se cargó el objeto isla en la posición x = 400, y = 200
  DEBUG: Juego: Se cargó el objeto isla en la posición x = 0, y = 2000Juego: Se cargó el objeto isla en la posición x = 400, y = 200Juego: Se cargó el objeto piedra en la posición x = 236, y = 1364
  WARNING: Se cargo el path del sprite por default
  WARNING: Al no tener un id existente entre los sprites, se asignará un sprte default
  DEBUG: Server: Se desconectó un cliente.
  ===============================================
    Comienzo del Log ( 10-06-2016 a las 19:46 ) 
  ===============================================

  WARNING: Se cargo el path del sprite por default
  WARNING: Al no tener un id existente entre los sprites, se asignará un sprte default
  DEBUG: Server: fede ha ingresado a la partida.
  DEBUG: Server: Se acepto el cliente: 127.0.0.1
  WARNING: Se cargo el path del sprite por default
  WARNING: Al no tener un id existente entre los sprites, se asignará un sprte default
  DEBUG: Juego: Se cargó el objeto isla en la posición x = 0, y = 2000
  DEBUG: Juego: Se cargó el objeto isla en la posición x = 0, y = 2000Juego: Se cargó el objeto isla en la posición x = 400, y = 200
  DEBUG: Juego: Se cargó el objeto isla en la posición x = 0, y = 2000Juego: Se cargó el objeto isla en la posición x = 400, y = 200Juego: Se cargó el objeto piedra en la posición x = 236, y = 1364
  WARNING: Se cargo el path del sprite por default
  WARNING: Al no tener un id existente entre los sprites, se asignará un sprte default
  DEBUG: Server: Se desconectó un cliente.
  ===============================================
    Comienzo del Log ( 10-06-2016 a las 19:47 ) 
  ===============================================

  WARNING: Se cargo el path del sprite por default
  WARNING: Al no tener un id existente entre los sprites, se asignará un sprte default
  DEBUG: Server: fede ha ingresado a la partida.
  DEBUG: Server: Se acepto el cliente: 127.0.0.1
  WARNING: Se cargo el path del sprite por default
  WARNING: Al no tener un id existente entre los sprites, se asignará un sprte default
  DEBUG: Juego: Se cargó el objeto isla en la posición x = 0, y = 2000
  DEBUG: Juego: Se cargó el objeto isla en la posición x = 0, y = 2000Juego: Se cargó el objeto isla en la posición x = 400, y = 200
  DEBUG: Juego: Se cargó el objeto isla en la posición x = 0, y = 2000Juego: Se cargó el objeto isla en la posición x = 400, y = 200Juego: Se cargó el objeto piedra en la posición x = 236, y = 1364
  WARNING: Se cargo el path del sprite por default
  WARNING: Al no tener un id existente entre los sprites, se asignará un sprte default
  DEBUG: Server: Se desconectó un cliente.
  WARNING: Server: No se pudo enviar el mensaje.
  WARNING: Server: No se pudo enviar el mensaje.
  WARNING: Server: No se pudo enviar el mensaje.
  WARNING: Server: No se pudo enviar el mensaje.
  ===============================================
    Comienzo del Log ( 10-06-2016 a las 19:55 ) 
  ===============================================

  WARNING: Se cargo el path del sprite por default
  WARNING: Al no tener un id existente entre los sprites, se asignará un sprte default
  DEBUG: Server: fede ha ingresado a la partida.
  DEBUG: Server: Se acepto el cliente: 127.0.0.1
  WARNING: Se cargo el path del sprite por default
  WARNING: Al no tener un id existente entre los sprites, se asignará un sprte default
  DEBUG: Juego: Se cargó el objeto isla en la posición x = 0, y = 2000
  DEBUG: Juego: Se cargó el objeto isla en la posición x = 0, y = 2000Juego: Se cargó el objeto isla en la posición x = 400, y = 200
  DEBUG: Juego: Se cargó el objeto isla en la posición x = 0, y = 2000Juego: Se cargó el objeto isla en la posición x = 400, y = 200Juego: Se cargó el objeto piedra en la posición x = 236, y = 1364
  WARNING: Se cargo el path del sprite por default
  WARNING: Al no tener un id existente entre los sprites, se asignará un sprte default
  DEBUG: Server: Se desconectó un cliente.
  ===============================================
    Comienzo del Log ( 10-06-2016 a las 19:56 ) 
  ===============================================

  WARNING: Se cargo el path del sprite por default
  WARNING: Al no tener un id existente entre los sprites, se asignará un sprte default
  DEBUG: Server: fede ha ingresado a la partida.
  DEBUG: Server: Se acepto el cliente: 127.0.0.1
  WARNING: Se cargo el path del sprite por default
  WARNING: Al no tener un id existente entre los sprites, se asignará un sprte default
  DEBUG: Juego: Se cargó el objeto isla en la posición x = 0, y = 2000
  DEBUG: Juego: Se cargó el objeto isla en la posición x = 0, y = 2000Juego: Se cargó el objeto isla en la posición x = 400, y = 200
  DEBUG: Juego: Se cargó el objeto isla en la posición x = 0, y = 2000Juego: Se cargó el objeto isla en la posición x = 400, y = 200Juego: Se cargó el objeto piedra en la posición x = 236, y = 1364
  WARNING: Se cargo el path del sprite por default
  WARNING: Al no tener un id existente entre los sprites, se asignará un sprte default
  DEBUG: Server: Se desconectó un cliente.
