  ===============================================
    Comienzo del Log ( 15-06-2016 a las 00:00 ) 
  ===============================================

  DEBUG: Cliente: Se recibieron y cargaron todos los audios satisfactoriamente.
  DEBUG: Cliente: Conección al servidor exitosa.

  DEBUG: Cliente: Se recibieron y cargaron todas las texturas satisfactoriamente.
  DEBUG: Cliente: El cliente se ha desconectado satisfactoriamente
  ===============================================
    Comienzo del Log ( 15-06-2016 a las 00:01 ) 
  ===============================================

  DEBUG: Cliente: Se recibieron y cargaron todos los audios satisfactoriamente.
  DEBUG: Cliente: Conección al servidor exitosa.

  DEBUG: Cliente: Se recibieron y cargaron todas las texturas satisfactoriamente.
  DEBUG: Cliente: El cliente se ha desconectado satisfactoriamente
  ===============================================
    Comienzo del Log ( 15-06-2016 a las 00:04 ) 
  ===============================================

  DEBUG: Cliente: Se recibieron y cargaron todos los audios satisfactoriamente.
  DEBUG: Cliente: Conección al servidor exitosa.

  DEBUG: Cliente: Se recibieron y cargaron todas las texturas satisfactoriamente.
  DEBUG: Cliente: El cliente se ha desconectado satisfactoriamente
  ===============================================
    Comienzo del Log ( 15-06-2016 a las 00:11 ) 
  ===============================================

  DEBUG: Cliente: Se recibieron y cargaron todos los audios satisfactoriamente.
  DEBUG: Cliente: Conección al servidor exitosa.

  DEBUG: Cliente: Se recibieron y cargaron todas las texturas satisfactoriamente.
  DEBUG: Cliente: El cliente se ha desconectado satisfactoriamente
  ===============================================
    Comienzo del Log ( 15-06-2016 a las 00:11 ) 
  ===============================================

  DEBUG: Cliente: Se recibieron y cargaron todos los audios satisfactoriamente.
  DEBUG: Cliente: Conección al servidor exitosa.

  DEBUG: Cliente: Se recibieron y cargaron todas las texturas satisfactoriamente.
  DEBUG: Cliente: El cliente se ha desconectado satisfactoriamente
  ===============================================
    Comienzo del Log ( 15-06-2016 a las 00:13 ) 
  ===============================================

  DEBUG: Cliente: Se recibieron y cargaron todos los audios satisfactoriamente.
  DEBUG: Cliente: Conección al servidor exitosa.

  DEBUG: Cliente: Se recibieron y cargaron todas las texturas satisfactoriamente.
  DEBUG: Cliente: El cliente se ha desconectado satisfactoriamente
  ===============================================
    Comienzo del Log ( 15-06-2016 a las 00:13 ) 
  ===============================================

  DEBUG: Cliente: Se recibieron y cargaron todos los audios satisfactoriamente.
  DEBUG: Cliente: Conección al servidor exitosa.

  DEBUG: Cliente: Se recibieron y cargaron todas las texturas satisfactoriamente.
  DEBUG: Cliente: El cliente se ha desconectado satisfactoriamente
  ===============================================
    Comienzo del Log ( 15-06-2016 a las 00:14 ) 
  ===============================================

  DEBUG: Cliente: Se recibieron y cargaron todos los audios satisfactoriamente.
  DEBUG: Cliente: Conección al servidor exitosa.

  DEBUG: Cliente: Se recibieron y cargaron todas las texturas satisfactoriamente.
  DEBUG: Juego: El juego ha sido reiniciado.
  DEBUG: Cliente: Se recibieron y cargaron todas las texturas satisfactoriamente.
  DEBUG: Cliente: El cliente se ha desconectado satisfactoriamente
  ===============================================
    Comienzo del Log ( 15-06-2016 a las 00:14 ) 
  ===============================================

  DEBUG: Cliente: Se recibieron y cargaron todos los audios satisfactoriamente.
  DEBUG: Cliente: Conección al servidor exitosa.

  DEBUG: Cliente: Se recibieron y cargaron todas las texturas satisfactoriamente.
  DEBUG: Cliente: El cliente se ha desconectado satisfactoriamente
  ===============================================
    Comienzo del Log ( 15-06-2016 a las 00:20 ) 
  ===============================================

  DEBUG: Cliente: Se recibieron y cargaron todos los audios satisfactoriamente.
  DEBUG: Cliente: Conección al servidor exitosa.

  DEBUG: Cliente: Se recibieron y cargaron todas las texturas satisfactoriamente.
  DEBUG: Cliente: El cliente se ha desconectado satisfactoriamente
  ===============================================
    Comienzo del Log ( 15-06-2016 a las 00:22 ) 
  ===============================================

  DEBUG: Cliente: Se recibieron y cargaron todos los audios satisfactoriamente.
  DEBUG: Cliente: Conección al servidor exitosa.

  DEBUG: Cliente: Se recibieron y cargaron todas las texturas satisfactoriamente.
  DEBUG: Cliente: El cliente se ha desconectado satisfactoriamente
  ===============================================
    Comienzo del Log ( 15-06-2016 a las 00:23 ) 
  ===============================================

  DEBUG: Cliente: Se recibieron y cargaron todos los audios satisfactoriamente.
  DEBUG: Cliente: Conección al servidor exitosa.

  DEBUG: Cliente: Se recibieron y cargaron todas las texturas satisfactoriamente.
  DEBUG: Cliente: El cliente se ha desconectado satisfactoriamente
  ===============================================
    Comienzo del Log ( 15-06-2016 a las 00:27 ) 
  ===============================================

  DEBUG: Cliente: Se recibieron y cargaron todos los audios satisfactoriamente.
  DEBUG: Cliente: Conección al servidor exitosa.

  DEBUG: Cliente: Se recibieron y cargaron todas las texturas satisfactoriamente.
  DEBUG: Cliente: El cliente se ha desconectado satisfactoriamente
  ===============================================
    Comienzo del Log ( 15-06-2016 a las 00:27 ) 
  ===============================================

  DEBUG: Cliente: Se recibieron y cargaron todos los audios satisfactoriamente.
  DEBUG: Cliente: Conección al servidor exitosa.

  DEBUG: Cliente: Se recibieron y cargaron todas las texturas satisfactoriamente.
  DEBUG: Cliente: El cliente se ha desconectado satisfactoriamente
  ===============================================
    Comienzo del Log ( 15-06-2016 a las 00:28 ) 
  ===============================================

  DEBUG: Cliente: Se recibieron y cargaron todos los audios satisfactoriamente.
  DEBUG: Cliente: Conección al servidor exitosa.

  DEBUG: Cliente: Se recibieron y cargaron todas las texturas satisfactoriamente.
  DEBUG: Cliente: El cliente se ha desconectado satisfactoriamente
  ===============================================
    Comienzo del Log ( 15-06-2016 a las 00:28 ) 
  ===============================================

  DEBUG: Cliente: Se recibieron y cargaron todos los audios satisfactoriamente.
  DEBUG: Cliente: Conección al servidor exitosa.

  DEBUG: Cliente: Se recibieron y cargaron todas las texturas satisfactoriamente.
  DEBUG: Cliente: El cliente se ha desconectado satisfactoriamente
  ===============================================
    Comienzo del Log ( 15-06-2016 a las 00:28 ) 
  ===============================================

  DEBUG: Cliente: Se recibieron y cargaron todos los audios satisfactoriamente.
  DEBUG: Cliente: Conección al servidor exitosa.

  DEBUG: Cliente: Se recibieron y cargaron todas las texturas satisfactoriamente.
  DEBUG: Cliente: El cliente se ha desconectado satisfactoriamente
  ===============================================
    Comienzo del Log ( 15-06-2016 a las 00:38 ) 
  ===============================================

  DEBUG: Cliente: Se recibieron y cargaron todos los audios satisfactoriamente.
  DEBUG: Cliente: Conección al servidor exitosa.

  DEBUG: Cliente: Se recibieron y cargaron todas las texturas satisfactoriamente.
  DEBUG: Cliente: El cliente se ha desconectado satisfactoriamente
