  ===============================================
    Comienzo del Log ( 14-06-2016 a las 23:41 ) 
  ===============================================

  WARNING: Se cargo el path del sprite por default
  WARNING: Al no tener un id existente entre los sprites, se asignará un sprte default
  DEBUG: Server: a ha ingresado a la partida.
  DEBUG: Server: Se acepto el cliente: 127.0.0.1
  WARNING: Se cargo el path del sprite por default
  WARNING: Al no tener un id existente entre los sprites, se asignará un sprte default
  DEBUG: Juego: Se cargó el objeto isla en la posición x = 0, y = 2000
  DEBUG: Juego: Se cargó el objeto isla en la posición x = 0, y = 2000Juego: Se cargó el objeto isla en la posición x = 400, y = 200
  DEBUG: Juego: Se cargó el objeto isla en la posición x = 0, y = 2000Juego: Se cargó el objeto isla en la posición x = 400, y = 200Juego: Se cargó el objeto piedra en la posición x = 236, y = 1364
  WARNING: Se cargo el path del sprite por default
  WARNING: Al no tener un id existente entre los sprites, se asignará un sprte default
  WARNING: Server: No se pudo enviar el mensaje.
  WARNING: Server: No se pudo enviar el mensaje.
  WARNING: Server: No se pudo enviar el mensaje.
  WARNING: Server: No se pudo enviar el mensaje.
  WARNING: Server: No se pudo enviar el mensaje.
  WARNING: Server: No se pudo enviar el mensaje.
  WARNING: Server: No se pudo enviar el mensaje.
  WARNING: Server: No se pudo enviar el mensaje.
  WARNING: Server: No se pudo enviar el mensaje.
  WARNING: Server: No se pudo enviar el mensaje.
  WARNING: Server: No se pudo enviar el mensaje.
  WARNING: Server: No se pudo enviar el mensaje.
  WARNING: Server: No se pudo enviar el mensaje.
  WARNING: Server: No se pudo enviar el mensaje.
  WARNING: Server: No se pudo enviar el mensaje.
  WARNING: Server: No se pudo enviar el mensaje.
  WARNING: Server: No se pudo enviar el mensaje.
  WARNING: Server: No se pudo enviar el mensaje.
  WARNING: Server: No se pudo enviar el mensaje.
  WARNING: Server: No se pudo enviar el mensaje.
  WARNING: Server: No se pudo enviar el mensaje.
  WARNING: Server: No se pudo enviar el mensaje.
  WARNING: Server: No se pudo enviar el mensaje.
  WARNING: Server: No se pudo enviar el mensaje.
  WARNING: Server: No se pudo enviar el mensaje.
  WARNING: Server: No se pudo enviar el mensaje.
  WARNING: Server: No se pudo enviar el mensaje.
  WARNING: Server: No se pudo enviar el mensaje.
  WARNING: Server: No se pudo enviar el mensaje.
  WARNING: Server: No se pudo enviar el mensaje.
  WARNING: Server: No se pudo enviar el mensaje.
  WARNING: Server: No se pudo enviar el mensaje.
  WARNING: Server: No se pudo enviar el mensaje.
  WARNING: Server: No se pudo enviar el mensaje.
  WARNING: Server: No se pudo enviar el mensaje.
  WARNING: Server: No se pudo enviar el mensaje.
  WARNING: Server: No se pudo enviar el mensaje.
  WARNING: Server: No se pudo enviar el mensaje.
  WARNING: Server: No se pudo enviar el mensaje.
  WARNING: Server: No se pudo enviar el mensaje.
  WARNING: Server: No se pudo enviar el mensaje.
  WARNING: Server: No se pudo enviar el mensaje.
  WARNING: Server: No se pudo enviar el mensaje.
  WARNING: Server: No se pudo enviar el mensaje.
  WARNING: Server: No se pudo enviar el mensaje.
  WARNING: Server: No se pudo enviar el mensaje.
  WARNING: Server: No se pudo enviar el mensaje.
  WARNING: Server: No se pudo enviar el mensaje.
  WARNING: Server: No se pudo enviar el mensaje.
  WARNING: Server: No se pudo enviar el mensaje.
  WARNING: Server: No se pudo enviar el mensaje.
  WARNING: Server: No se pudo enviar el mensaje.
  WARNING: Server: No se pudo enviar el mensaje.
  WARNING: Server: No se pudo enviar el mensaje.
  WARNING: Server: No se pudo enviar el mensaje.
  WARNING: Server: No se pudo enviar el mensaje.
  WARNING: Server: No se pudo enviar el mensaje.
  WARNING: Server: No se pudo enviar el mensaje.
  WARNING: Server: No se pudo enviar el mensaje.
  WARNING: Server: No se pudo enviar el mensaje.
  WARNING: Server: No se pudo enviar el mensaje.
  WARNING: Server: No se pudo enviar el mensaje.
  WARNING: Server: No se pudo enviar el mensaje.
  WARNING: Server: No se pudo enviar el mensaje.
  WARNING: Server: No se pudo enviar el mensaje.
  WARNING: Server: No se pudo enviar el mensaje.
  WARNING: Server: No se pudo enviar el mensaje.
  WARNING: Server: No se pudo enviar el mensaje.
  WARNING: Server: No se pudo enviar el mensaje.
  WARNING: Server: No se pudo enviar el mensaje.
  WARNING: Server: No se pudo enviar el mensaje.
  WARNING: Server: No se pudo enviar el mensaje.
  WARNING: Server: No se pudo enviar el mensaje.
  WARNING: Server: No se pudo enviar el mensaje.
  DEBUG: Server: Se desconectó un cliente.
  ===============================================
    Comienzo del Log ( 14-06-2016 a las 23:44 ) 
  ===============================================

  WARNING: Se cargo el path del sprite por default
  WARNING: Al no tener un id existente entre los sprites, se asignará un sprte default
  DEBUG: Server: a ha ingresado a la partida.
  DEBUG: Server: Se acepto el cliente: 127.0.0.1
  WARNING: Se cargo el path del sprite por default
  WARNING: Al no tener un id existente entre los sprites, se asignará un sprte default
  DEBUG: Juego: Se cargó el objeto isla en la posición x = 0, y = 2000
  DEBUG: Juego: Se cargó el objeto isla en la posición x = 0, y = 2000Juego: Se cargó el objeto isla en la posición x = 400, y = 200
  DEBUG: Juego: Se cargó el objeto isla en la posición x = 0, y = 2000Juego: Se cargó el objeto isla en la posición x = 400, y = 200Juego: Se cargó el objeto piedra en la posición x = 236, y = 1364
  ===============================================
    Comienzo del Log ( 14-06-2016 a las 23:44 ) 
  ===============================================

  WARNING: Se cargo el path del sprite por default
  WARNING: Al no tener un id existente entre los sprites, se asignará un sprte default
  DEBUG: Server: a ha ingresado a la partida.
  DEBUG: Server: Se acepto el cliente: 127.0.0.1
  WARNING: Se cargo el path del sprite por default
  WARNING: Al no tener un id existente entre los sprites, se asignará un sprte default
  DEBUG: Server: Se desconectó un cliente.
  ===============================================
    Comienzo del Log ( 14-06-2016 a las 23:45 ) 
  ===============================================

  WARNING: Se cargo el path del sprite por default
  WARNING: Al no tener un id existente entre los sprites, se asignará un sprte default
  DEBUG: Server: a ha ingresado a la partida.
  DEBUG: Server: Se acepto el cliente: 127.0.0.1
  WARNING: Se cargo el path del sprite por default
  WARNING: Al no tener un id existente entre los sprites, se asignará un sprte default
  DEBUG: Juego: Se cargó el objeto isla en la posición x = 0, y = 2000
  DEBUG: Juego: Se cargó el objeto isla en la posición x = 0, y = 2000Juego: Se cargó el objeto isla en la posición x = 400, y = 200
  DEBUG: Juego: Se cargó el objeto isla en la posición x = 0, y = 2000Juego: Se cargó el objeto isla en la posición x = 400, y = 200Juego: Se cargó el objeto piedra en la posición x = 236, y = 1364
  WARNING: Se cargo el path del sprite por default
  WARNING: Al no tener un id existente entre los sprites, se asignará un sprte default
  DEBUG: Server: Se desconectó un cliente.
  ===============================================
    Comienzo del Log ( 14-06-2016 a las 23:48 ) 
  ===============================================

  WARNING: Se cargo el path del sprite por default
  WARNING: Al no tener un id existente entre los sprites, se asignará un sprte default
  DEBUG: Server: a ha ingresado a la partida.
  DEBUG: Server: Se acepto el cliente: 127.0.0.1
  WARNING: Se cargo el path del sprite por default
  WARNING: Al no tener un id existente entre los sprites, se asignará un sprte default
  DEBUG: Juego: Se cargó el objeto isla en la posición x = 0, y = 2000
  DEBUG: Juego: Se cargó el objeto isla en la posición x = 0, y = 2000Juego: Se cargó el objeto isla en la posición x = 400, y = 200
  DEBUG: Juego: Se cargó el objeto isla en la posición x = 0, y = 2000Juego: Se cargó el objeto isla en la posición x = 400, y = 200Juego: Se cargó el objeto piedra en la posición x = 236, y = 1364
  WARNING: Se cargo el path del sprite por default
  WARNING: Al no tener un id existente entre los sprites, se asignará un sprte default
  DEBUG: Server: Se desconectó un cliente.
  ===============================================
    Comienzo del Log ( 14-06-2016 a las 23:48 ) 
  ===============================================

  WARNING: Se cargo el path del sprite por default
  WARNING: Al no tener un id existente entre los sprites, se asignará un sprte default
  DEBUG: Server: a ha ingresado a la partida.
  DEBUG: Server: Se acepto el cliente: 127.0.0.1
  WARNING: Se cargo el path del sprite por default
  WARNING: Al no tener un id existente entre los sprites, se asignará un sprte default
  DEBUG: Juego: Se cargó el objeto isla en la posición x = 0, y = 2000
  DEBUG: Juego: Se cargó el objeto isla en la posición x = 0, y = 2000Juego: Se cargó el objeto isla en la posición x = 400, y = 200
  DEBUG: Juego: Se cargó el objeto isla en la posición x = 0, y = 2000Juego: Se cargó el objeto isla en la posición x = 400, y = 200Juego: Se cargó el objeto piedra en la posición x = 236, y = 1364
  WARNING: Se cargo el path del sprite por default
  WARNING: Al no tener un id existente entre los sprites, se asignará un sprte default
  WARNING: Server: No se pudo enviar el mensaje.
  WARNING: Server: No se pudo enviar el mensaje.
  WARNING: Server: No se pudo enviar el mensaje.
  WARNING: Server: No se pudo enviar el mensaje.
  WARNING: Server: No se pudo enviar el mensaje.
  WARNING: Server: No se pudo enviar el mensaje.
  WARNING: Server: No se pudo enviar el mensaje.
  DEBUG: Server: Se desconectó un cliente.
  WARNING: Server: No se pudo enviar el mensaje.
  WARNING: Server: No se pudo enviar el mensaje.
  WARNING: Server: No se pudo enviar el mensaje.
  WARNING: Server: No se pudo enviar el mensaje.
  WARNING: Server: No se pudo enviar el mensaje.
  WARNING: Server: No se pudo enviar el mensaje.
  WARNING: Server: No se pudo enviar el mensaje.
  WARNING: Server: No se pudo enviar el mensaje.
  WARNING: Server: No se pudo enviar el mensaje.
  WARNING: Server: No se pudo enviar el mensaje.
  WARNING: Server: No se pudo enviar el mensaje.
  WARNING: Server: No se pudo enviar el mensaje.
  WARNING: Server: No se pudo enviar el mensaje.
  WARNING: Server: No se pudo enviar el mensaje.
  WARNING: Server: No se pudo enviar el mensaje.
  WARNING: Server: No se pudo enviar el mensaje.
  WARNING: Server: No se pudo enviar el mensaje.
  WARNING: Server: No se pudo enviar el mensaje.
  WARNING: Server: No se pudo enviar el mensaje.
  WARNING: Server: No se pudo enviar el mensaje.
  WARNING: Server: No se pudo enviar el mensaje.
  WARNING: Server: No se pudo enviar el mensaje.
  ===============================================
    Comienzo del Log ( 14-06-2016 a las 23:54 ) 
  ===============================================

  WARNING: Se cargo el path del sprite por default
  WARNING: Al no tener un id existente entre los sprites, se asignará un sprte default
  DEBUG: Server: a ha ingresado a la partida.
  DEBUG: Server: Se acepto el cliente: 127.0.0.1
  WARNING: Se cargo el path del sprite por default
  WARNING: Al no tener un id existente entre los sprites, se asignará un sprte default
  DEBUG: Juego: Se cargó el objeto isla en la posición x = 0, y = 2000
  DEBUG: Juego: Se cargó el objeto isla en la posición x = 0, y = 2000Juego: Se cargó el objeto isla en la posición x = 400, y = 200
  DEBUG: Juego: Se cargó el objeto isla en la posición x = 0, y = 2000Juego: Se cargó el objeto isla en la posición x = 400, y = 200Juego: Se cargó el objeto piedra en la posición x = 236, y = 1364
  WARNING: Se cargo el path del sprite por default
  WARNING: Al no tener un id existente entre los sprites, se asignará un sprte default
  DEBUG: Server: Se desconectó un cliente.
