  ===============================================
    Comienzo del Log ( 10-05-2016 a las 00:01 ) 
  ===============================================

  DEBUG: Cliente: Conección al servidor exitosa.

  ===============================================
    Comienzo del Log ( 10-05-2016 a las 00:01 ) 
  ===============================================

  DEBUG: Cliente: Conección al servidor exitosa.

  DEBUG: Cliente: El cliente se ha desconectado satisfactoriamente
  DEBUG: Cliente: El jguador asdads se ha desconectado.
  DEBUG: Cliente: El cliente se ha desconectado satisfactoriamente
  ===============================================
    Comienzo del Log ( 10-05-2016 a las 00:04 ) 
  ===============================================

  DEBUG: Cliente: Conección al servidor exitosa.

  ===============================================
    Comienzo del Log ( 10-05-2016 a las 00:04 ) 
  ===============================================

  DEBUG: Cliente: Conección al servidor exitosa.

  DEBUG: Cliente: El cliente se ha desconectado satisfactoriamente
  DEBUG: Cliente: El jguador ads se ha desconectado.
  DEBUG: Cliente: El cliente se ha desconectado satisfactoriamente
  ===============================================
    Comienzo del Log ( 10-05-2016 a las 00:05 ) 
  ===============================================

  DEBUG: Cliente: Conección al servidor exitosa.

  ===============================================
    Comienzo del Log ( 10-05-2016 a las 00:05 ) 
  ===============================================

  DEBUG: Cliente: Conección al servidor exitosa.

  DEBUG: Cliente: El cliente se ha desconectado satisfactoriamente
  DEBUG: Cliente: El jguador dasdd se ha desconectado.
  DEBUG: Cliente: El cliente se ha desconectado satisfactoriamente
  ===============================================
    Comienzo del Log ( 10-05-2016 a las 00:05 ) 
  ===============================================

  DEBUG: Cliente: Conección al servidor exitosa.

  ===============================================
    Comienzo del Log ( 10-05-2016 a las 00:05 ) 
  ===============================================

  DEBUG: Cliente: Conección al servidor exitosa.

  DEBUG: Cliente: El cliente se ha desconectado satisfactoriamente
  DEBUG: Cliente: El jguador d se ha desconectado.
  DEBUG: Cliente: El cliente se ha desconectado satisfactoriamente
  ===============================================
    Comienzo del Log ( 10-05-2016 a las 00:07 ) 
  ===============================================

  DEBUG: Cliente: Conección al servidor exitosa.

  ===============================================
    Comienzo del Log ( 10-05-2016 a las 00:07 ) 
  ===============================================

  DEBUG: Cliente: Conección al servidor exitosa.

  DEBUG: Cliente: El cliente se ha desconectado satisfactoriamente
  DEBUG: Cliente: El jguador sadasd se ha desconectado.
  DEBUG: Cliente: El cliente se ha desconectado satisfactoriamente
  ===============================================
    Comienzo del Log ( 10-05-2016 a las 00:09 ) 
  ===============================================

  DEBUG: Cliente: Conección al servidor exitosa.

  ===============================================
    Comienzo del Log ( 10-05-2016 a las 00:09 ) 
  ===============================================

  DEBUG: Cliente: Conección al servidor exitosa.

  DEBUG: Cliente: El cliente se ha desconectado satisfactoriamente
  DEBUG: Cliente: El cliente se ha desconectado satisfactoriamente
  ===============================================
    Comienzo del Log ( 10-05-2016 a las 00:10 ) 
  ===============================================

  DEBUG: Cliente: Conección al servidor exitosa.

  ===============================================
    Comienzo del Log ( 10-05-2016 a las 00:10 ) 
  ===============================================

  DEBUG: Cliente: Conección al servidor exitosa.

  DEBUG: Cliente: El cliente se ha desconectado satisfactoriamente
  DEBUG: Cliente: El jguador asd se ha desconectado.
  DEBUG: Cliente: El cliente se ha desconectado satisfactoriamente
  ===============================================
    Comienzo del Log ( 10-05-2016 a las 00:10 ) 
  ===============================================

  DEBUG: Cliente: Conección al servidor exitosa.

  ===============================================
    Comienzo del Log ( 10-05-2016 a las 00:10 ) 
  ===============================================

  DEBUG: Cliente: Conección al servidor exitosa.

  DEBUG: Cliente: El cliente se ha desconectado satisfactoriamente
  DEBUG: Cliente: El jguador asd se ha desconectado.
  DEBUG: Cliente: El cliente se ha desconectado satisfactoriamente
  ===============================================
    Comienzo del Log ( 10-05-2016 a las 00:10 ) 
  ===============================================

  ===============================================
    Comienzo del Log ( 10-05-2016 a las 00:11 ) 
  ===============================================

  DEBUG: Cliente: Conección al servidor exitosa.

  ===============================================
    Comienzo del Log ( 10-05-2016 a las 00:11 ) 
  ===============================================

  DEBUG: Cliente: Conección al servidor exitosa.

  DEBUG: Cliente: El cliente se ha desconectado satisfactoriamente
  DEBUG: Cliente: El jguador asd se ha desconectado.
  DEBUG: Cliente: El cliente se ha desconectado satisfactoriamente
  ===============================================
    Comienzo del Log ( 10-05-2016 a las 00:15 ) 
  ===============================================

  DEBUG: Cliente: Conección al servidor exitosa.

  ===============================================
    Comienzo del Log ( 10-05-2016 a las 00:15 ) 
  ===============================================

  DEBUG: Cliente: Conección al servidor exitosa.

  DEBUG: Cliente: El cliente se ha desconectado satisfactoriamente
  DEBUG: Cliente: El cliente se ha desconectado satisfactoriamente
  ===============================================
    Comienzo del Log ( 10-05-2016 a las 00:15 ) 
  ===============================================

  DEBUG: Cliente: Conección al servidor exitosa.

  ===============================================
    Comienzo del Log ( 10-05-2016 a las 00:15 ) 
  ===============================================

  DEBUG: Cliente: Conección al servidor exitosa.

  DEBUG: Cliente: El cliente se ha desconectado satisfactoriamente
  DEBUG: Cliente: El jguador ads se ha desconectado.
  DEBUG: Cliente: El cliente se ha desconectado satisfactoriamente
  ===============================================
    Comienzo del Log ( 10-05-2016 a las 00:16 ) 
  ===============================================

  DEBUG: Cliente: Conección al servidor exitosa.

  ===============================================
    Comienzo del Log ( 10-05-2016 a las 00:17 ) 
  ===============================================

  DEBUG: Cliente: Conección al servidor exitosa.

  DEBUG: Cliente: El cliente se ha desconectado satisfactoriamente
  DEBUG: Cliente: El jguador dadsd se ha desconectado.
  DEBUG: Cliente: El cliente se ha desconectado satisfactoriamente
  ===============================================
    Comienzo del Log ( 10-05-2016 a las 00:24 ) 
  ===============================================

  DEBUG: Cliente: Conección al servidor exitosa.

  ===============================================
    Comienzo del Log ( 10-05-2016 a las 00:24 ) 
  ===============================================

  DEBUG: Cliente: Conección al servidor exitosa.

  DEBUG: Cliente: El cliente se ha desconectado satisfactoriamente
  DEBUG: Cliente: El jguador dsad se ha desconectado.
  DEBUG: Cliente: El cliente se ha desconectado satisfactoriamente
  ===============================================
    Comienzo del Log ( 10-05-2016 a las 00:26 ) 
  ===============================================

  DEBUG: Cliente: Conección al servidor exitosa.

  ===============================================
    Comienzo del Log ( 10-05-2016 a las 00:26 ) 
  ===============================================

  DEBUG: Cliente: Conección al servidor exitosa.

  DEBUG: Cliente: El cliente se ha desconectado satisfactoriamente
  DEBUG: Cliente: El jguador asd se ha desconectado.
  DEBUG: Cliente: El cliente se ha desconectado satisfactoriamente
  ===============================================
    Comienzo del Log ( 10-05-2016 a las 00:28 ) 
  ===============================================

  DEBUG: Cliente: Conección al servidor exitosa.

  ===============================================
    Comienzo del Log ( 10-05-2016 a las 00:28 ) 
  ===============================================

  DEBUG: Cliente: Conección al servidor exitosa.

  DEBUG: Cliente: El cliente se ha desconectado satisfactoriamente
  DEBUG: Cliente: El jguador asddas se ha desconectado.
  DEBUG: Cliente: El cliente se ha desconectado satisfactoriamente
  ===============================================
    Comienzo del Log ( 10-05-2016 a las 00:28 ) 
  ===============================================

  DEBUG: Cliente: Conección al servidor exitosa.

  ===============================================
    Comienzo del Log ( 10-05-2016 a las 00:28 ) 
  ===============================================

  DEBUG: Cliente: Conección al servidor exitosa.

  DEBUG: Cliente: El cliente se ha desconectado satisfactoriamente
  DEBUG: Cliente: El jguador asd se ha desconectado.
  DEBUG: Cliente: El cliente se ha desconectado satisfactoriamente
  ===============================================
    Comienzo del Log ( 10-05-2016 a las 00:28 ) 
  ===============================================

  DEBUG: Cliente: Conección al servidor exitosa.

  ===============================================
    Comienzo del Log ( 10-05-2016 a las 00:29 ) 
  ===============================================

  DEBUG: Cliente: Conección al servidor exitosa.

  DEBUG: Cliente: El cliente se ha desconectado satisfactoriamente
  DEBUG: Cliente: El jguador ad se ha desconectado.
  DEBUG: Cliente: El cliente se ha desconectado satisfactoriamente
  ===============================================
    Comienzo del Log ( 10-05-2016 a las 00:29 ) 
  ===============================================

  DEBUG: Cliente: Conección al servidor exitosa.

  ===============================================
    Comienzo del Log ( 10-05-2016 a las 00:29 ) 
  ===============================================

  DEBUG: Cliente: Conección al servidor exitosa.

  DEBUG: Cliente: El cliente se ha desconectado satisfactoriamente
  DEBUG: Cliente: El jguador sad se ha desconectado.
  DEBUG: Cliente: El cliente se ha desconectado satisfactoriamente
  ===============================================
    Comienzo del Log ( 10-05-2016 a las 00:29 ) 
  ===============================================

  DEBUG: Cliente: Conección al servidor exitosa.

  ===============================================
    Comienzo del Log ( 10-05-2016 a las 00:29 ) 
  ===============================================

  DEBUG: Cliente: Conección al servidor exitosa.

  DEBUG: Cliente: El cliente se ha desconectado satisfactoriamente
  DEBUG: Cliente: El jguador d se ha desconectado.
  DEBUG: Cliente: El cliente se ha desconectado satisfactoriamente
  ===============================================
    Comienzo del Log ( 10-05-2016 a las 00:29 ) 
  ===============================================

  DEBUG: Cliente: Conección al servidor exitosa.

  ===============================================
    Comienzo del Log ( 10-05-2016 a las 00:30 ) 
  ===============================================

  DEBUG: Cliente: Conección al servidor exitosa.

  DEBUG: Cliente: El cliente se ha desconectado satisfactoriamente
  DEBUG: Cliente: El jguador asdasd se ha desconectado.
  DEBUG: Cliente: El cliente se ha desconectado satisfactoriamente
  ===============================================
    Comienzo del Log ( 10-05-2016 a las 00:31 ) 
  ===============================================

  DEBUG: Cliente: Conección al servidor exitosa.

  ===============================================
    Comienzo del Log ( 10-05-2016 a las 00:31 ) 
  ===============================================

  DEBUG: Cliente: Conección al servidor exitosa.

  DEBUG: Cliente: El cliente se ha desconectado satisfactoriamente
  DEBUG: Cliente: El jguador d se ha desconectado.
  DEBUG: Cliente: El cliente se ha desconectado satisfactoriamente
  ===============================================
    Comienzo del Log ( 10-05-2016 a las 00:31 ) 
  ===============================================

  DEBUG: Cliente: Conección al servidor exitosa.

  ===============================================
    Comienzo del Log ( 10-05-2016 a las 00:31 ) 
  ===============================================

  DEBUG: Cliente: Conección al servidor exitosa.

  DEBUG: Cliente: El cliente se ha desconectado satisfactoriamente
  DEBUG: Cliente: El jguador asd se ha desconectado.
  DEBUG: Cliente: El cliente se ha desconectado satisfactoriamente
  ===============================================
    Comienzo del Log ( 10-05-2016 a las 00:34 ) 
  ===============================================

  DEBUG: Cliente: Conección al servidor exitosa.

  ===============================================
    Comienzo del Log ( 10-05-2016 a las 00:34 ) 
  ===============================================

  DEBUG: Cliente: Conección al servidor exitosa.

  DEBUG: Cliente: El cliente se ha desconectado satisfactoriamente
  DEBUG: Cliente: El jguador sadasd se ha desconectado.
  DEBUG: Cliente: El cliente se ha desconectado satisfactoriamente
  ===============================================
    Comienzo del Log ( 10-05-2016 a las 00:35 ) 
  ===============================================

  DEBUG: Cliente: Conección al servidor exitosa.

  ===============================================
    Comienzo del Log ( 10-05-2016 a las 00:35 ) 
  ===============================================

  DEBUG: Cliente: Conección al servidor exitosa.

  DEBUG: Cliente: El cliente se ha desconectado satisfactoriamente
  DEBUG: Cliente: El jguador a se ha desconectado.
  DEBUG: Cliente: El cliente se ha desconectado satisfactoriamente
  ===============================================
    Comienzo del Log ( 10-05-2016 a las 00:35 ) 
  ===============================================

  DEBUG: Cliente: Conección al servidor exitosa.

  ===============================================
    Comienzo del Log ( 10-05-2016 a las 00:35 ) 
  ===============================================

  DEBUG: Cliente: Conección al servidor exitosa.

  DEBUG: Cliente: El cliente se ha desconectado satisfactoriamente
  DEBUG: Cliente: El jguador asd se ha desconectado.
  DEBUG: Cliente: El cliente se ha desconectado satisfactoriamente
  ===============================================
    Comienzo del Log ( 10-05-2016 a las 00:52 ) 
  ===============================================

  DEBUG: Cliente: Conección al servidor exitosa.

  ===============================================
    Comienzo del Log ( 10-05-2016 a las 00:52 ) 
  ===============================================

  DEBUG: Cliente: Conección al servidor exitosa.

  DEBUG: Cliente: El cliente se ha desconectado satisfactoriamente
  DEBUG: Cliente: El jguador asddsa se ha desconectado.
  DEBUG: Cliente: El cliente se ha desconectado satisfactoriamente
  ===============================================
    Comienzo del Log ( 10-05-2016 a las 00:52 ) 
  ===============================================

  DEBUG: Cliente: Conección al servidor exitosa.

  ===============================================
    Comienzo del Log ( 10-05-2016 a las 00:52 ) 
  ===============================================

  DEBUG: Cliente: Conección al servidor exitosa.

  DEBUG: Cliente: El cliente se ha desconectado satisfactoriamente
  DEBUG: Cliente: El jguador asdda se ha desconectado.
  DEBUG: Cliente: El cliente se ha desconectado satisfactoriamente
  ===============================================
    Comienzo del Log ( 10-05-2016 a las 00:53 ) 
  ===============================================

  DEBUG: Cliente: Conección al servidor exitosa.

  ===============================================
    Comienzo del Log ( 10-05-2016 a las 00:53 ) 
  ===============================================

  DEBUG: Cliente: Conección al servidor exitosa.

  DEBUG: Cliente: El cliente se ha desconectado satisfactoriamente
  DEBUG: Cliente: El jguador adsdsa se ha desconectado.
  DEBUG: Cliente: El cliente se ha desconectado satisfactoriamente
  ===============================================
    Comienzo del Log ( 10-05-2016 a las 00:54 ) 
  ===============================================

  DEBUG: Cliente: Conección al servidor exitosa.

  ===============================================
    Comienzo del Log ( 10-05-2016 a las 00:54 ) 
  ===============================================

  ===============================================
    Comienzo del Log ( 10-05-2016 a las 00:54 ) 
  ===============================================

  DEBUG: Cliente: Conección al servidor exitosa.

  DEBUG: Cliente: El cliente se ha desconectado satisfactoriamente
  DEBUG: Cliente: El jguador asd se ha desconectado.
  DEBUG: Cliente: El cliente se ha desconectado satisfactoriamente
  ===============================================
    Comienzo del Log ( 10-05-2016 a las 00:55 ) 
  ===============================================

  DEBUG: Cliente: Conección al servidor exitosa.

  ===============================================
    Comienzo del Log ( 10-05-2016 a las 00:55 ) 
  ===============================================

  DEBUG: Cliente: Conección al servidor exitosa.

  DEBUG: Cliente: El cliente se ha desconectado satisfactoriamente
  DEBUG: Cliente: El jguador asddas se ha desconectado.
  DEBUG: Cliente: El cliente se ha desconectado satisfactoriamente
  ===============================================
    Comienzo del Log ( 10-05-2016 a las 00:55 ) 
  ===============================================

  DEBUG: Cliente: Conección al servidor exitosa.

  ===============================================
    Comienzo del Log ( 10-05-2016 a las 00:55 ) 
  ===============================================

  DEBUG: Cliente: Conección al servidor exitosa.

  DEBUG: Cliente: El cliente se ha desconectado satisfactoriamente
  DEBUG: Cliente: El jguador asdd se ha desconectado.
  DEBUG: Cliente: El cliente se ha desconectado satisfactoriamente
  ===============================================
    Comienzo del Log ( 10-05-2016 a las 00:57 ) 
  ===============================================

  DEBUG: Cliente: Conección al servidor exitosa.

  ===============================================
    Comienzo del Log ( 10-05-2016 a las 00:57 ) 
  ===============================================

  DEBUG: Cliente: El cliente se ha desconectado satisfactoriamente
  ===============================================
    Comienzo del Log ( 10-05-2016 a las 00:58 ) 
  ===============================================

  DEBUG: Cliente: Conección al servidor exitosa.

  ===============================================
    Comienzo del Log ( 10-05-2016 a las 00:58 ) 
  ===============================================

  DEBUG: Cliente: Conección al servidor exitosa.

  DEBUG: Cliente: El cliente se ha desconectado satisfactoriamente
  DEBUG: Cliente: El jguador a se ha desconectado.
  DEBUG: Cliente: El cliente se ha desconectado satisfactoriamente
  ===============================================
    Comienzo del Log ( 10-05-2016 a las 00:59 ) 
  ===============================================

  DEBUG: Cliente: Conección al servidor exitosa.

  ===============================================
    Comienzo del Log ( 10-05-2016 a las 00:59 ) 
  ===============================================

  DEBUG: Cliente: Conección al servidor exitosa.

  DEBUG: Cliente: El cliente se ha desconectado satisfactoriamente
  ===============================================
    Comienzo del Log ( 10-05-2016 a las 01:03 ) 
  ===============================================

  DEBUG: Cliente: Conección al servidor exitosa.

  DEBUG: Cliente: El cliente se ha desconectado satisfactoriamente
  ===============================================
    Comienzo del Log ( 10-05-2016 a las 01:03 ) 
  ===============================================

  DEBUG: Cliente: Conección al servidor exitosa.

  DEBUG: Cliente: El cliente se ha desconectado satisfactoriamente
  ===============================================
    Comienzo del Log ( 10-05-2016 a las 01:04 ) 
  ===============================================

  DEBUG: Cliente: Conección al servidor exitosa.

  ===============================================
    Comienzo del Log ( 10-05-2016 a las 01:06 ) 
  ===============================================

  DEBUG: Cliente: Conección al servidor exitosa.

  ===============================================
    Comienzo del Log ( 10-05-2016 a las 01:06 ) 
  ===============================================

  DEBUG: Cliente: Conección al servidor exitosa.

  DEBUG: Cliente: El cliente se ha desconectado satisfactoriamente
  DEBUG: Cliente: El jguador asdasd se ha desconectado.
  DEBUG: Cliente: El cliente se ha desconectado satisfactoriamente
  ===============================================
    Comienzo del Log ( 10-05-2016 a las 01:09 ) 
  ===============================================

  DEBUG: Cliente: Conección al servidor exitosa.

  ===============================================
    Comienzo del Log ( 10-05-2016 a las 01:09 ) 
  ===============================================

  DEBUG: Cliente: Conección al servidor exitosa.

  DEBUG: Cliente: El cliente se ha desconectado satisfactoriamente
  DEBUG: Cliente: El jguador sadd se ha desconectado.
  DEBUG: Cliente: El cliente se ha desconectado satisfactoriamente
  ===============================================
    Comienzo del Log ( 10-05-2016 a las 01:10 ) 
  ===============================================

  DEBUG: Cliente: Conección al servidor exitosa.

  ===============================================
    Comienzo del Log ( 10-05-2016 a las 01:10 ) 
  ===============================================

  DEBUG: Cliente: Conección al servidor exitosa.

  DEBUG: Cliente: El cliente se ha desconectado satisfactoriamente
  DEBUG: Cliente: El jguador asd se ha desconectado.
  DEBUG: Cliente: El cliente se ha desconectado satisfactoriamente
  ===============================================
    Comienzo del Log ( 10-05-2016 a las 01:16 ) 
  ===============================================

  DEBUG: Cliente: Conección al servidor exitosa.

  ===============================================
    Comienzo del Log ( 10-05-2016 a las 01:16 ) 
  ===============================================

  ===============================================
    Comienzo del Log ( 10-05-2016 a las 01:16 ) 
  ===============================================

  DEBUG: Cliente: Conección al servidor exitosa.

  DEBUG: Cliente: El cliente se ha desconectado satisfactoriamente
  DEBUG: Cliente: El jguador a se ha desconectado.
  DEBUG: Cliente: El cliente se ha desconectado satisfactoriamente
  ===============================================
    Comienzo del Log ( 10-05-2016 a las 01:17 ) 
  ===============================================

  DEBUG: Cliente: Conección al servidor exitosa.

  ===============================================
    Comienzo del Log ( 10-05-2016 a las 01:17 ) 
  ===============================================

  DEBUG: Cliente: Conección al servidor exitosa.

  DEBUG: Cliente: El cliente se ha desconectado satisfactoriamente
  DEBUG: Cliente: El jguador asdsad se ha desconectado.
  DEBUG: Cliente: El cliente se ha desconectado satisfactoriamente
  ===============================================
    Comienzo del Log ( 10-05-2016 a las 01:18 ) 
  ===============================================

  ===============================================
    Comienzo del Log ( 10-05-2016 a las 01:18 ) 
  ===============================================

  DEBUG: Cliente: Conección al servidor exitosa.

  ===============================================
    Comienzo del Log ( 10-05-2016 a las 01:18 ) 
  ===============================================

  DEBUG: Cliente: Conección al servidor exitosa.

  DEBUG: Cliente: El cliente se ha desconectado satisfactoriamente
  DEBUG: Cliente: El jguador asd se ha desconectado.
  DEBUG: Cliente: El cliente se ha desconectado satisfactoriamente
  ===============================================
    Comienzo del Log ( 10-05-2016 a las 01:19 ) 
  ===============================================

  DEBUG: Cliente: Conección al servidor exitosa.

  ===============================================
    Comienzo del Log ( 10-05-2016 a las 01:19 ) 
  ===============================================

  DEBUG: Cliente: Conección al servidor exitosa.

  DEBUG: Cliente: El cliente se ha desconectado satisfactoriamente
  DEBUG: Cliente: El jguador dsadsad se ha desconectado.
  DEBUG: Cliente: El cliente se ha desconectado satisfactoriamente
  ===============================================
    Comienzo del Log ( 10-05-2016 a las 01:19 ) 
  ===============================================

  DEBUG: Cliente: Conección al servidor exitosa.

  ===============================================
    Comienzo del Log ( 10-05-2016 a las 01:19 ) 
  ===============================================

  DEBUG: Cliente: Conección al servidor exitosa.

  DEBUG: Cliente: El cliente se ha desconectado satisfactoriamente
  DEBUG: Cliente: El jguador adsdsad se ha desconectado.
  DEBUG: Cliente: El cliente se ha desconectado satisfactoriamente
  ===============================================
    Comienzo del Log ( 10-05-2016 a las 01:20 ) 
  ===============================================

  ===============================================
    Comienzo del Log ( 10-05-2016 a las 01:20 ) 
  ===============================================

  ===============================================
    Comienzo del Log ( 10-05-2016 a las 01:21 ) 
  ===============================================

  DEBUG: Cliente: Conección al servidor exitosa.

  ===============================================
    Comienzo del Log ( 10-05-2016 a las 01:22 ) 
  ===============================================

  DEBUG: Cliente: Conección al servidor exitosa.

  ===============================================
    Comienzo del Log ( 10-05-2016 a las 01:22 ) 
  ===============================================

  DEBUG: Cliente: El cliente se ha desconectado satisfactoriamente
  DEBUG: Cliente: El jguador aad se ha desconectado.
  DEBUG: Cliente: El cliente se ha desconectado satisfactoriamente
  ===============================================
    Comienzo del Log ( 10-05-2016 a las 01:23 ) 
  ===============================================

  DEBUG: Cliente: Conección al servidor exitosa.

  ===============================================
    Comienzo del Log ( 10-05-2016 a las 01:23 ) 
  ===============================================

  DEBUG: Cliente: Conección al servidor exitosa.

  DEBUG: Cliente: El cliente se ha desconectado satisfactoriamente
  DEBUG: Cliente: El jguador dsadsa se ha desconectado.
  DEBUG: Cliente: El cliente se ha desconectado satisfactoriamente
  ===============================================
    Comienzo del Log ( 10-05-2016 a las 01:24 ) 
  ===============================================

  DEBUG: Cliente: Conección al servidor exitosa.

  ===============================================
    Comienzo del Log ( 10-05-2016 a las 01:24 ) 
  ===============================================

  DEBUG: Cliente: Conección al servidor exitosa.

  DEBUG: Cliente: El cliente se ha desconectado satisfactoriamente
  DEBUG: Cliente: El jguador asdasd se ha desconectado.
  DEBUG: Cliente: El cliente se ha desconectado satisfactoriamente
  ===============================================
    Comienzo del Log ( 10-05-2016 a las 01:24 ) 
  ===============================================

  DEBUG: Cliente: Conección al servidor exitosa.

  ===============================================
    Comienzo del Log ( 10-05-2016 a las 01:24 ) 
  ===============================================

  DEBUG: Cliente: Conección al servidor exitosa.

  DEBUG: Cliente: El cliente se ha desconectado satisfactoriamente
  DEBUG: Cliente: El jguador asd se ha desconectado.
  DEBUG: Cliente: El cliente se ha desconectado satisfactoriamente
  ===============================================
    Comienzo del Log ( 10-05-2016 a las 01:25 ) 
  ===============================================

  DEBUG: Cliente: Conección al servidor exitosa.

  ===============================================
    Comienzo del Log ( 10-05-2016 a las 01:25 ) 
  ===============================================

  DEBUG: Cliente: Conección al servidor exitosa.

  DEBUG: Cliente: El cliente se ha desconectado satisfactoriamente
  DEBUG: Cliente: El jguador asd se ha desconectado.
  DEBUG: Cliente: El cliente se ha desconectado satisfactoriamente
  ===============================================
    Comienzo del Log ( 10-05-2016 a las 01:27 ) 
  ===============================================

  DEBUG: Cliente: Conección al servidor exitosa.

  ===============================================
    Comienzo del Log ( 10-05-2016 a las 01:27 ) 
  ===============================================

  DEBUG: Cliente: Conección al servidor exitosa.

  DEBUG: Cliente: El cliente se ha desconectado satisfactoriamente
  DEBUG: Cliente: El jguador sadasd se ha desconectado.
  DEBUG: Cliente: El cliente se ha desconectado satisfactoriamente
  ===============================================
    Comienzo del Log ( 10-05-2016 a las 01:28 ) 
  ===============================================

  DEBUG: Cliente: Conección al servidor exitosa.

  ===============================================
    Comienzo del Log ( 10-05-2016 a las 01:28 ) 
  ===============================================

  ===============================================
    Comienzo del Log ( 10-05-2016 a las 01:28 ) 
  ===============================================

  DEBUG: Cliente: Conección al servidor exitosa.

  DEBUG: Cliente: El cliente se ha desconectado satisfactoriamente
  DEBUG: Cliente: El jguador asd se ha desconectado.
  DEBUG: Cliente: El cliente se ha desconectado satisfactoriamente
  ===============================================
    Comienzo del Log ( 10-05-2016 a las 01:29 ) 
  ===============================================

  DEBUG: Cliente: Conección al servidor exitosa.

  ===============================================
    Comienzo del Log ( 10-05-2016 a las 01:30 ) 
  ===============================================

  DEBUG: Cliente: Conección al servidor exitosa.

  DEBUG: Cliente: El cliente se ha desconectado satisfactoriamente
  DEBUG: Cliente: El jguador asd se ha desconectado.
  DEBUG: Cliente: El cliente se ha desconectado satisfactoriamente
  ===============================================
    Comienzo del Log ( 10-05-2016 a las 01:30 ) 
  ===============================================

  DEBUG: Cliente: Conección al servidor exitosa.

  DEBUG: Cliente: El cliente se ha desconectado satisfactoriamente
  ===============================================
    Comienzo del Log ( 10-05-2016 a las 01:31 ) 
  ===============================================

  DEBUG: Cliente: Conección al servidor exitosa.

  DEBUG: Cliente: El cliente se ha desconectado satisfactoriamente
  ===============================================
    Comienzo del Log ( 10-05-2016 a las 01:32 ) 
  ===============================================

  DEBUG: Cliente: Conección al servidor exitosa.

  DEBUG: Cliente: El cliente se ha desconectado satisfactoriamente
  ===============================================
    Comienzo del Log ( 10-05-2016 a las 01:32 ) 
  ===============================================

  DEBUG: Cliente: Conección al servidor exitosa.

  DEBUG: Cliente: El cliente se ha desconectado satisfactoriamente
  ===============================================
    Comienzo del Log ( 10-05-2016 a las 01:34 ) 
  ===============================================

  DEBUG: Cliente: Conección al servidor exitosa.

  DEBUG: Cliente: El jguador Clear se ha desconectado.
  DEBUG: Cliente: El cliente se ha desconectado satisfactoriamente
  ===============================================
    Comienzo del Log ( 10-05-2016 a las 01:37 ) 
  ===============================================

  DEBUG: Cliente: Conección al servidor exitosa.

  DEBUG: Cliente: El cliente se ha desconectado satisfactoriamente
  ===============================================
    Comienzo del Log ( 10-05-2016 a las 02:49 ) 
  ===============================================

  DEBUG: Cliente: Conección al servidor exitosa.

  ===============================================
    Comienzo del Log ( 10-05-2016 a las 02:50 ) 
  ===============================================

  WARNING: Cliente: El cliente no se pudo conectar satisfactoriamente
  ===============================================
    Comienzo del Log ( 10-05-2016 a las 02:51 ) 
  ===============================================

  DEBUG: Cliente: Conección al servidor exitosa.

  ===============================================
    Comienzo del Log ( 10-05-2016 a las 03:17 ) 
  ===============================================

  DEBUG: Cliente: Conección al servidor exitosa.

  DEBUG: Cliente: El cliente se ha desconectado satisfactoriamente
  ===============================================
    Comienzo del Log ( 10-05-2016 a las 23:40 ) 
  ===============================================

  DEBUG: Cliente: Conección al servidor exitosa.

  DEBUG: Juego: El juego ha sido reiniciado.
  DEBUG: Juego: El juego ha sido reiniciado.
  DEBUG: Juego: El juego ha sido reiniciado.
