  ===============================================
    Comienzo del Log ( 04-05-2016 a las 00:20 ) 
  ===============================================

  DEBUG: Cliente: Conección al servidor exitosa.

  ===============================================
    Comienzo del Log ( 04-05-2016 a las 00:28 ) 
  ===============================================

  DEBUG: Cliente: Conección al servidor exitosa.

  ===============================================
    Comienzo del Log ( 04-05-2016 a las 00:39 ) 
  ===============================================

  DEBUG: Cliente: Conección al servidor exitosa.

  ===============================================
    Comienzo del Log ( 04-05-2016 a las 00:56 ) 
  ===============================================

  ===============================================
    Comienzo del Log ( 04-05-2016 a las 00:57 ) 
  ===============================================

  WARNING: Cliente: El cliente no se pudo conectar satisfactoriamente
  ===============================================
    Comienzo del Log ( 04-05-2016 a las 00:57 ) 
  ===============================================

  DEBUG: Cliente: Conección al servidor exitosa.

  ===============================================
    Comienzo del Log ( 04-05-2016 a las 01:02 ) 
  ===============================================

  DEBUG: Cliente: Conección al servidor exitosa.

  ===============================================
    Comienzo del Log ( 04-05-2016 a las 01:10 ) 
  ===============================================

  DEBUG: Cliente: Conección al servidor exitosa.

  ===============================================
    Comienzo del Log ( 04-05-2016 a las 01:16 ) 
  ===============================================

  DEBUG: Cliente: Conección al servidor exitosa.

  ===============================================
    Comienzo del Log ( 04-05-2016 a las 01:16 ) 
  ===============================================

  WARNING: Cliente: El cliente no se pudo conectar satisfactoriamente
  ===============================================
    Comienzo del Log ( 04-05-2016 a las 01:17 ) 
  ===============================================

  WARNING: Cliente: El cliente no se pudo conectar satisfactoriamente
  ===============================================
    Comienzo del Log ( 04-05-2016 a las 01:17 ) 
  ===============================================

  DEBUG: Cliente: Conección al servidor exitosa.

  ===============================================
    Comienzo del Log ( 04-05-2016 a las 01:18 ) 
  ===============================================

  ===============================================
    Comienzo del Log ( 04-05-2016 a las 01:19 ) 
  ===============================================

  ===============================================
    Comienzo del Log ( 04-05-2016 a las 01:19 ) 
  ===============================================

  DEBUG: Cliente: El cliente se ha desconectado satisfactoriamente
  ===============================================
    Comienzo del Log ( 04-05-2016 a las 01:20 ) 
  ===============================================

  DEBUG: Cliente: Conección al servidor exitosa.

  ===============================================
    Comienzo del Log ( 04-05-2016 a las 01:21 ) 
  ===============================================

  DEBUG: Cliente: El cliente se ha desconectado satisfactoriamente
  ===============================================
    Comienzo del Log ( 04-05-2016 a las 01:21 ) 
  ===============================================

  WARNING: Cliente: El cliente no se pudo conectar satisfactoriamente
  ===============================================
    Comienzo del Log ( 04-05-2016 a las 01:22 ) 
  ===============================================

  DEBUG: Cliente: Conección al servidor exitosa.

  ===============================================
    Comienzo del Log ( 04-05-2016 a las 01:31 ) 
  ===============================================

  DEBUG: Cliente: Conección al servidor exitosa.

  ===============================================
    Comienzo del Log ( 04-05-2016 a las 01:34 ) 
  ===============================================

  ===============================================
    Comienzo del Log ( 04-05-2016 a las 01:35 ) 
  ===============================================

  DEBUG: Cliente: El cliente se ha desconectado satisfactoriamente
  ===============================================
    Comienzo del Log ( 04-05-2016 a las 01:35 ) 
  ===============================================

  DEBUG: Cliente: Conección al servidor exitosa.

  ===============================================
    Comienzo del Log ( 04-05-2016 a las 01:38 ) 
  ===============================================

  DEBUG: Cliente: Conección al servidor exitosa.

  ===============================================
    Comienzo del Log ( 04-05-2016 a las 01:41 ) 
  ===============================================

  DEBUG: Cliente: Conección al servidor exitosa.

  ===============================================
    Comienzo del Log ( 04-05-2016 a las 01:41 ) 
  ===============================================

  DEBUG: Cliente: Conección al servidor exitosa.

  ===============================================
    Comienzo del Log ( 04-05-2016 a las 01:42 ) 
  ===============================================

  DEBUG: Cliente: Conección al servidor exitosa.

  ===============================================
    Comienzo del Log ( 04-05-2016 a las 01:42 ) 
  ===============================================

  DEBUG: Cliente: Conección al servidor exitosa.

  ===============================================
    Comienzo del Log ( 04-05-2016 a las 01:43 ) 
  ===============================================

  DEBUG: Cliente: Conección al servidor exitosa.

  ===============================================
    Comienzo del Log ( 04-05-2016 a las 01:44 ) 
  ===============================================

  DEBUG: Cliente: Conección al servidor exitosa.

  ===============================================
    Comienzo del Log ( 04-05-2016 a las 01:47 ) 
  ===============================================

  DEBUG: Cliente: Conección al servidor exitosa.

  ===============================================
    Comienzo del Log ( 04-05-2016 a las 01:48 ) 
  ===============================================

  DEBUG: Cliente: Conección al servidor exitosa.

  ===============================================
    Comienzo del Log ( 04-05-2016 a las 01:53 ) 
  ===============================================

  WARNING: Cliente: El cliente no se pudo conectar satisfactoriamente
  ===============================================
    Comienzo del Log ( 04-05-2016 a las 01:53 ) 
  ===============================================

  DEBUG: Cliente: Conección al servidor exitosa.

  ===============================================
    Comienzo del Log ( 04-05-2016 a las 01:55 ) 
  ===============================================

  DEBUG: Cliente: Conección al servidor exitosa.

  ===============================================
    Comienzo del Log ( 04-05-2016 a las 01:56 ) 
  ===============================================

  DEBUG: Cliente: Conección al servidor exitosa.

  ===============================================
    Comienzo del Log ( 04-05-2016 a las 14:18 ) 
  ===============================================

  DEBUG: Cliente: Conección al servidor exitosa.

  ===============================================
    Comienzo del Log ( 04-05-2016 a las 14:23 ) 
  ===============================================

  DEBUG: Cliente: Conección al servidor exitosa.

  ===============================================
    Comienzo del Log ( 04-05-2016 a las 14:26 ) 
  ===============================================

  DEBUG: Cliente: Conección al servidor exitosa.

  ===============================================
    Comienzo del Log ( 04-05-2016 a las 14:30 ) 
  ===============================================

  WARNING: Cliente: El cliente no se pudo conectar satisfactoriamente
  ===============================================
    Comienzo del Log ( 04-05-2016 a las 14:31 ) 
  ===============================================

  DEBUG: Cliente: Conección al servidor exitosa.

  ===============================================
    Comienzo del Log ( 04-05-2016 a las 14:35 ) 
  ===============================================

  DEBUG: Cliente: Conección al servidor exitosa.

  ===============================================
    Comienzo del Log ( 04-05-2016 a las 14:53 ) 
  ===============================================

  DEBUG: Cliente: Conección al servidor exitosa.

  ===============================================
    Comienzo del Log ( 04-05-2016 a las 14:59 ) 
  ===============================================

  DEBUG: Cliente: Conección al servidor exitosa.

  ===============================================
    Comienzo del Log ( 04-05-2016 a las 14:59 ) 
  ===============================================

  DEBUG: Cliente: Conección al servidor exitosa.

  ===============================================
    Comienzo del Log ( 04-05-2016 a las 15:00 ) 
  ===============================================

  WARNING: Cliente: El cliente no se pudo conectar satisfactoriamente
  ===============================================
    Comienzo del Log ( 04-05-2016 a las 15:01 ) 
  ===============================================

  DEBUG: Cliente: Conección al servidor exitosa.

  ===============================================
    Comienzo del Log ( 04-05-2016 a las 15:01 ) 
  ===============================================

  DEBUG: Cliente: Conección al servidor exitosa.

  ===============================================
    Comienzo del Log ( 04-05-2016 a las 15:02 ) 
  ===============================================

  DEBUG: Cliente: Conección al servidor exitosa.

  ===============================================
    Comienzo del Log ( 04-05-2016 a las 15:02 ) 
  ===============================================

  DEBUG: Cliente: Conección al servidor exitosa.

  ===============================================
    Comienzo del Log ( 04-05-2016 a las 15:03 ) 
  ===============================================

  WARNING: Cliente: El cliente no se pudo conectar satisfactoriamente
  ===============================================
    Comienzo del Log ( 04-05-2016 a las 15:03 ) 
  ===============================================

  WARNING: Cliente: El cliente no se pudo conectar satisfactoriamente
  ===============================================
    Comienzo del Log ( 04-05-2016 a las 15:03 ) 
  ===============================================

  DEBUG: Cliente: Conección al servidor exitosa.

  ===============================================
    Comienzo del Log ( 04-05-2016 a las 15:05 ) 
  ===============================================

  DEBUG: Cliente: Conección al servidor exitosa.

  ===============================================
    Comienzo del Log ( 04-05-2016 a las 15:07 ) 
  ===============================================

  DEBUG: Cliente: El cliente se ha desconectado satisfactoriamente
  WARNING: Server: No se pudo enviar el mensaje.
  WARNING: Server: No se pudo enviar el mensaje.
  WARNING: Server: No se pudo enviar el mensaje.
  WARNING: Server: No se pudo enviar el mensaje.
  WARNING: Server: No se pudo enviar el mensaje.
  WARNING: Server: No se pudo enviar el mensaje.
  WARNING: Server: No se pudo enviar el mensaje.
  WARNING: Server: No se pudo enviar el mensaje.
  WARNING: Server: No se pudo enviar el mensaje.
  WARNING: Server: No se pudo enviar el mensaje.
  WARNING: Server: No se pudo enviar el mensaje.
  WARNING: Server: No se pudo enviar el mensaje.
  WARNING: Server: No se pudo enviar el mensaje.
  ===============================================
    Comienzo del Log ( 04-05-2016 a las 15:08 ) 
  ===============================================

  DEBUG: Cliente: El cliente se ha desconectado satisfactoriamente
  WARNING: Server: No se pudo enviar el mensaje.
  WARNING: Server: No se pudo enviar el mensaje.
  WARNING: Server: No se pudo enviar el mensaje.
  WARNING: Server: No se pudo enviar el mensaje.
  WARNING: Server: No se pudo enviar el mensaje.
  WARNING: Server: No se pudo enviar el mensaje.
  WARNING: Server: No se pudo enviar el mensaje.
  WARNING: Server: No se pudo enviar el mensaje.
  WARNING: Server: No se pudo enviar el mensaje.
  WARNING: Server: No se pudo enviar el mensaje.
  WARNING: Server: No se pudo enviar el mensaje.
  WARNING: Server: No se pudo enviar el mensaje.
  WARNING: Server: No se pudo enviar el mensaje.
  WARNING: Server: No se pudo enviar el mensaje.
  WARNING: Server: No se pudo enviar el mensaje.
  WARNING: Server: No se pudo enviar el mensaje.
  WARNING: Server: No se pudo enviar el mensaje.
  WARNING: Server: No se pudo enviar el mensaje.
  WARNING: Server: No se pudo enviar el mensaje.
  WARNING: Server: No se pudo enviar el mensaje.
  WARNING: Server: No se pudo enviar el mensaje.
  WARNING: Server: No se pudo enviar el mensaje.
  WARNING: Server: No se pudo enviar el mensaje.
  ===============================================
    Comienzo del Log ( 04-05-2016 a las 15:09 ) 
  ===============================================

  DEBUG: Cliente: Conección al servidor exitosa.

  ===============================================
    Comienzo del Log ( 04-05-2016 a las 15:09 ) 
  ===============================================

  DEBUG: Cliente: El cliente se ha desconectado satisfactoriamente
  WARNING: Server: No se pudo enviar el mensaje.
  WARNING: Server: No se pudo enviar el mensaje.
  WARNING: Server: No se pudo enviar el mensaje.
  WARNING: Server: No se pudo enviar el mensaje.
  WARNING: Server: No se pudo enviar el mensaje.
  WARNING: Server: No se pudo enviar el mensaje.
  WARNING: Server: No se pudo enviar el mensaje.
  WARNING: Server: No se pudo enviar el mensaje.
  WARNING: Server: No se pudo enviar el mensaje.
  WARNING: Server: No se pudo enviar el mensaje.
  WARNING: Server: No se pudo enviar el mensaje.
  WARNING: Server: No se pudo enviar el mensaje.
  WARNING: Server: No se pudo enviar el mensaje.
  WARNING: Server: No se pudo enviar el mensaje.
  WARNING: Server: No se pudo enviar el mensaje.
  WARNING: Server: No se pudo enviar el mensaje.
  WARNING: Server: No se pudo enviar el mensaje.
  WARNING: Server: No se pudo enviar el mensaje.
  WARNING: Server: No se pudo enviar el mensaje.
  WARNING: Server: No se pudo enviar el mensaje.
  WARNING: Server: No se pudo enviar el mensaje.
  WARNING: Server: No se pudo enviar el mensaje.
  WARNING: Server: No se pudo enviar el mensaje.
  WARNING: Server: No se pudo enviar el mensaje.
  WARNING: Server: No se pudo enviar el mensaje.
  WARNING: Server: No se pudo enviar el mensaje.
  WARNING: Server: No se pudo enviar el mensaje.
  WARNING: Server: No se pudo enviar el mensaje.
  WARNING: Server: No se pudo enviar el mensaje.
  WARNING: Server: No se pudo enviar el mensaje.
  WARNING: Server: No se pudo enviar el mensaje.
  WARNING: Server: No se pudo enviar el mensaje.
  WARNING: Server: No se pudo enviar el mensaje.
  WARNING: Server: No se pudo enviar el mensaje.
  WARNING: Server: No se pudo enviar el mensaje.
  WARNING: Server: No se pudo enviar el mensaje.
  WARNING: Server: No se pudo enviar el mensaje.
  WARNING: Server: No se pudo enviar el mensaje.
  WARNING: Server: No se pudo enviar el mensaje.
  WARNING: Server: No se pudo enviar el mensaje.
  WARNING: Server: No se pudo enviar el mensaje.
  WARNING: Server: No se pudo enviar el mensaje.
  WARNING: Server: No se pudo enviar el mensaje.
  WARNING: Server: No se pudo enviar el mensaje.
  WARNING: Server: No se pudo enviar el mensaje.
  WARNING: Server: No se pudo enviar el mensaje.
  ===============================================
    Comienzo del Log ( 04-05-2016 a las 15:11 ) 
  ===============================================

  DEBUG: Cliente: Conección al servidor exitosa.

  ===============================================
    Comienzo del Log ( 04-05-2016 a las 15:15 ) 
  ===============================================

  DEBUG: Cliente: Conección al servidor exitosa.

  ===============================================
    Comienzo del Log ( 04-05-2016 a las 15:15 ) 
  ===============================================

  DEBUG: Cliente: El cliente se ha desconectado satisfactoriamente
  ===============================================
    Comienzo del Log ( 04-05-2016 a las 15:16 ) 
  ===============================================

  DEBUG: Cliente: Conección al servidor exitosa.

  ===============================================
    Comienzo del Log ( 04-05-2016 a las 15:18 ) 
  ===============================================

  DEBUG: Cliente: Conección al servidor exitosa.

  ===============================================
    Comienzo del Log ( 04-05-2016 a las 15:19 ) 
  ===============================================

  DEBUG: Cliente: Conección al servidor exitosa.

  ===============================================
    Comienzo del Log ( 04-05-2016 a las 15:24 ) 
  ===============================================

  DEBUG: Cliente: Conección al servidor exitosa.

  ===============================================
    Comienzo del Log ( 04-05-2016 a las 15:26 ) 
  ===============================================

  DEBUG: Cliente: Conección al servidor exitosa.

  ===============================================
    Comienzo del Log ( 04-05-2016 a las 15:27 ) 
  ===============================================

  DEBUG: Cliente: Conección al servidor exitosa.

  ===============================================
    Comienzo del Log ( 04-05-2016 a las 15:30 ) 
  ===============================================

  DEBUG: Cliente: Conección al servidor exitosa.

  ===============================================
    Comienzo del Log ( 04-05-2016 a las 15:33 ) 
  ===============================================

  DEBUG: Cliente: Conección al servidor exitosa.

  ===============================================
    Comienzo del Log ( 04-05-2016 a las 15:34 ) 
  ===============================================

  DEBUG: Cliente: Conección al servidor exitosa.

  ===============================================
    Comienzo del Log ( 04-05-2016 a las 15:39 ) 
  ===============================================

  DEBUG: Cliente: Conección al servidor exitosa.

  ===============================================
    Comienzo del Log ( 04-05-2016 a las 15:41 ) 
  ===============================================

  DEBUG: Cliente: Conección al servidor exitosa.

  ===============================================
    Comienzo del Log ( 04-05-2016 a las 15:43 ) 
  ===============================================

  WARNING: Cliente: El cliente no se pudo conectar satisfactoriamente
  ===============================================
    Comienzo del Log ( 04-05-2016 a las 15:43 ) 
  ===============================================

  DEBUG: Cliente: Conección al servidor exitosa.

  ===============================================
    Comienzo del Log ( 04-05-2016 a las 15:45 ) 
  ===============================================

  DEBUG: Cliente: Conección al servidor exitosa.

  ===============================================
    Comienzo del Log ( 04-05-2016 a las 15:45 ) 
  ===============================================

  WARNING: Cliente: El cliente no se pudo conectar satisfactoriamente
  ===============================================
    Comienzo del Log ( 04-05-2016 a las 15:45 ) 
  ===============================================

  DEBUG: Cliente: Conección al servidor exitosa.

  ===============================================
    Comienzo del Log ( 04-05-2016 a las 15:47 ) 
  ===============================================

  DEBUG: Cliente: Conección al servidor exitosa.

  ===============================================
    Comienzo del Log ( 04-05-2016 a las 15:49 ) 
  ===============================================

  DEBUG: Cliente: Conección al servidor exitosa.

  ===============================================
    Comienzo del Log ( 04-05-2016 a las 15:55 ) 
  ===============================================

  DEBUG: Cliente: Conección al servidor exitosa.

  DEBUG: Cliente: El cliente se ha desconectado satisfactoriamente
  WARNING: Server: No se pudo enviar el mensaje.
  WARNING: Server: No se pudo enviar el mensaje.
  WARNING: Server: No se pudo enviar el mensaje.
  WARNING: Server: No se pudo enviar el mensaje.
  WARNING: Server: No se pudo enviar el mensaje.
  WARNING: Server: No se pudo enviar el mensaje.
  WARNING: Server: No se pudo enviar el mensaje.
  WARNING: Server: No se pudo enviar el mensaje.
  WARNING: Server: No se pudo enviar el mensaje.
  WARNING: Server: No se pudo enviar el mensaje.
  WARNING: Server: No se pudo enviar el mensaje.
  WARNING: Server: No se pudo enviar el mensaje.
  WARNING: Server: No se pudo enviar el mensaje.
  WARNING: Server: No se pudo enviar el mensaje.
  WARNING: Server: No se pudo enviar el mensaje.
  WARNING: Server: No se pudo enviar el mensaje.
  WARNING: Server: No se pudo enviar el mensaje.
  WARNING: Server: No se pudo enviar el mensaje.
  WARNING: Server: No se pudo enviar el mensaje.
  WARNING: Server: No se pudo enviar el mensaje.
  WARNING: Server: No se pudo enviar el mensaje.
  WARNING: Server: No se pudo enviar el mensaje.
  WARNING: Server: No se pudo enviar el mensaje.
  WARNING: Server: No se pudo enviar el mensaje.
  WARNING: Server: No se pudo enviar el mensaje.
  WARNING: Server: No se pudo enviar el mensaje.
  WARNING: Server: No se pudo enviar el mensaje.
  WARNING: Server: No se pudo enviar el mensaje.
  WARNING: Server: No se pudo enviar el mensaje.
  WARNING: Server: No se pudo enviar el mensaje.
  WARNING: Server: No se pudo enviar el mensaje.
  WARNING: Server: No se pudo enviar el mensaje.
  WARNING: Server: No se pudo enviar el mensaje.
  WARNING: Server: No se pudo enviar el mensaje.
  WARNING: Server: No se pudo enviar el mensaje.
  WARNING: Server: No se pudo enviar el mensaje.
  WARNING: Server: No se pudo enviar el mensaje.
  WARNING: Server: No se pudo enviar el mensaje.
  WARNING: Server: No se pudo enviar el mensaje.
  WARNING: Server: No se pudo enviar el mensaje.
  WARNING: Server: No se pudo enviar el mensaje.
  WARNING: Server: No se pudo enviar el mensaje.
  WARNING: Server: No se pudo enviar el mensaje.
  WARNING: Server: No se pudo enviar el mensaje.
  WARNING: Server: No se pudo enviar el mensaje.
  WARNING: Server: No se pudo enviar el mensaje.
  WARNING: Server: No se pudo enviar el mensaje.
  WARNING: Server: No se pudo enviar el mensaje.
  WARNING: Server: No se pudo enviar el mensaje.
  WARNING: Server: No se pudo enviar el mensaje.
  WARNING: Server: No se pudo enviar el mensaje.
  WARNING: Server: No se pudo enviar el mensaje.
  WARNING: Server: No se pudo enviar el mensaje.
  WARNING: Server: No se pudo enviar el mensaje.
  WARNING: Server: No se pudo enviar el mensaje.
  WARNING: Server: No se pudo enviar el mensaje.
  WARNING: Server: No se pudo enviar el mensaje.
  WARNING: Server: No se pudo enviar el mensaje.
  WARNING: Server: No se pudo enviar el mensaje.
  WARNING: Server: No se pudo enviar el mensaje.
  WARNING: Server: No se pudo enviar el mensaje.
  WARNING: Server: No se pudo enviar el mensaje.
  WARNING: Server: No se pudo enviar el mensaje.
  WARNING: Server: No se pudo enviar el mensaje.
  WARNING: Server: No se pudo enviar el mensaje.
  WARNING: Server: No se pudo enviar el mensaje.
  WARNING: Server: No se pudo enviar el mensaje.
  WARNING: Server: No se pudo enviar el mensaje.
  WARNING: Server: No se pudo enviar el mensaje.
  WARNING: Server: No se pudo enviar el mensaje.
  WARNING: Server: No se pudo enviar el mensaje.
  WARNING: Server: No se pudo enviar el mensaje.
  WARNING: Server: No se pudo enviar el mensaje.
  WARNING: Server: No se pudo enviar el mensaje.
  WARNING: Server: No se pudo enviar el mensaje.
  WARNING: Server: No se pudo enviar el mensaje.
  WARNING: Server: No se pudo enviar el mensaje.
  WARNING: Server: No se pudo enviar el mensaje.
  WARNING: Server: No se pudo enviar el mensaje.
  WARNING: Server: No se pudo enviar el mensaje.
  WARNING: Server: No se pudo enviar el mensaje.
  WARNING: Server: No se pudo enviar el mensaje.
  WARNING: Server: No se pudo enviar el mensaje.
  WARNING: Server: No se pudo enviar el mensaje.
  WARNING: Server: No se pudo enviar el mensaje.
  WARNING: Server: No se pudo enviar el mensaje.
  WARNING: Server: No se pudo enviar el mensaje.
  WARNING: Server: No se pudo enviar el mensaje.
  WARNING: Server: No se pudo enviar el mensaje.
  WARNING: Server: No se pudo enviar el mensaje.
  WARNING: Server: No se pudo enviar el mensaje.
  WARNING: Server: No se pudo enviar el mensaje.
  WARNING: Server: No se pudo enviar el mensaje.
  WARNING: Server: No se pudo enviar el mensaje.
  WARNING: Server: No se pudo enviar el mensaje.
  WARNING: Server: No se pudo enviar el mensaje.
  WARNING: Server: No se pudo enviar el mensaje.
  WARNING: Server: No se pudo enviar el mensaje.
  WARNING: Server: No se pudo enviar el mensaje.
  WARNING: Server: No se pudo enviar el mensaje.
  WARNING: Server: No se pudo enviar el mensaje.
  WARNING: Server: No se pudo enviar el mensaje.
  WARNING: Server: No se pudo enviar el mensaje.
  WARNING: Server: No se pudo enviar el mensaje.
  WARNING: Server: No se pudo enviar el mensaje.
  WARNING: Server: No se pudo enviar el mensaje.
  WARNING: Server: No se pudo enviar el mensaje.
  WARNING: Server: No se pudo enviar el mensaje.
  WARNING: Server: No se pudo enviar el mensaje.
  WARNING: Server: No se pudo enviar el mensaje.
  WARNING: Server: No se pudo enviar el mensaje.
  WARNING: Server: No se pudo enviar el mensaje.
  WARNING: Server: No se pudo enviar el mensaje.
  WARNING: Server: No se pudo enviar el mensaje.
  WARNING: Server: No se pudo enviar el mensaje.
  WARNING: Server: No se pudo enviar el mensaje.
  WARNING: Server: No se pudo enviar el mensaje.
  WARNING: Server: No se pudo enviar el mensaje.
  WARNING: Server: No se pudo enviar el mensaje.
  WARNING: Server: No se pudo enviar el mensaje.
  WARNING: Server: No se pudo enviar el mensaje.
  WARNING: Server: No se pudo enviar el mensaje.
  WARNING: Server: No se pudo enviar el mensaje.
  WARNING: Server: No se pudo enviar el mensaje.
  WARNING: Server: No se pudo enviar el mensaje.
  WARNING: Server: No se pudo enviar el mensaje.
  WARNING: Server: No se pudo enviar el mensaje.
  WARNING: Server: No se pudo enviar el mensaje.
  WARNING: Server: No se pudo enviar el mensaje.
  WARNING: Server: No se pudo enviar el mensaje.
  WARNING: Server: No se pudo enviar el mensaje.
  WARNING: Server: No se pudo enviar el mensaje.
  WARNING: Server: No se pudo enviar el mensaje.
  WARNING: Server: No se pudo enviar el mensaje.
  WARNING: Server: No se pudo enviar el mensaje.
  WARNING: Server: No se pudo enviar el mensaje.
  WARNING: Server: No se pudo enviar el mensaje.
  WARNING: Server: No se pudo enviar el mensaje.
  WARNING: Server: No se pudo enviar el mensaje.
  WARNING: Server: No se pudo enviar el mensaje.
  WARNING: Server: No se pudo enviar el mensaje.
  WARNING: Server: No se pudo enviar el mensaje.
  WARNING: Server: No se pudo enviar el mensaje.
  WARNING: Server: No se pudo enviar el mensaje.
  WARNING: Server: No se pudo enviar el mensaje.
  WARNING: Server: No se pudo enviar el mensaje.
  WARNING: Server: No se pudo enviar el mensaje.
  WARNING: Server: No se pudo enviar el mensaje.
  WARNING: Server: No se pudo enviar el mensaje.
  WARNING: Server: No se pudo enviar el mensaje.
  WARNING: Server: No se pudo enviar el mensaje.
  WARNING: Server: No se pudo enviar el mensaje.
  WARNING: Server: No se pudo enviar el mensaje.
  WARNING: Server: No se pudo enviar el mensaje.
  WARNING: Server: No se pudo enviar el mensaje.
  WARNING: Server: No se pudo enviar el mensaje.
  WARNING: Server: No se pudo enviar el mensaje.
  WARNING: Server: No se pudo enviar el mensaje.
  WARNING: Server: No se pudo enviar el mensaje.
  WARNING: Server: No se pudo enviar el mensaje.
  WARNING: Server: No se pudo enviar el mensaje.
  WARNING: Server: No se pudo enviar el mensaje.
  WARNING: Server: No se pudo enviar el mensaje.
  WARNING: Server: No se pudo enviar el mensaje.
  WARNING: Server: No se pudo enviar el mensaje.
  ===============================================
    Comienzo del Log ( 04-05-2016 a las 15:57 ) 
  ===============================================

  DEBUG: Cliente: Conección al servidor exitosa.

  ===============================================
    Comienzo del Log ( 04-05-2016 a las 15:59 ) 
  ===============================================

  DEBUG: Cliente: Conección al servidor exitosa.

  ===============================================
    Comienzo del Log ( 04-05-2016 a las 16:10 ) 
  ===============================================

  DEBUG: Cliente: Conección al servidor exitosa.

  ===============================================
    Comienzo del Log ( 04-05-2016 a las 16:12 ) 
  ===============================================

  DEBUG: Cliente: Conección al servidor exitosa.

  ===============================================
    Comienzo del Log ( 04-05-2016 a las 16:20 ) 
  ===============================================

  DEBUG: Cliente: Conección al servidor exitosa.

  ===============================================
    Comienzo del Log ( 04-05-2016 a las 16:30 ) 
  ===============================================

  DEBUG: Cliente: Conección al servidor exitosa.

  ===============================================
    Comienzo del Log ( 04-05-2016 a las 16:40 ) 
  ===============================================

  DEBUG: Cliente: Conección al servidor exitosa.

  ===============================================
    Comienzo del Log ( 04-05-2016 a las 16:41 ) 
  ===============================================

  DEBUG: Cliente: Conección al servidor exitosa.

  ===============================================
    Comienzo del Log ( 04-05-2016 a las 16:42 ) 
  ===============================================

  DEBUG: Cliente: Conección al servidor exitosa.

  ===============================================
    Comienzo del Log ( 04-05-2016 a las 17:21 ) 
  ===============================================

  DEBUG: Cliente: Conección al servidor exitosa.

  ===============================================
    Comienzo del Log ( 04-05-2016 a las 17:24 ) 
  ===============================================

  DEBUG: Cliente: Conección al servidor exitosa.

  ===============================================
    Comienzo del Log ( 04-05-2016 a las 17:26 ) 
  ===============================================

  WARNING: Cliente: El cliente no se pudo conectar satisfactoriamente
  ===============================================
    Comienzo del Log ( 04-05-2016 a las 17:27 ) 
  ===============================================

  DEBUG: Cliente: Conección al servidor exitosa.

  ===============================================
    Comienzo del Log ( 04-05-2016 a las 17:41 ) 
  ===============================================

  DEBUG: Cliente: Conección al servidor exitosa.

  ===============================================
    Comienzo del Log ( 04-05-2016 a las 17:45 ) 
  ===============================================

  DEBUG: Cliente: Conección al servidor exitosa.

  ===============================================
    Comienzo del Log ( 04-05-2016 a las 17:46 ) 
  ===============================================

  DEBUG: Cliente: Conección al servidor exitosa.

  ===============================================
    Comienzo del Log ( 04-05-2016 a las 18:00 ) 
  ===============================================

  DEBUG: Cliente: Conección al servidor exitosa.

  ===============================================
    Comienzo del Log ( 04-05-2016 a las 18:14 ) 
  ===============================================

  DEBUG: Cliente: Conección al servidor exitosa.

  ===============================================
    Comienzo del Log ( 04-05-2016 a las 18:18 ) 
  ===============================================

  DEBUG: Cliente: Conección al servidor exitosa.

  ===============================================
    Comienzo del Log ( 04-05-2016 a las 18:18 ) 
  ===============================================

  DEBUG: Cliente: Conección al servidor exitosa.

  ===============================================
    Comienzo del Log ( 04-05-2016 a las 18:19 ) 
  ===============================================

  DEBUG: Cliente: Conección al servidor exitosa.

  ===============================================
    Comienzo del Log ( 04-05-2016 a las 18:19 ) 
  ===============================================

  DEBUG: Cliente: Conección al servidor exitosa.

  ===============================================
    Comienzo del Log ( 04-05-2016 a las 18:21 ) 
  ===============================================

  DEBUG: Cliente: Conección al servidor exitosa.

  ===============================================
    Comienzo del Log ( 04-05-2016 a las 18:22 ) 
  ===============================================

  WARNING: Cliente: El cliente no se pudo conectar satisfactoriamente
  ===============================================
    Comienzo del Log ( 04-05-2016 a las 18:22 ) 
  ===============================================

  DEBUG: Cliente: Conección al servidor exitosa.

  ===============================================
    Comienzo del Log ( 04-05-2016 a las 18:22 ) 
  ===============================================

  DEBUG: Cliente: Conección al servidor exitosa.

  ===============================================
    Comienzo del Log ( 04-05-2016 a las 18:26 ) 
  ===============================================

  DEBUG: Cliente: Conección al servidor exitosa.

  ===============================================
    Comienzo del Log ( 04-05-2016 a las 18:26 ) 
  ===============================================

  DEBUG: Cliente: Conección al servidor exitosa.

  ===============================================
    Comienzo del Log ( 04-05-2016 a las 18:26 ) 
  ===============================================

  WARNING: Cliente: El cliente no se pudo conectar satisfactoriamente
  ===============================================
    Comienzo del Log ( 04-05-2016 a las 18:27 ) 
  ===============================================

  DEBUG: Cliente: Conección al servidor exitosa.

  ===============================================
    Comienzo del Log ( 04-05-2016 a las 18:27 ) 
  ===============================================

  DEBUG: Cliente: Conección al servidor exitosa.

  ===============================================
    Comienzo del Log ( 04-05-2016 a las 18:29 ) 
  ===============================================

  DEBUG: Cliente: El cliente se ha desconectado satisfactoriamente
  ===============================================
    Comienzo del Log ( 04-05-2016 a las 18:29 ) 
  ===============================================

  DEBUG: Cliente: Conección al servidor exitosa.

  ===============================================
    Comienzo del Log ( 04-05-2016 a las 18:30 ) 
  ===============================================

  DEBUG: Cliente: Conección al servidor exitosa.

  ===============================================
    Comienzo del Log ( 04-05-2016 a las 18:30 ) 
  ===============================================

  DEBUG: Cliente: Conección al servidor exitosa.

  ===============================================
    Comienzo del Log ( 04-05-2016 a las 18:30 ) 
  ===============================================

  DEBUG: Cliente: Conección al servidor exitosa.

  ===============================================
    Comienzo del Log ( 04-05-2016 a las 18:31 ) 
  ===============================================

  DEBUG: Cliente: Conección al servidor exitosa.

  ===============================================
    Comienzo del Log ( 04-05-2016 a las 18:31 ) 
  ===============================================

  DEBUG: Cliente: Conección al servidor exitosa.

  ===============================================
    Comienzo del Log ( 04-05-2016 a las 18:31 ) 
  ===============================================

  DEBUG: Cliente: Conección al servidor exitosa.

  ===============================================
    Comienzo del Log ( 04-05-2016 a las 18:32 ) 
  ===============================================

  DEBUG: Cliente: Conección al servidor exitosa.

  ===============================================
    Comienzo del Log ( 04-05-2016 a las 18:32 ) 
  ===============================================

  DEBUG: Cliente: Conección al servidor exitosa.

  ===============================================
    Comienzo del Log ( 04-05-2016 a las 18:32 ) 
  ===============================================

  DEBUG: Cliente: Conección al servidor exitosa.

  ===============================================
    Comienzo del Log ( 04-05-2016 a las 18:40 ) 
  ===============================================

  DEBUG: Cliente: Conección al servidor exitosa.

  ===============================================
    Comienzo del Log ( 04-05-2016 a las 18:40 ) 
  ===============================================

  DEBUG: Cliente: Conección al servidor exitosa.

  ===============================================
    Comienzo del Log ( 04-05-2016 a las 18:44 ) 
  ===============================================

  DEBUG: Cliente: Conección al servidor exitosa.

  ===============================================
    Comienzo del Log ( 04-05-2016 a las 18:47 ) 
  ===============================================

  DEBUG: Cliente: Conección al servidor exitosa.

  ===============================================
    Comienzo del Log ( 04-05-2016 a las 18:47 ) 
  ===============================================

  DEBUG: Cliente: Conección al servidor exitosa.

  ===============================================
    Comienzo del Log ( 04-05-2016 a las 18:48 ) 
  ===============================================

  DEBUG: Cliente: Conección al servidor exitosa.

  ===============================================
    Comienzo del Log ( 04-05-2016 a las 19:18 ) 
  ===============================================

  DEBUG: Cliente: Conección al servidor exitosa.

  ===============================================
    Comienzo del Log ( 04-05-2016 a las 19:19 ) 
  ===============================================

  DEBUG: Cliente: Conección al servidor exitosa.

  ===============================================
    Comienzo del Log ( 04-05-2016 a las 19:22 ) 
  ===============================================

  DEBUG: Cliente: Conección al servidor exitosa.

  ===============================================
    Comienzo del Log ( 04-05-2016 a las 19:23 ) 
  ===============================================

  WARNING: Cliente: El cliente no se pudo conectar satisfactoriamente
  ===============================================
    Comienzo del Log ( 04-05-2016 a las 19:23 ) 
  ===============================================

  WARNING: Cliente: El cliente no se pudo conectar satisfactoriamente
  ===============================================
    Comienzo del Log ( 04-05-2016 a las 19:23 ) 
  ===============================================

  DEBUG: Cliente: Conección al servidor exitosa.

  ===============================================
    Comienzo del Log ( 04-05-2016 a las 19:25 ) 
  ===============================================

  WARNING: Cliente: El cliente no se pudo conectar satisfactoriamente
  ===============================================
    Comienzo del Log ( 04-05-2016 a las 19:25 ) 
  ===============================================

  DEBUG: Cliente: Conección al servidor exitosa.

  ===============================================
    Comienzo del Log ( 04-05-2016 a las 19:25 ) 
  ===============================================

  DEBUG: Cliente: Conección al servidor exitosa.

  ===============================================
    Comienzo del Log ( 04-05-2016 a las 19:26 ) 
  ===============================================

  DEBUG: Cliente: Conección al servidor exitosa.

  ===============================================
    Comienzo del Log ( 04-05-2016 a las 19:26 ) 
  ===============================================

  DEBUG: Cliente: Conección al servidor exitosa.

  ===============================================
    Comienzo del Log ( 04-05-2016 a las 19:27 ) 
  ===============================================

  DEBUG: Cliente: Conección al servidor exitosa.

  ===============================================
    Comienzo del Log ( 04-05-2016 a las 19:35 ) 
  ===============================================

  DEBUG: Cliente: Conección al servidor exitosa.

  ===============================================
    Comienzo del Log ( 04-05-2016 a las 19:35 ) 
  ===============================================

  DEBUG: Cliente: Conección al servidor exitosa.

  ===============================================
    Comienzo del Log ( 04-05-2016 a las 19:35 ) 
  ===============================================

  DEBUG: Cliente: Conección al servidor exitosa.

  ===============================================
    Comienzo del Log ( 04-05-2016 a las 19:35 ) 
  ===============================================

  DEBUG: Cliente: Conección al servidor exitosa.

  ===============================================
    Comienzo del Log ( 04-05-2016 a las 19:42 ) 
  ===============================================

  DEBUG: Cliente: Conección al servidor exitosa.

  ===============================================
    Comienzo del Log ( 04-05-2016 a las 19:48 ) 
  ===============================================

  DEBUG: Cliente: Conección al servidor exitosa.

  ===============================================
    Comienzo del Log ( 04-05-2016 a las 19:59 ) 
  ===============================================

  DEBUG: Cliente: Conección al servidor exitosa.

  ===============================================
    Comienzo del Log ( 04-05-2016 a las 20:10 ) 
  ===============================================

  DEBUG: Cliente: Conección al servidor exitosa.

  ===============================================
    Comienzo del Log ( 04-05-2016 a las 21:49 ) 
  ===============================================

  DEBUG: Cliente: Conección al servidor exitosa.

  ===============================================
    Comienzo del Log ( 04-05-2016 a las 21:50 ) 
  ===============================================

  DEBUG: Cliente: Conección al servidor exitosa.

  ===============================================
    Comienzo del Log ( 04-05-2016 a las 21:52 ) 
  ===============================================

  DEBUG: Cliente: Conección al servidor exitosa.

  ===============================================
    Comienzo del Log ( 04-05-2016 a las 21:52 ) 
  ===============================================

  DEBUG: Cliente: Conección al servidor exitosa.

  ===============================================
    Comienzo del Log ( 04-05-2016 a las 21:54 ) 
  ===============================================

  DEBUG: Cliente: Conección al servidor exitosa.

  ===============================================
    Comienzo del Log ( 04-05-2016 a las 21:54 ) 
  ===============================================

  ===============================================
    Comienzo del Log ( 04-05-2016 a las 21:54 ) 
  ===============================================

  DEBUG: Cliente: Conección al servidor exitosa.

  DEBUG: Cliente: El cliente se ha desconectado satisfactoriamente
  ===============================================
    Comienzo del Log ( 04-05-2016 a las 21:55 ) 
  ===============================================

  DEBUG: Cliente: Conección al servidor exitosa.

  DEBUG: Cliente: El cliente se ha desconectado satisfactoriamente
  WARNING: Server: No se pudo enviar el mensaje.
  WARNING: Server: No se pudo enviar el mensaje.
  WARNING: Server: No se pudo enviar el mensaje.
  WARNING: Server: No se pudo enviar el mensaje.
  WARNING: Server: No se pudo enviar el mensaje.
  WARNING: Server: No se pudo enviar el mensaje.
  WARNING: Server: No se pudo enviar el mensaje.
  WARNING: Server: No se pudo enviar el mensaje.
  WARNING: Server: No se pudo enviar el mensaje.
  WARNING: Server: No se pudo enviar el mensaje.
  WARNING: Server: No se pudo enviar el mensaje.
  WARNING: Server: No se pudo enviar el mensaje.
  WARNING: Server: No se pudo enviar el mensaje.
  WARNING: Server: No se pudo enviar el mensaje.
  WARNING: Server: No se pudo enviar el mensaje.
  WARNING: Server: No se pudo enviar el mensaje.
  WARNING: Server: No se pudo enviar el mensaje.
  WARNING: Server: No se pudo enviar el mensaje.
  WARNING: Server: No se pudo enviar el mensaje.
  WARNING: Server: No se pudo enviar el mensaje.
  WARNING: Server: No se pudo enviar el mensaje.
  WARNING: Server: No se pudo enviar el mensaje.
  WARNING: Server: No se pudo enviar el mensaje.
  WARNING: Server: No se pudo enviar el mensaje.
  WARNING: Server: No se pudo enviar el mensaje.
  WARNING: Server: No se pudo enviar el mensaje.
  WARNING: Server: No se pudo enviar el mensaje.
  WARNING: Server: No se pudo enviar el mensaje.
  WARNING: Server: No se pudo enviar el mensaje.
  WARNING: Server: No se pudo enviar el mensaje.
  WARNING: Server: No se pudo enviar el mensaje.
  WARNING: Server: No se pudo enviar el mensaje.
  WARNING: Server: No se pudo enviar el mensaje.
  WARNING: Server: No se pudo enviar el mensaje.
  WARNING: Server: No se pudo enviar el mensaje.
  WARNING: Server: No se pudo enviar el mensaje.
  WARNING: Server: No se pudo enviar el mensaje.
  WARNING: Server: No se pudo enviar el mensaje.
  WARNING: Server: No se pudo enviar el mensaje.
  WARNING: Server: No se pudo enviar el mensaje.
  WARNING: Server: No se pudo enviar el mensaje.
  WARNING: Server: No se pudo enviar el mensaje.
  WARNING: Server: No se pudo enviar el mensaje.
  WARNING: Server: No se pudo enviar el mensaje.
  WARNING: Server: No se pudo enviar el mensaje.
  WARNING: Server: No se pudo enviar el mensaje.
  WARNING: Server: No se pudo enviar el mensaje.
  WARNING: Server: No se pudo enviar el mensaje.
  WARNING: Server: No se pudo enviar el mensaje.
  WARNING: Server: No se pudo enviar el mensaje.
  WARNING: Server: No se pudo enviar el mensaje.
  WARNING: Server: No se pudo enviar el mensaje.
  WARNING: Server: No se pudo enviar el mensaje.
  WARNING: Server: No se pudo enviar el mensaje.
  WARNING: Server: No se pudo enviar el mensaje.
  WARNING: Server: No se pudo enviar el mensaje.
  WARNING: Server: No se pudo enviar el mensaje.
  WARNING: Server: No se pudo enviar el mensaje.
  WARNING: Server: No se pudo enviar el mensaje.
  WARNING: Server: No se pudo enviar el mensaje.
  WARNING: Server: No se pudo enviar el mensaje.
  WARNING: Server: No se pudo enviar el mensaje.
  WARNING: Server: No se pudo enviar el mensaje.
  WARNING: Server: No se pudo enviar el mensaje.
  WARNING: Server: No se pudo enviar el mensaje.
  WARNING: Server: No se pudo enviar el mensaje.
  WARNING: Server: No se pudo enviar el mensaje.
  WARNING: Server: No se pudo enviar el mensaje.
  WARNING: Server: No se pudo enviar el mensaje.
  WARNING: Server: No se pudo enviar el mensaje.
  WARNING: Server: No se pudo enviar el mensaje.
  WARNING: Server: No se pudo enviar el mensaje.
  WARNING: Server: No se pudo enviar el mensaje.
  WARNING: Server: No se pudo enviar el mensaje.
  WARNING: Server: No se pudo enviar el mensaje.
  WARNING: Server: No se pudo enviar el mensaje.
  WARNING: Server: No se pudo enviar el mensaje.
  WARNING: Server: No se pudo enviar el mensaje.
  WARNING: Server: No se pudo enviar el mensaje.
  WARNING: Server: No se pudo enviar el mensaje.
  WARNING: Server: No se pudo enviar el mensaje.
  WARNING: Server: No se pudo enviar el mensaje.
  WARNING: Server: No se pudo enviar el mensaje.
  WARNING: Server: No se pudo enviar el mensaje.
  WARNING: Server: No se pudo enviar el mensaje.
  WARNING: Server: No se pudo enviar el mensaje.
  WARNING: Server: No se pudo enviar el mensaje.
  WARNING: Server: No se pudo enviar el mensaje.
  WARNING: Server: No se pudo enviar el mensaje.
  WARNING: Server: No se pudo enviar el mensaje.
  WARNING: Server: No se pudo enviar el mensaje.
  WARNING: Server: No se pudo enviar el mensaje.
  WARNING: Server: No se pudo enviar el mensaje.
  WARNING: Server: No se pudo enviar el mensaje.
  WARNING: Server: No se pudo enviar el mensaje.
  WARNING: Server: No se pudo enviar el mensaje.
  WARNING: Server: No se pudo enviar el mensaje.
  WARNING: Server: No se pudo enviar el mensaje.
  WARNING: Server: No se pudo enviar el mensaje.
  WARNING: Server: No se pudo enviar el mensaje.
  WARNING: Server: No se pudo enviar el mensaje.
  WARNING: Server: No se pudo enviar el mensaje.
  WARNING: Server: No se pudo enviar el mensaje.
  WARNING: Server: No se pudo enviar el mensaje.
  WARNING: Server: No se pudo enviar el mensaje.
  WARNING: Server: No se pudo enviar el mensaje.
  WARNING: Server: No se pudo enviar el mensaje.
  WARNING: Server: No se pudo enviar el mensaje.
  WARNING: Server: No se pudo enviar el mensaje.
  WARNING: Server: No se pudo enviar el mensaje.
  WARNING: Server: No se pudo enviar el mensaje.
  WARNING: Server: No se pudo enviar el mensaje.
  WARNING: Server: No se pudo enviar el mensaje.
  WARNING: Server: No se pudo enviar el mensaje.
  WARNING: Server: No se pudo enviar el mensaje.
  WARNING: Server: No se pudo enviar el mensaje.
  WARNING: Server: No se pudo enviar el mensaje.
  WARNING: Server: No se pudo enviar el mensaje.
  WARNING: Server: No se pudo enviar el mensaje.
  WARNING: Server: No se pudo enviar el mensaje.
  WARNING: Server: No se pudo enviar el mensaje.
  WARNING: Server: No se pudo enviar el mensaje.
  WARNING: Server: No se pudo enviar el mensaje.
  WARNING: Server: No se pudo enviar el mensaje.
  WARNING: Server: No se pudo enviar el mensaje.
  WARNING: Server: No se pudo enviar el mensaje.
  WARNING: Server: No se pudo enviar el mensaje.
  ===============================================
    Comienzo del Log ( 04-05-2016 a las 21:56 ) 
  ===============================================

  DEBUG: Cliente: Conección al servidor exitosa.

  DEBUG: Cliente: El cliente se ha desconectado satisfactoriamente
  WARNING: Server: No se pudo enviar el mensaje.
  WARNING: Server: No se pudo enviar el mensaje.
  WARNING: Server: No se pudo enviar el mensaje.
  WARNING: Server: No se pudo enviar el mensaje.
  WARNING: Server: No se pudo enviar el mensaje.
  WARNING: Server: No se pudo enviar el mensaje.
  WARNING: Server: No se pudo enviar el mensaje.
  WARNING: Server: No se pudo enviar el mensaje.
  WARNING: Server: No se pudo enviar el mensaje.
  WARNING: Server: No se pudo enviar el mensaje.
  WARNING: Server: No se pudo enviar el mensaje.
  WARNING: Server: No se pudo enviar el mensaje.
  WARNING: Server: No se pudo enviar el mensaje.
  WARNING: Server: No se pudo enviar el mensaje.
  WARNING: Server: No se pudo enviar el mensaje.
  WARNING: Server: No se pudo enviar el mensaje.
  WARNING: Server: No se pudo enviar el mensaje.
  WARNING: Server: No se pudo enviar el mensaje.
  WARNING: Server: No se pudo enviar el mensaje.
  WARNING: Server: No se pudo enviar el mensaje.
  WARNING: Server: No se pudo enviar el mensaje.
  WARNING: Server: No se pudo enviar el mensaje.
  WARNING: Server: No se pudo enviar el mensaje.
  WARNING: Server: No se pudo enviar el mensaje.
  WARNING: Server: No se pudo enviar el mensaje.
  WARNING: Server: No se pudo enviar el mensaje.
  WARNING: Server: No se pudo enviar el mensaje.
  WARNING: Server: No se pudo enviar el mensaje.
  WARNING: Server: No se pudo enviar el mensaje.
  WARNING: Server: No se pudo enviar el mensaje.
  WARNING: Server: No se pudo enviar el mensaje.
  WARNING: Server: No se pudo enviar el mensaje.
  WARNING: Server: No se pudo enviar el mensaje.
  WARNING: Server: No se pudo enviar el mensaje.
  WARNING: Server: No se pudo enviar el mensaje.
  WARNING: Server: No se pudo enviar el mensaje.
  WARNING: Server: No se pudo enviar el mensaje.
  WARNING: Server: No se pudo enviar el mensaje.
  WARNING: Server: No se pudo enviar el mensaje.
  WARNING: Server: No se pudo enviar el mensaje.
  WARNING: Server: No se pudo enviar el mensaje.
  WARNING: Server: No se pudo enviar el mensaje.
  WARNING: Server: No se pudo enviar el mensaje.
  WARNING: Server: No se pudo enviar el mensaje.
  WARNING: Server: No se pudo enviar el mensaje.
  WARNING: Server: No se pudo enviar el mensaje.
  WARNING: Server: No se pudo enviar el mensaje.
  WARNING: Server: No se pudo enviar el mensaje.
  WARNING: Server: No se pudo enviar el mensaje.
  WARNING: Server: No se pudo enviar el mensaje.
  WARNING: Server: No se pudo enviar el mensaje.
  WARNING: Server: No se pudo enviar el mensaje.
  WARNING: Server: No se pudo enviar el mensaje.
  WARNING: Server: No se pudo enviar el mensaje.
  WARNING: Server: No se pudo enviar el mensaje.
  WARNING: Server: No se pudo enviar el mensaje.
  WARNING: Server: No se pudo enviar el mensaje.
  WARNING: Server: No se pudo enviar el mensaje.
  WARNING: Server: No se pudo enviar el mensaje.
  WARNING: Server: No se pudo enviar el mensaje.
  WARNING: Server: No se pudo enviar el mensaje.
  ===============================================
    Comienzo del Log ( 04-05-2016 a las 21:56 ) 
  ===============================================

  DEBUG: Cliente: Conección al servidor exitosa.

  DEBUG: Cliente: El cliente se ha desconectado satisfactoriamente
  WARNING: Server: No se pudo enviar el mensaje.
  WARNING: Server: No se pudo enviar el mensaje.
  WARNING: Server: No se pudo enviar el mensaje.
  WARNING: Server: No se pudo enviar el mensaje.
  WARNING: Server: No se pudo enviar el mensaje.
  WARNING: Server: No se pudo enviar el mensaje.
  WARNING: Server: No se pudo enviar el mensaje.
  WARNING: Server: No se pudo enviar el mensaje.
  WARNING: Server: No se pudo enviar el mensaje.
  WARNING: Server: No se pudo enviar el mensaje.
  WARNING: Server: No se pudo enviar el mensaje.
  WARNING: Server: No se pudo enviar el mensaje.
  WARNING: Server: No se pudo enviar el mensaje.
  WARNING: Server: No se pudo enviar el mensaje.
  WARNING: Server: No se pudo enviar el mensaje.
  WARNING: Server: No se pudo enviar el mensaje.
  WARNING: Server: No se pudo enviar el mensaje.
  WARNING: Server: No se pudo enviar el mensaje.
  WARNING: Server: No se pudo enviar el mensaje.
  WARNING: Server: No se pudo enviar el mensaje.
  ===============================================
    Comienzo del Log ( 04-05-2016 a las 21:58 ) 
  ===============================================

  DEBUG: Cliente: Conección al servidor exitosa.

  ===============================================
    Comienzo del Log ( 04-05-2016 a las 21:58 ) 
  ===============================================

  DEBUG: Cliente: Conección al servidor exitosa.

  ===============================================
    Comienzo del Log ( 04-05-2016 a las 21:58 ) 
  ===============================================

  WARNING: Cliente: El cliente no se pudo conectar satisfactoriamente
  ===============================================
    Comienzo del Log ( 04-05-2016 a las 21:58 ) 
  ===============================================

  DEBUG: Cliente: Conección al servidor exitosa.

  ===============================================
    Comienzo del Log ( 04-05-2016 a las 22:15 ) 
  ===============================================

  DEBUG: Cliente: Conección al servidor exitosa.

  ===============================================
    Comienzo del Log ( 04-05-2016 a las 22:15 ) 
  ===============================================

  ===============================================
    Comienzo del Log ( 04-05-2016 a las 22:17 ) 
  ===============================================

  WARNING: Cliente: El cliente no se pudo conectar satisfactoriamente
  ===============================================
    Comienzo del Log ( 04-05-2016 a las 22:17 ) 
  ===============================================

  DEBUG: Cliente: Conección al servidor exitosa.

  ===============================================
    Comienzo del Log ( 04-05-2016 a las 22:17 ) 
  ===============================================

  DEBUG: Cliente: Conección al servidor exitosa.

  ===============================================
    Comienzo del Log ( 04-05-2016 a las 22:20 ) 
  ===============================================

  DEBUG: Cliente: Conección al servidor exitosa.

  ===============================================
    Comienzo del Log ( 04-05-2016 a las 22:27 ) 
  ===============================================

  DEBUG: Cliente: Conección al servidor exitosa.

  ===============================================
    Comienzo del Log ( 04-05-2016 a las 22:28 ) 
  ===============================================

  DEBUG: Cliente: Conección al servidor exitosa.

  ===============================================
    Comienzo del Log ( 04-05-2016 a las 22:28 ) 
  ===============================================

  DEBUG: Cliente: Conección al servidor exitosa.

  ===============================================
    Comienzo del Log ( 04-05-2016 a las 22:30 ) 
  ===============================================

  DEBUG: Cliente: Conección al servidor exitosa.

  ===============================================
    Comienzo del Log ( 04-05-2016 a las 22:32 ) 
  ===============================================

  DEBUG: Cliente: Conección al servidor exitosa.

  ===============================================
    Comienzo del Log ( 04-05-2016 a las 22:35 ) 
  ===============================================

  DEBUG: Cliente: Conección al servidor exitosa.

  ===============================================
    Comienzo del Log ( 04-05-2016 a las 22:37 ) 
  ===============================================

  DEBUG: Cliente: El cliente se ha desconectado satisfactoriamente
  ===============================================
    Comienzo del Log ( 04-05-2016 a las 22:37 ) 
  ===============================================

  DEBUG: Cliente: Conección al servidor exitosa.

  ===============================================
    Comienzo del Log ( 04-05-2016 a las 22:39 ) 
  ===============================================

  WARNING: Cliente: El cliente no se pudo conectar satisfactoriamente
  ===============================================
    Comienzo del Log ( 04-05-2016 a las 22:39 ) 
  ===============================================

  WARNING: Cliente: El cliente no se pudo conectar satisfactoriamente
  ===============================================
    Comienzo del Log ( 04-05-2016 a las 22:39 ) 
  ===============================================

  DEBUG: Cliente: Conección al servidor exitosa.

  ===============================================
    Comienzo del Log ( 04-05-2016 a las 22:42 ) 
  ===============================================

  DEBUG: Cliente: Conección al servidor exitosa.

  ===============================================
    Comienzo del Log ( 04-05-2016 a las 22:44 ) 
  ===============================================

  DEBUG: Cliente: Conección al servidor exitosa.

  ===============================================
    Comienzo del Log ( 04-05-2016 a las 22:47 ) 
  ===============================================

  DEBUG: Cliente: Conección al servidor exitosa.

  ===============================================
    Comienzo del Log ( 04-05-2016 a las 22:50 ) 
  ===============================================

  DEBUG: Cliente: Conección al servidor exitosa.

  ===============================================
    Comienzo del Log ( 04-05-2016 a las 22:51 ) 
  ===============================================

  DEBUG: Cliente: Conección al servidor exitosa.

  ===============================================
    Comienzo del Log ( 04-05-2016 a las 23:12 ) 
  ===============================================

  DEBUG: Cliente: Conección al servidor exitosa.

  ===============================================
    Comienzo del Log ( 04-05-2016 a las 23:13 ) 
  ===============================================

  DEBUG: Cliente: Conección al servidor exitosa.

  ===============================================
    Comienzo del Log ( 04-05-2016 a las 23:21 ) 
  ===============================================

  DEBUG: Cliente: Conección al servidor exitosa.

  ===============================================
    Comienzo del Log ( 04-05-2016 a las 23:23 ) 
  ===============================================

  DEBUG: Cliente: Conección al servidor exitosa.

  ===============================================
    Comienzo del Log ( 04-05-2016 a las 23:25 ) 
  ===============================================

  WARNING: Cliente: El cliente no se pudo conectar satisfactoriamente
  ===============================================
    Comienzo del Log ( 04-05-2016 a las 23:25 ) 
  ===============================================

  WARNING: Cliente: El cliente no se pudo conectar satisfactoriamente
  ===============================================
    Comienzo del Log ( 04-05-2016 a las 23:25 ) 
  ===============================================

  DEBUG: Cliente: Conección al servidor exitosa.

  ===============================================
    Comienzo del Log ( 04-05-2016 a las 23:27 ) 
  ===============================================

  DEBUG: Cliente: Conección al servidor exitosa.

  ===============================================
    Comienzo del Log ( 04-05-2016 a las 23:35 ) 
  ===============================================

  DEBUG: Cliente: Conección al servidor exitosa.

  ===============================================
    Comienzo del Log ( 04-05-2016 a las 23:36 ) 
  ===============================================

  DEBUG: Cliente: Conección al servidor exitosa.

  ===============================================
    Comienzo del Log ( 04-05-2016 a las 23:40 ) 
  ===============================================

  DEBUG: Cliente: El cliente se ha desconectado satisfactoriamente
  WARNING: Server: No se pudo enviar el mensaje.
  WARNING: Server: No se pudo enviar el mensaje.
  WARNING: Server: No se pudo enviar el mensaje.
  WARNING: Server: No se pudo enviar el mensaje.
  WARNING: Server: No se pudo enviar el mensaje.
  WARNING: Server: No se pudo enviar el mensaje.
  WARNING: Server: No se pudo enviar el mensaje.
  WARNING: Server: No se pudo enviar el mensaje.
  WARNING: Server: No se pudo enviar el mensaje.
  WARNING: Server: No se pudo enviar el mensaje.
  WARNING: Server: No se pudo enviar el mensaje.
  WARNING: Server: No se pudo enviar el mensaje.
  WARNING: Server: No se pudo enviar el mensaje.
  WARNING: Server: No se pudo enviar el mensaje.
  WARNING: Server: No se pudo enviar el mensaje.
  WARNING: Server: No se pudo enviar el mensaje.
  WARNING: Server: No se pudo enviar el mensaje.
  WARNING: Server: No se pudo enviar el mensaje.
  WARNING: Server: No se pudo enviar el mensaje.
  WARNING: Server: No se pudo enviar el mensaje.
  WARNING: Server: No se pudo enviar el mensaje.
  WARNING: Server: No se pudo enviar el mensaje.
  WARNING: Server: No se pudo enviar el mensaje.
  WARNING: Server: No se pudo enviar el mensaje.
  WARNING: Server: No se pudo enviar el mensaje.
  WARNING: Server: No se pudo enviar el mensaje.
  WARNING: Server: No se pudo enviar el mensaje.
  WARNING: Server: No se pudo enviar el mensaje.
  WARNING: Server: No se pudo enviar el mensaje.
  WARNING: Server: No se pudo enviar el mensaje.
  WARNING: Server: No se pudo enviar el mensaje.
  WARNING: Server: No se pudo enviar el mensaje.
  WARNING: Server: No se pudo enviar el mensaje.
  WARNING: Server: No se pudo enviar el mensaje.
  WARNING: Server: No se pudo enviar el mensaje.
  WARNING: Server: No se pudo enviar el mensaje.
  WARNING: Server: No se pudo enviar el mensaje.
  WARNING: Server: No se pudo enviar el mensaje.
  WARNING: Server: No se pudo enviar el mensaje.
  WARNING: Server: No se pudo enviar el mensaje.
  WARNING: Server: No se pudo enviar el mensaje.
  WARNING: Server: No se pudo enviar el mensaje.
  WARNING: Server: No se pudo enviar el mensaje.
  WARNING: Server: No se pudo enviar el mensaje.
  WARNING: Server: No se pudo enviar el mensaje.
  WARNING: Server: No se pudo enviar el mensaje.
  WARNING: Server: No se pudo enviar el mensaje.
  WARNING: Server: No se pudo enviar el mensaje.
  WARNING: Server: No se pudo enviar el mensaje.
  WARNING: Server: No se pudo enviar el mensaje.
  WARNING: Server: No se pudo enviar el mensaje.
  WARNING: Server: No se pudo enviar el mensaje.
  WARNING: Server: No se pudo enviar el mensaje.
  WARNING: Server: No se pudo enviar el mensaje.
  WARNING: Server: No se pudo enviar el mensaje.
  WARNING: Server: No se pudo enviar el mensaje.
  WARNING: Server: No se pudo enviar el mensaje.
  WARNING: Server: No se pudo enviar el mensaje.
  WARNING: Server: No se pudo enviar el mensaje.
  WARNING: Server: No se pudo enviar el mensaje.
  WARNING: Server: No se pudo enviar el mensaje.
  WARNING: Server: No se pudo enviar el mensaje.
  WARNING: Server: No se pudo enviar el mensaje.
  WARNING: Server: No se pudo enviar el mensaje.
  WARNING: Server: No se pudo enviar el mensaje.
  WARNING: Server: No se pudo enviar el mensaje.
  WARNING: Server: No se pudo enviar el mensaje.
  WARNING: Server: No se pudo enviar el mensaje.
  WARNING: Server: No se pudo enviar el mensaje.
  WARNING: Server: No se pudo enviar el mensaje.
  WARNING: Server: No se pudo enviar el mensaje.
  WARNING: Server: No se pudo enviar el mensaje.
  WARNING: Server: No se pudo enviar el mensaje.
  WARNING: Server: No se pudo enviar el mensaje.
  WARNING: Server: No se pudo enviar el mensaje.
  WARNING: Server: No se pudo enviar el mensaje.
  WARNING: Server: No se pudo enviar el mensaje.
  WARNING: Server: No se pudo enviar el mensaje.
  WARNING: Server: No se pudo enviar el mensaje.
  WARNING: Server: No se pudo enviar el mensaje.
  WARNING: Server: No se pudo enviar el mensaje.
  WARNING: Server: No se pudo enviar el mensaje.
  WARNING: Server: No se pudo enviar el mensaje.
  WARNING: Server: No se pudo enviar el mensaje.
  WARNING: Server: No se pudo enviar el mensaje.
  WARNING: Server: No se pudo enviar el mensaje.
  WARNING: Server: No se pudo enviar el mensaje.
  WARNING: Server: No se pudo enviar el mensaje.
  WARNING: Server: No se pudo enviar el mensaje.
  WARNING: Server: No se pudo enviar el mensaje.
  WARNING: Server: No se pudo enviar el mensaje.
  WARNING: Server: No se pudo enviar el mensaje.
  WARNING: Server: No se pudo enviar el mensaje.
  WARNING: Server: No se pudo enviar el mensaje.
  WARNING: Server: No se pudo enviar el mensaje.
  WARNING: Server: No se pudo enviar el mensaje.
  WARNING: Server: No se pudo enviar el mensaje.
  WARNING: Server: No se pudo enviar el mensaje.
  WARNING: Server: No se pudo enviar el mensaje.
  WARNING: Server: No se pudo enviar el mensaje.
  WARNING: Server: No se pudo enviar el mensaje.
  WARNING: Server: No se pudo enviar el mensaje.
  WARNING: Server: No se pudo enviar el mensaje.
  ===============================================
    Comienzo del Log ( 04-05-2016 a las 23:40 ) 
  ===============================================

  ===============================================
    Comienzo del Log ( 04-05-2016 a las 23:42 ) 
  ===============================================

  DEBUG: Cliente: Conección al servidor exitosa.

  ===============================================
    Comienzo del Log ( 04-05-2016 a las 23:43 ) 
  ===============================================

  DEBUG: Cliente: Conección al servidor exitosa.

  ===============================================
    Comienzo del Log ( 04-05-2016 a las 23:44 ) 
  ===============================================

  DEBUG: Cliente: Conección al servidor exitosa.

  ===============================================
    Comienzo del Log ( 04-05-2016 a las 23:46 ) 
  ===============================================

  DEBUG: Cliente: Conección al servidor exitosa.

  ===============================================
    Comienzo del Log ( 04-05-2016 a las 23:49 ) 
  ===============================================

  DEBUG: Cliente: Conección al servidor exitosa.

  ===============================================
    Comienzo del Log ( 04-05-2016 a las 23:51 ) 
  ===============================================

  DEBUG: Cliente: Conección al servidor exitosa.

  ===============================================
    Comienzo del Log ( 04-05-2016 a las 23:56 ) 
  ===============================================

  DEBUG: Cliente: Conección al servidor exitosa.

  ===============================================
    Comienzo del Log ( 04-05-2016 a las 23:57 ) 
  ===============================================

  DEBUG: Cliente: Conección al servidor exitosa.

