  ===============================================
    Comienzo del Log ( 09-05-2016 a las 00:00 ) 
  ===============================================

  DEBUG: Cliente: Conección al servidor exitosa.

  DEBUG: Cliente: El jguador HJKLHKJL se ha desconectado.
  ===============================================
    Comienzo del Log ( 09-05-2016 a las 01:40 ) 
  ===============================================

  WARNING: Cliente: El cliente no se pudo conectar satisfactoriamente
  ===============================================
    Comienzo del Log ( 09-05-2016 a las 01:41 ) 
  ===============================================

  DEBUG: Cliente: Conección al servidor exitosa.

  ===============================================
    Comienzo del Log ( 09-05-2016 a las 15:33 ) 
  ===============================================

  DEBUG: Cliente: Conección al servidor exitosa.

  ===============================================
    Comienzo del Log ( 09-05-2016 a las 15:33 ) 
  ===============================================

  DEBUG: Cliente: Conección al servidor exitosa.

  ===============================================
    Comienzo del Log ( 09-05-2016 a las 15:34 ) 
  ===============================================

  DEBUG: Cliente: Conección al servidor exitosa.

  ===============================================
    Comienzo del Log ( 09-05-2016 a las 15:39 ) 
  ===============================================

  DEBUG: Cliente: Conección al servidor exitosa.

  ===============================================
    Comienzo del Log ( 09-05-2016 a las 15:43 ) 
  ===============================================

  DEBUG: Cliente: Conección al servidor exitosa.

  ===============================================
    Comienzo del Log ( 09-05-2016 a las 15:47 ) 
  ===============================================

  DEBUG: Cliente: Conección al servidor exitosa.

  ===============================================
    Comienzo del Log ( 09-05-2016 a las 15:47 ) 
  ===============================================

  DEBUG: Cliente: Conección al servidor exitosa.

  ===============================================
    Comienzo del Log ( 09-05-2016 a las 15:49 ) 
  ===============================================

  DEBUG: Cliente: Conección al servidor exitosa.

  ===============================================
    Comienzo del Log ( 09-05-2016 a las 15:53 ) 
  ===============================================

  DEBUG: Cliente: Conección al servidor exitosa.

  ===============================================
    Comienzo del Log ( 09-05-2016 a las 15:54 ) 
  ===============================================

  DEBUG: Cliente: Conección al servidor exitosa.

  ===============================================
    Comienzo del Log ( 09-05-2016 a las 15:54 ) 
  ===============================================

  DEBUG: Cliente: Conección al servidor exitosa.

  ===============================================
    Comienzo del Log ( 09-05-2016 a las 15:55 ) 
  ===============================================

  DEBUG: Cliente: Conección al servidor exitosa.

  ===============================================
    Comienzo del Log ( 09-05-2016 a las 15:56 ) 
  ===============================================

  DEBUG: Cliente: Conección al servidor exitosa.

  ===============================================
    Comienzo del Log ( 09-05-2016 a las 15:58 ) 
  ===============================================

  DEBUG: Cliente: Conección al servidor exitosa.

  ===============================================
    Comienzo del Log ( 09-05-2016 a las 15:59 ) 
  ===============================================

  DEBUG: Cliente: Conección al servidor exitosa.

  ===============================================
    Comienzo del Log ( 09-05-2016 a las 16:10 ) 
  ===============================================

  DEBUG: Cliente: Conección al servidor exitosa.

  ===============================================
    Comienzo del Log ( 09-05-2016 a las 16:19 ) 
  ===============================================

  DEBUG: Cliente: Conección al servidor exitosa.

  ===============================================
    Comienzo del Log ( 09-05-2016 a las 16:20 ) 
  ===============================================

  DEBUG: Cliente: El cliente se ha desconectado satisfactoriamente
  ===============================================
    Comienzo del Log ( 09-05-2016 a las 16:20 ) 
  ===============================================

  DEBUG: Cliente: Conección al servidor exitosa.

  ===============================================
    Comienzo del Log ( 09-05-2016 a las 16:21 ) 
  ===============================================

  DEBUG: Cliente: Conección al servidor exitosa.

  ===============================================
    Comienzo del Log ( 09-05-2016 a las 16:24 ) 
  ===============================================

  DEBUG: Cliente: Conección al servidor exitosa.

  ===============================================
    Comienzo del Log ( 09-05-2016 a las 16:25 ) 
  ===============================================

  DEBUG: Cliente: Conección al servidor exitosa.

  ===============================================
    Comienzo del Log ( 09-05-2016 a las 17:53 ) 
  ===============================================

  ===============================================
    Comienzo del Log ( 09-05-2016 a las 17:54 ) 
  ===============================================

  DEBUG: Cliente: Conección al servidor exitosa.

  DEBUG: Cliente: El cliente se ha desconectado satisfactoriamente
  ===============================================
    Comienzo del Log ( 09-05-2016 a las 17:55 ) 
  ===============================================

  DEBUG: Cliente: Conección al servidor exitosa.

  DEBUG: Cliente: El cliente se ha desconectado satisfactoriamente
  ===============================================
    Comienzo del Log ( 09-05-2016 a las 17:58 ) 
  ===============================================

  DEBUG: Cliente: Conección al servidor exitosa.

  DEBUG: Cliente: El cliente se ha desconectado satisfactoriamente
  ===============================================
    Comienzo del Log ( 09-05-2016 a las 17:59 ) 
  ===============================================

  DEBUG: Cliente: Conección al servidor exitosa.

  DEBUG: Cliente: El cliente se ha desconectado satisfactoriamente
  ===============================================
    Comienzo del Log ( 09-05-2016 a las 18:00 ) 
  ===============================================

  DEBUG: Cliente: Conección al servidor exitosa.

  DEBUG: Cliente: El cliente se ha desconectado satisfactoriamente
  ===============================================
    Comienzo del Log ( 09-05-2016 a las 18:05 ) 
  ===============================================

  DEBUG: Cliente: Conección al servidor exitosa.

  DEBUG: Juego: El juego ha sido reiniciado.
  DEBUG: Cliente: El cliente se ha desconectado satisfactoriamente
  ===============================================
    Comienzo del Log ( 09-05-2016 a las 18:06 ) 
  ===============================================

  DEBUG: Cliente: Conección al servidor exitosa.

  DEBUG: Juego: El juego ha sido reiniciado.
  DEBUG: Cliente: El cliente se ha desconectado satisfactoriamente
  ===============================================
    Comienzo del Log ( 09-05-2016 a las 18:07 ) 
  ===============================================

  DEBUG: Cliente: Conección al servidor exitosa.

  DEBUG: Juego: El juego ha sido reiniciado.
  ===============================================
    Comienzo del Log ( 09-05-2016 a las 18:30 ) 
  ===============================================

  DEBUG: Cliente: Conección al servidor exitosa.

  ===============================================
    Comienzo del Log ( 09-05-2016 a las 18:30 ) 
  ===============================================

  DEBUG: Cliente: Conección al servidor exitosa.

  DEBUG: Juego: El juego ha sido reiniciado.
  DEBUG: Juego: El juego ha sido reiniciado.
  DEBUG: Juego: El juego ha sido reiniciado.
  DEBUG: Juego: El juego ha sido reiniciado.
  DEBUG: Juego: El juego ha sido reiniciado.
  DEBUG: Juego: El juego ha sido reiniciado.
  DEBUG: Juego: El juego ha sido reiniciado.
  DEBUG: Juego: El juego ha sido reiniciado.
  DEBUG: Juego: El juego ha sido reiniciado.
  DEBUG: Juego: El juego ha sido reiniciado.
  DEBUG: Juego: El juego ha sido reiniciado.
  DEBUG: Juego: El juego ha sido reiniciado.
  DEBUG: Juego: El juego ha sido reiniciado.
  DEBUG: Juego: El juego ha sido reiniciado.
  DEBUG: Juego: El juego ha sido reiniciado.
  DEBUG: Juego: El juego ha sido reiniciado.
  DEBUG: Juego: El juego ha sido reiniciado.
  DEBUG: Juego: El juego ha sido reiniciado.
  DEBUG: Juego: El juego ha sido reiniciado.
  DEBUG: Juego: El juego ha sido reiniciado.
  DEBUG: Juego: El juego ha sido reiniciado.
  DEBUG: Juego: El juego ha sido reiniciado.
  DEBUG: Juego: El juego ha sido reiniciado.
  DEBUG: Juego: El juego ha sido reiniciado.
  DEBUG: Juego: El juego ha sido reiniciado.
  DEBUG: Juego: El juego ha sido reiniciado.
  DEBUG: Juego: El juego ha sido reiniciado.
  DEBUG: Juego: El juego ha sido reiniciado.
  DEBUG: Juego: El juego ha sido reiniciado.
  DEBUG: Juego: El juego ha sido reiniciado.
  DEBUG: Juego: El juego ha sido reiniciado.
  DEBUG: Juego: El juego ha sido reiniciado.
  DEBUG: Juego: El juego ha sido reiniciado.
  DEBUG: Juego: El juego ha sido reiniciado.
  DEBUG: Juego: El juego ha sido reiniciado.
  DEBUG: Juego: El juego ha sido reiniciado.
  DEBUG: Juego: El juego ha sido reiniciado.
  DEBUG: Juego: El juego ha sido reiniciado.
  DEBUG: Juego: El juego ha sido reiniciado.
  DEBUG: Juego: El juego ha sido reiniciado.
  DEBUG: Juego: El juego ha sido reiniciado.
  DEBUG: Cliente: El cliente se ha desconectado satisfactoriamente
  ===============================================
    Comienzo del Log ( 09-05-2016 a las 18:32 ) 
  ===============================================

  DEBUG: Cliente: Conección al servidor exitosa.

  DEBUG: Juego: El juego ha sido reiniciado.
  DEBUG: Juego: El juego ha sido reiniciado.
  DEBUG: Juego: El juego ha sido reiniciado.
  DEBUG: Juego: El juego ha sido reiniciado.
  DEBUG: Juego: El juego ha sido reiniciado.
  DEBUG: Juego: El juego ha sido reiniciado.
  DEBUG: Juego: El juego ha sido reiniciado.
  DEBUG: Juego: El juego ha sido reiniciado.
  DEBUG: Juego: El juego ha sido reiniciado.
  DEBUG: Juego: El juego ha sido reiniciado.
  DEBUG: Juego: El juego ha sido reiniciado.
  DEBUG: Juego: El juego ha sido reiniciado.
  DEBUG: Juego: El juego ha sido reiniciado.
  DEBUG: Juego: El juego ha sido reiniciado.
  DEBUG: Juego: El juego ha sido reiniciado.
  DEBUG: Juego: El juego ha sido reiniciado.
  DEBUG: Juego: El juego ha sido reiniciado.
  DEBUG: Juego: El juego ha sido reiniciado.
  DEBUG: Juego: El juego ha sido reiniciado.
  DEBUG: Juego: El juego ha sido reiniciado.
  DEBUG: Juego: El juego ha sido reiniciado.
  DEBUG: Juego: El juego ha sido reiniciado.
  DEBUG: Juego: El juego ha sido reiniciado.
  DEBUG: Juego: El juego ha sido reiniciado.
  DEBUG: Juego: El juego ha sido reiniciado.
  DEBUG: Juego: El juego ha sido reiniciado.
  DEBUG: Juego: El juego ha sido reiniciado.
  DEBUG: Juego: El juego ha sido reiniciado.
  DEBUG: Juego: El juego ha sido reiniciado.
  DEBUG: Juego: El juego ha sido reiniciado.
  DEBUG: Juego: El juego ha sido reiniciado.
  DEBUG: Juego: El juego ha sido reiniciado.
  DEBUG: Juego: El juego ha sido reiniciado.
  DEBUG: Juego: El juego ha sido reiniciado.
  DEBUG: Juego: El juego ha sido reiniciado.
  DEBUG: Juego: El juego ha sido reiniciado.
  DEBUG: Juego: El juego ha sido reiniciado.
  DEBUG: Juego: El juego ha sido reiniciado.
  DEBUG: Juego: El juego ha sido reiniciado.
  DEBUG: Juego: El juego ha sido reiniciado.
  DEBUG: Juego: El juego ha sido reiniciado.
  DEBUG: Juego: El juego ha sido reiniciado.
  DEBUG: Juego: El juego ha sido reiniciado.
  DEBUG: Juego: El juego ha sido reiniciado.
  DEBUG: Juego: El juego ha sido reiniciado.
  DEBUG: Juego: El juego ha sido reiniciado.
  DEBUG: Cliente: El cliente se ha desconectado satisfactoriamente
  ===============================================
    Comienzo del Log ( 09-05-2016 a las 18:38 ) 
  ===============================================

  DEBUG: Cliente: Conección al servidor exitosa.

  DEBUG: Cliente: El cliente se ha desconectado satisfactoriamente
  ===============================================
    Comienzo del Log ( 09-05-2016 a las 18:39 ) 
  ===============================================

  DEBUG: Cliente: Conección al servidor exitosa.

  DEBUG: Juego: El juego ha sido reiniciado.
  DEBUG: Juego: El juego ha sido reiniciado.
  DEBUG: Juego: El juego ha sido reiniciado.
  DEBUG: Juego: El juego ha sido reiniciado.
  DEBUG: Juego: El juego ha sido reiniciado.
  DEBUG: Juego: El juego ha sido reiniciado.
  DEBUG: Juego: El juego ha sido reiniciado.
  DEBUG: Juego: El juego ha sido reiniciado.
  DEBUG: Juego: El juego ha sido reiniciado.
  DEBUG: Juego: El juego ha sido reiniciado.
  DEBUG: Juego: El juego ha sido reiniciado.
  DEBUG: Juego: El juego ha sido reiniciado.
  DEBUG: Juego: El juego ha sido reiniciado.
  DEBUG: Juego: El juego ha sido reiniciado.
  DEBUG: Juego: El juego ha sido reiniciado.
  DEBUG: Juego: El juego ha sido reiniciado.
  DEBUG: Juego: El juego ha sido reiniciado.
  DEBUG: Juego: El juego ha sido reiniciado.
  DEBUG: Juego: El juego ha sido reiniciado.
  DEBUG: Juego: El juego ha sido reiniciado.
  DEBUG: Juego: El juego ha sido reiniciado.
  DEBUG: Juego: El juego ha sido reiniciado.
  DEBUG: Juego: El juego ha sido reiniciado.
  DEBUG: Juego: El juego ha sido reiniciado.
  DEBUG: Juego: El juego ha sido reiniciado.
  DEBUG: Juego: El juego ha sido reiniciado.
  DEBUG: Juego: El juego ha sido reiniciado.
  DEBUG: Juego: El juego ha sido reiniciado.
  DEBUG: Juego: El juego ha sido reiniciado.
  DEBUG: Juego: El juego ha sido reiniciado.
  DEBUG: Juego: El juego ha sido reiniciado.
  DEBUG: Juego: El juego ha sido reiniciado.
  DEBUG: Juego: El juego ha sido reiniciado.
  DEBUG: Juego: El juego ha sido reiniciado.
  DEBUG: Juego: El juego ha sido reiniciado.
  DEBUG: Juego: El juego ha sido reiniciado.
  DEBUG: Juego: El juego ha sido reiniciado.
  DEBUG: Juego: El juego ha sido reiniciado.
  DEBUG: Juego: El juego ha sido reiniciado.
  DEBUG: Juego: El juego ha sido reiniciado.
  ===============================================
    Comienzo del Log ( 09-05-2016 a las 18:39 ) 
  ===============================================

  DEBUG: Cliente: Conección al servidor exitosa.

  DEBUG: Cliente: El cliente se ha desconectado satisfactoriamente
  ===============================================
    Comienzo del Log ( 09-05-2016 a las 18:46 ) 
  ===============================================

  DEBUG: Cliente: Conección al servidor exitosa.

  DEBUG: Cliente: El cliente se ha desconectado satisfactoriamente
  ===============================================
    Comienzo del Log ( 09-05-2016 a las 18:47 ) 
  ===============================================

  DEBUG: Cliente: Conección al servidor exitosa.

  DEBUG: Cliente: El cliente se ha desconectado satisfactoriamente
  ===============================================
    Comienzo del Log ( 09-05-2016 a las 18:47 ) 
  ===============================================

  DEBUG: Cliente: Conección al servidor exitosa.

  DEBUG: Cliente: El cliente se ha desconectado satisfactoriamente
  ===============================================
    Comienzo del Log ( 09-05-2016 a las 18:48 ) 
  ===============================================

  DEBUG: Cliente: Conección al servidor exitosa.

  DEBUG: Cliente: El cliente se ha desconectado satisfactoriamente
  ===============================================
    Comienzo del Log ( 09-05-2016 a las 18:48 ) 
  ===============================================

  DEBUG: Cliente: Conección al servidor exitosa.

  DEBUG: Cliente: El cliente se ha desconectado satisfactoriamente
  ===============================================
    Comienzo del Log ( 09-05-2016 a las 18:48 ) 
  ===============================================

  DEBUG: Cliente: Conección al servidor exitosa.

  DEBUG: Cliente: El cliente se ha desconectado satisfactoriamente
  ===============================================
    Comienzo del Log ( 09-05-2016 a las 18:51 ) 
  ===============================================

  DEBUG: Cliente: Conección al servidor exitosa.

  ===============================================
    Comienzo del Log ( 09-05-2016 a las 18:52 ) 
  ===============================================

  DEBUG: Cliente: El cliente se ha desconectado satisfactoriamente
  DEBUG: Cliente: El cliente se ha desconectado satisfactoriamente
  ===============================================
    Comienzo del Log ( 09-05-2016 a las 18:53 ) 
  ===============================================

  DEBUG: Cliente: Conección al servidor exitosa.

  DEBUG: Cliente: El cliente se ha desconectado satisfactoriamente
  ===============================================
    Comienzo del Log ( 09-05-2016 a las 18:56 ) 
  ===============================================

  DEBUG: Cliente: Conección al servidor exitosa.

  DEBUG: Juego: El juego ha sido reiniciado.
  DEBUG: Juego: El juego ha sido reiniciado.
  ===============================================
    Comienzo del Log ( 09-05-2016 a las 18:57 ) 
  ===============================================

  DEBUG: Cliente: Conección al servidor exitosa.

  DEBUG: Cliente: El cliente se ha desconectado satisfactoriamente
  ===============================================
    Comienzo del Log ( 09-05-2016 a las 18:57 ) 
  ===============================================

  DEBUG: Cliente: Conección al servidor exitosa.

  DEBUG: Cliente: El cliente se ha desconectado satisfactoriamente
  ===============================================
    Comienzo del Log ( 09-05-2016 a las 18:59 ) 
  ===============================================

  DEBUG: Cliente: Conección al servidor exitosa.

  DEBUG: Cliente: El cliente se ha desconectado satisfactoriamente
  ===============================================
    Comienzo del Log ( 09-05-2016 a las 19:03 ) 
  ===============================================

  DEBUG: Cliente: Conección al servidor exitosa.

  DEBUG: Juego: El juego ha sido reiniciado.
  DEBUG: Juego: El juego ha sido reiniciado.
  DEBUG: Juego: El juego ha sido reiniciado.
  DEBUG: Juego: El juego ha sido reiniciado.
  DEBUG: Juego: El juego ha sido reiniciado.
  DEBUG: Juego: El juego ha sido reiniciado.
  DEBUG: Juego: El juego ha sido reiniciado.
  DEBUG: Juego: El juego ha sido reiniciado.
  DEBUG: Juego: El juego ha sido reiniciado.
  DEBUG: Juego: El juego ha sido reiniciado.
  DEBUG: Juego: El juego ha sido reiniciado.
  DEBUG: Juego: El juego ha sido reiniciado.
  DEBUG: Juego: El juego ha sido reiniciado.
  DEBUG: Juego: El juego ha sido reiniciado.
  DEBUG: Juego: El juego ha sido reiniciado.
  DEBUG: Juego: El juego ha sido reiniciado.
  DEBUG: Juego: El juego ha sido reiniciado.
  DEBUG: Juego: El juego ha sido reiniciado.
  DEBUG: Juego: El juego ha sido reiniciado.
  DEBUG: Juego: El juego ha sido reiniciado.
  DEBUG: Juego: El juego ha sido reiniciado.
  DEBUG: Juego: El juego ha sido reiniciado.
  DEBUG: Juego: El juego ha sido reiniciado.
  DEBUG: Juego: El juego ha sido reiniciado.
  DEBUG: Juego: El juego ha sido reiniciado.
  DEBUG: Juego: El juego ha sido reiniciado.
  DEBUG: Juego: El juego ha sido reiniciado.
  DEBUG: Juego: El juego ha sido reiniciado.
  DEBUG: Juego: El juego ha sido reiniciado.
  DEBUG: Juego: El juego ha sido reiniciado.
  DEBUG: Juego: El juego ha sido reiniciado.
  DEBUG: Juego: El juego ha sido reiniciado.
  DEBUG: Juego: El juego ha sido reiniciado.
  DEBUG: Juego: El juego ha sido reiniciado.
  DEBUG: Juego: El juego ha sido reiniciado.
  DEBUG: Juego: El juego ha sido reiniciado.
  DEBUG: Juego: El juego ha sido reiniciado.
  DEBUG: Juego: El juego ha sido reiniciado.
  DEBUG: Juego: El juego ha sido reiniciado.
  DEBUG: Juego: El juego ha sido reiniciado.
  DEBUG: Juego: El juego ha sido reiniciado.
  DEBUG: Juego: El juego ha sido reiniciado.
  DEBUG: Juego: El juego ha sido reiniciado.
  DEBUG: Juego: El juego ha sido reiniciado.
  DEBUG: Juego: El juego ha sido reiniciado.
  DEBUG: Juego: El juego ha sido reiniciado.
  DEBUG: Juego: El juego ha sido reiniciado.
  DEBUG: Juego: El juego ha sido reiniciado.
  DEBUG: Juego: El juego ha sido reiniciado.
  DEBUG: Juego: El juego ha sido reiniciado.
  DEBUG: Juego: El juego ha sido reiniciado.
  DEBUG: Juego: El juego ha sido reiniciado.
  DEBUG: Juego: El juego ha sido reiniciado.
  DEBUG: Juego: El juego ha sido reiniciado.
  DEBUG: Juego: El juego ha sido reiniciado.
  DEBUG: Juego: El juego ha sido reiniciado.
  DEBUG: Juego: El juego ha sido reiniciado.
  DEBUG: Juego: El juego ha sido reiniciado.
  DEBUG: Juego: El juego ha sido reiniciado.
  DEBUG: Juego: El juego ha sido reiniciado.
  DEBUG: Juego: El juego ha sido reiniciado.
  DEBUG: Juego: El juego ha sido reiniciado.
  DEBUG: Juego: El juego ha sido reiniciado.
  DEBUG: Juego: El juego ha sido reiniciado.
  DEBUG: Juego: El juego ha sido reiniciado.
  DEBUG: Juego: El juego ha sido reiniciado.
  DEBUG: Juego: El juego ha sido reiniciado.
  DEBUG: Juego: El juego ha sido reiniciado.
  DEBUG: Juego: El juego ha sido reiniciado.
  DEBUG: Juego: El juego ha sido reiniciado.
  DEBUG: Juego: El juego ha sido reiniciado.
  DEBUG: Juego: El juego ha sido reiniciado.
  DEBUG: Juego: El juego ha sido reiniciado.
  DEBUG: Juego: El juego ha sido reiniciado.
  DEBUG: Juego: El juego ha sido reiniciado.
  DEBUG: Juego: El juego ha sido reiniciado.
  DEBUG: Juego: El juego ha sido reiniciado.
  DEBUG: Juego: El juego ha sido reiniciado.
  DEBUG: Juego: El juego ha sido reiniciado.
  DEBUG: Juego: El juego ha sido reiniciado.
  DEBUG: Juego: El juego ha sido reiniciado.
  ===============================================
    Comienzo del Log ( 09-05-2016 a las 19:08 ) 
  ===============================================

  DEBUG: Cliente: Conección al servidor exitosa.

  ===============================================
    Comienzo del Log ( 09-05-2016 a las 19:08 ) 
  ===============================================

  DEBUG: Cliente: Conección al servidor exitosa.

  DEBUG: Cliente: El cliente se ha desconectado satisfactoriamente
  ===============================================
    Comienzo del Log ( 09-05-2016 a las 19:09 ) 
  ===============================================

  DEBUG: Cliente: Conección al servidor exitosa.

  ===============================================
    Comienzo del Log ( 09-05-2016 a las 19:09 ) 
  ===============================================

  DEBUG: Cliente: Conección al servidor exitosa.

  DEBUG: Cliente: El cliente se ha desconectado satisfactoriamente
  DEBUG: Cliente: El jguador sad se ha desconectado.
  DEBUG: Cliente: El cliente se ha desconectado satisfactoriamente
  ===============================================
    Comienzo del Log ( 09-05-2016 a las 19:10 ) 
  ===============================================

  DEBUG: Cliente: Conección al servidor exitosa.

  ===============================================
    Comienzo del Log ( 09-05-2016 a las 19:10 ) 
  ===============================================

  DEBUG: Cliente: Conección al servidor exitosa.

  DEBUG: Cliente: El cliente se ha desconectado satisfactoriamente
  DEBUG: Cliente: El jguador dsad se ha desconectado.
  DEBUG: Cliente: El cliente se ha desconectado satisfactoriamente
  ===============================================
    Comienzo del Log ( 09-05-2016 a las 19:11 ) 
  ===============================================

  DEBUG: Cliente: Conección al servidor exitosa.

  ===============================================
    Comienzo del Log ( 09-05-2016 a las 19:12 ) 
  ===============================================

  DEBUG: Cliente: El cliente se ha desconectado satisfactoriamente
  ===============================================
    Comienzo del Log ( 09-05-2016 a las 19:12 ) 
  ===============================================

  DEBUG: Cliente: Conección al servidor exitosa.

  DEBUG: Cliente: El cliente se ha desconectado satisfactoriamente
  DEBUG: Cliente: El jguador asd se ha desconectado.
  DEBUG: Cliente: El cliente se ha desconectado satisfactoriamente
  ===============================================
    Comienzo del Log ( 09-05-2016 a las 19:13 ) 
  ===============================================

  DEBUG: Cliente: Conección al servidor exitosa.

  ===============================================
    Comienzo del Log ( 09-05-2016 a las 19:13 ) 
  ===============================================

  DEBUG: Cliente: Conección al servidor exitosa.

  DEBUG: Cliente: El cliente se ha desconectado satisfactoriamente
  DEBUG: Cliente: El jguador asd se ha desconectado.
  DEBUG: Cliente: El cliente se ha desconectado satisfactoriamente
  ===============================================
    Comienzo del Log ( 09-05-2016 a las 19:14 ) 
  ===============================================

  DEBUG: Cliente: Conección al servidor exitosa.

  ===============================================
    Comienzo del Log ( 09-05-2016 a las 19:14 ) 
  ===============================================

  DEBUG: Cliente: Conección al servidor exitosa.

  DEBUG: Cliente: El cliente se ha desconectado satisfactoriamente
  DEBUG: Cliente: El jguador ad se ha desconectado.
  DEBUG: Cliente: El cliente se ha desconectado satisfactoriamente
  ===============================================
    Comienzo del Log ( 09-05-2016 a las 19:14 ) 
  ===============================================

  DEBUG: Cliente: Conección al servidor exitosa.

  ===============================================
    Comienzo del Log ( 09-05-2016 a las 19:14 ) 
  ===============================================

  DEBUG: Cliente: Conección al servidor exitosa.

  DEBUG: Cliente: El cliente se ha desconectado satisfactoriamente
  DEBUG: Cliente: El jguador asd se ha desconectado.
  DEBUG: Cliente: El cliente se ha desconectado satisfactoriamente
  ===============================================
    Comienzo del Log ( 09-05-2016 a las 19:17 ) 
  ===============================================

  DEBUG: Cliente: Conección al servidor exitosa.

  ===============================================
    Comienzo del Log ( 09-05-2016 a las 19:17 ) 
  ===============================================

  DEBUG: Cliente: Conección al servidor exitosa.

  ===============================================
    Comienzo del Log ( 09-05-2016 a las 19:19 ) 
  ===============================================

  DEBUG: Cliente: Conección al servidor exitosa.

  ===============================================
    Comienzo del Log ( 09-05-2016 a las 19:19 ) 
  ===============================================

  DEBUG: Cliente: Conección al servidor exitosa.

  DEBUG: Juego: El juego ha sido reiniciado.
  DEBUG: Juego: El juego ha sido reiniciado.
  DEBUG: Cliente: El cliente se ha desconectado satisfactoriamente
  ===============================================
    Comienzo del Log ( 09-05-2016 a las 19:20 ) 
  ===============================================

  DEBUG: Cliente: Conección al servidor exitosa.

  DEBUG: Juego: El juego ha sido reiniciado.
  ===============================================
    Comienzo del Log ( 09-05-2016 a las 19:21 ) 
  ===============================================

  DEBUG: Cliente: Conección al servidor exitosa.

  ===============================================
    Comienzo del Log ( 09-05-2016 a las 19:24 ) 
  ===============================================

  DEBUG: Cliente: Conección al servidor exitosa.

  ===============================================
    Comienzo del Log ( 09-05-2016 a las 19:26 ) 
  ===============================================

  DEBUG: Cliente: Conección al servidor exitosa.

  DEBUG: Juego: El juego ha sido reiniciado.
  DEBUG: Juego: El juego ha sido reiniciado.
  DEBUG: Juego: El juego ha sido reiniciado.
  DEBUG: Juego: El juego ha sido reiniciado.
  DEBUG: Juego: El juego ha sido reiniciado.
  DEBUG: Juego: El juego ha sido reiniciado.
  DEBUG: Juego: El juego ha sido reiniciado.
  DEBUG: Juego: El juego ha sido reiniciado.
  DEBUG: Juego: El juego ha sido reiniciado.
  DEBUG: Juego: El juego ha sido reiniciado.
  DEBUG: Juego: El juego ha sido reiniciado.
  DEBUG: Juego: El juego ha sido reiniciado.
  DEBUG: Juego: El juego ha sido reiniciado.
  DEBUG: Juego: El juego ha sido reiniciado.
  DEBUG: Juego: El juego ha sido reiniciado.
  DEBUG: Juego: El juego ha sido reiniciado.
  DEBUG: Juego: El juego ha sido reiniciado.
  DEBUG: Juego: El juego ha sido reiniciado.
  DEBUG: Juego: El juego ha sido reiniciado.
  DEBUG: Juego: El juego ha sido reiniciado.
  DEBUG: Juego: El juego ha sido reiniciado.
  DEBUG: Juego: El juego ha sido reiniciado.
  DEBUG: Juego: El juego ha sido reiniciado.
  DEBUG: Juego: El juego ha sido reiniciado.
  DEBUG: Juego: El juego ha sido reiniciado.
  DEBUG: Juego: El juego ha sido reiniciado.
  DEBUG: Juego: El juego ha sido reiniciado.
  DEBUG: Juego: El juego ha sido reiniciado.
  DEBUG: Juego: El juego ha sido reiniciado.
  DEBUG: Juego: El juego ha sido reiniciado.
  DEBUG: Juego: El juego ha sido reiniciado.
  DEBUG: Juego: El juego ha sido reiniciado.
  DEBUG: Juego: El juego ha sido reiniciado.
  DEBUG: Juego: El juego ha sido reiniciado.
  DEBUG: Juego: El juego ha sido reiniciado.
  DEBUG: Juego: El juego ha sido reiniciado.
  DEBUG: Juego: El juego ha sido reiniciado.
  DEBUG: Juego: El juego ha sido reiniciado.
  DEBUG: Juego: El juego ha sido reiniciado.
  DEBUG: Juego: El juego ha sido reiniciado.
  DEBUG: Juego: El juego ha sido reiniciado.
  DEBUG: Juego: El juego ha sido reiniciado.
  DEBUG: Juego: El juego ha sido reiniciado.
  DEBUG: Juego: El juego ha sido reiniciado.
  DEBUG: Juego: El juego ha sido reiniciado.
  DEBUG: Juego: El juego ha sido reiniciado.
  DEBUG: Juego: El juego ha sido reiniciado.
  DEBUG: Juego: El juego ha sido reiniciado.
  DEBUG: Juego: El juego ha sido reiniciado.
  DEBUG: Juego: El juego ha sido reiniciado.
  DEBUG: Juego: El juego ha sido reiniciado.
  DEBUG: Juego: El juego ha sido reiniciado.
  DEBUG: Juego: El juego ha sido reiniciado.
  DEBUG: Juego: El juego ha sido reiniciado.
  DEBUG: Juego: El juego ha sido reiniciado.
  DEBUG: Juego: El juego ha sido reiniciado.
  DEBUG: Juego: El juego ha sido reiniciado.
  DEBUG: Juego: El juego ha sido reiniciado.
  DEBUG: Juego: El juego ha sido reiniciado.
  DEBUG: Juego: El juego ha sido reiniciado.
  DEBUG: Juego: El juego ha sido reiniciado.
  DEBUG: Juego: El juego ha sido reiniciado.
  DEBUG: Juego: El juego ha sido reiniciado.
  DEBUG: Juego: El juego ha sido reiniciado.
  DEBUG: Juego: El juego ha sido reiniciado.
  DEBUG: Juego: El juego ha sido reiniciado.
  DEBUG: Juego: El juego ha sido reiniciado.
  DEBUG: Juego: El juego ha sido reiniciado.
  DEBUG: Juego: El juego ha sido reiniciado.
  DEBUG: Juego: El juego ha sido reiniciado.
  DEBUG: Juego: El juego ha sido reiniciado.
  DEBUG: Juego: El juego ha sido reiniciado.
  DEBUG: Juego: El juego ha sido reiniciado.
  DEBUG: Juego: El juego ha sido reiniciado.
  DEBUG: Juego: El juego ha sido reiniciado.
  DEBUG: Juego: El juego ha sido reiniciado.
  DEBUG: Juego: El juego ha sido reiniciado.
  DEBUG: Juego: El juego ha sido reiniciado.
  DEBUG: Juego: El juego ha sido reiniciado.
  DEBUG: Juego: El juego ha sido reiniciado.
  DEBUG: Juego: El juego ha sido reiniciado.
  DEBUG: Juego: El juego ha sido reiniciado.
  DEBUG: Juego: El juego ha sido reiniciado.
  DEBUG: Juego: El juego ha sido reiniciado.
  DEBUG: Juego: El juego ha sido reiniciado.
  DEBUG: Juego: El juego ha sido reiniciado.
  DEBUG: Juego: El juego ha sido reiniciado.
  DEBUG: Juego: El juego ha sido reiniciado.
  DEBUG: Juego: El juego ha sido reiniciado.
  DEBUG: Juego: El juego ha sido reiniciado.
  DEBUG: Juego: El juego ha sido reiniciado.
  DEBUG: Juego: El juego ha sido reiniciado.
  DEBUG: Juego: El juego ha sido reiniciado.
  DEBUG: Juego: El juego ha sido reiniciado.
  DEBUG: Juego: El juego ha sido reiniciado.
  DEBUG: Juego: El juego ha sido reiniciado.
  DEBUG: Juego: El juego ha sido reiniciado.
  DEBUG: Juego: El juego ha sido reiniciado.
  DEBUG: Juego: El juego ha sido reiniciado.
  DEBUG: Juego: El juego ha sido reiniciado.
  DEBUG: Juego: El juego ha sido reiniciado.
  DEBUG: Juego: El juego ha sido reiniciado.
  DEBUG: Juego: El juego ha sido reiniciado.
  DEBUG: Juego: El juego ha sido reiniciado.
  DEBUG: Juego: El juego ha sido reiniciado.
  DEBUG: Juego: El juego ha sido reiniciado.
  ===============================================
    Comienzo del Log ( 09-05-2016 a las 19:26 ) 
  ===============================================

  DEBUG: Cliente: Conección al servidor exitosa.

  DEBUG: Juego: El juego ha sido reiniciado.
  DEBUG: Juego: El juego ha sido reiniciado.
  DEBUG: Juego: El juego ha sido reiniciado.
  DEBUG: Juego: El juego ha sido reiniciado.
  DEBUG: Juego: El juego ha sido reiniciado.
  DEBUG: Juego: El juego ha sido reiniciado.
  DEBUG: Juego: El juego ha sido reiniciado.
  DEBUG: Juego: El juego ha sido reiniciado.
  DEBUG: Juego: El juego ha sido reiniciado.
  DEBUG: Juego: El juego ha sido reiniciado.
  DEBUG: Juego: El juego ha sido reiniciado.
  DEBUG: Juego: El juego ha sido reiniciado.
  DEBUG: Juego: El juego ha sido reiniciado.
  DEBUG: Juego: El juego ha sido reiniciado.
  DEBUG: Juego: El juego ha sido reiniciado.
  DEBUG: Juego: El juego ha sido reiniciado.
  DEBUG: Juego: El juego ha sido reiniciado.
  DEBUG: Juego: El juego ha sido reiniciado.
  DEBUG: Juego: El juego ha sido reiniciado.
  DEBUG: Juego: El juego ha sido reiniciado.
  DEBUG: Juego: El juego ha sido reiniciado.
  DEBUG: Juego: El juego ha sido reiniciado.
  DEBUG: Juego: El juego ha sido reiniciado.
  DEBUG: Juego: El juego ha sido reiniciado.
  DEBUG: Juego: El juego ha sido reiniciado.
  DEBUG: Juego: El juego ha sido reiniciado.
  DEBUG: Juego: El juego ha sido reiniciado.
  DEBUG: Juego: El juego ha sido reiniciado.
  DEBUG: Juego: El juego ha sido reiniciado.
  DEBUG: Juego: El juego ha sido reiniciado.
  DEBUG: Juego: El juego ha sido reiniciado.
  DEBUG: Juego: El juego ha sido reiniciado.
  DEBUG: Juego: El juego ha sido reiniciado.
  DEBUG: Juego: El juego ha sido reiniciado.
  DEBUG: Juego: El juego ha sido reiniciado.
  DEBUG: Juego: El juego ha sido reiniciado.
  DEBUG: Juego: El juego ha sido reiniciado.
  DEBUG: Juego: El juego ha sido reiniciado.
  DEBUG: Juego: El juego ha sido reiniciado.
  DEBUG: Juego: El juego ha sido reiniciado.
  DEBUG: Juego: El juego ha sido reiniciado.
  DEBUG: Juego: El juego ha sido reiniciado.
  DEBUG: Juego: El juego ha sido reiniciado.
  DEBUG: Juego: El juego ha sido reiniciado.
  DEBUG: Juego: El juego ha sido reiniciado.
  DEBUG: Juego: El juego ha sido reiniciado.
  DEBUG: Juego: El juego ha sido reiniciado.
  DEBUG: Juego: El juego ha sido reiniciado.
  DEBUG: Juego: El juego ha sido reiniciado.
  ===============================================
    Comienzo del Log ( 09-05-2016 a las 19:28 ) 
  ===============================================

  DEBUG: Cliente: Conección al servidor exitosa.

  DEBUG: Cliente: El cliente se ha desconectado satisfactoriamente
  ===============================================
    Comienzo del Log ( 09-05-2016 a las 19:28 ) 
  ===============================================

  DEBUG: Cliente: Conección al servidor exitosa.

  DEBUG: Juego: El juego ha sido reiniciado.
  DEBUG: Juego: El juego ha sido reiniciado.
  ===============================================
    Comienzo del Log ( 09-05-2016 a las 19:29 ) 
  ===============================================

  DEBUG: Cliente: Conección al servidor exitosa.

  DEBUG: Juego: El juego ha sido reiniciado.
  DEBUG: Juego: El juego ha sido reiniciado.
  ===============================================
    Comienzo del Log ( 09-05-2016 a las 19:29 ) 
  ===============================================

  DEBUG: Cliente: Conección al servidor exitosa.

  DEBUG: Juego: El juego ha sido reiniciado.
  DEBUG: Juego: El juego ha sido reiniciado.
  ===============================================
    Comienzo del Log ( 09-05-2016 a las 20:20 ) 
  ===============================================

  DEBUG: Cliente: Conección al servidor exitosa.

  DEBUG: Cliente: El cliente se ha desconectado satisfactoriamente
  ===============================================
    Comienzo del Log ( 09-05-2016 a las 20:21 ) 
  ===============================================

  DEBUG: Cliente: Conección al servidor exitosa.

  DEBUG: Cliente: El cliente se ha desconectado satisfactoriamente
  ===============================================
    Comienzo del Log ( 09-05-2016 a las 20:22 ) 
  ===============================================

  DEBUG: Cliente: Conección al servidor exitosa.

  DEBUG: Cliente: El cliente se ha desconectado satisfactoriamente
  ===============================================
    Comienzo del Log ( 09-05-2016 a las 20:23 ) 
  ===============================================

  DEBUG: Cliente: Conección al servidor exitosa.

  DEBUG: Cliente: El cliente se ha desconectado satisfactoriamente
  ===============================================
    Comienzo del Log ( 09-05-2016 a las 20:23 ) 
  ===============================================

  DEBUG: Cliente: Conección al servidor exitosa.

  DEBUG: Cliente: El cliente se ha desconectado satisfactoriamente
  ===============================================
    Comienzo del Log ( 09-05-2016 a las 20:28 ) 
  ===============================================

  DEBUG: Cliente: Conección al servidor exitosa.

  ===============================================
    Comienzo del Log ( 09-05-2016 a las 20:28 ) 
  ===============================================

  DEBUG: Cliente: El cliente se ha desconectado satisfactoriamente
  ===============================================
    Comienzo del Log ( 09-05-2016 a las 20:28 ) 
  ===============================================

  DEBUG: Cliente: Conección al servidor exitosa.

  DEBUG: Cliente: El cliente se ha desconectado satisfactoriamente
  DEBUG: Cliente: El jguador asd se ha desconectado.
  DEBUG: Cliente: El cliente se ha desconectado satisfactoriamente
  ===============================================
    Comienzo del Log ( 09-05-2016 a las 20:35 ) 
  ===============================================

  DEBUG: Cliente: Conección al servidor exitosa.

  ===============================================
    Comienzo del Log ( 09-05-2016 a las 20:35 ) 
  ===============================================

  DEBUG: Cliente: Conección al servidor exitosa.

  DEBUG: Cliente: El cliente se ha desconectado satisfactoriamente
  DEBUG: Cliente: El jguador sad se ha desconectado.
  DEBUG: Cliente: El cliente se ha desconectado satisfactoriamente
  ===============================================
    Comienzo del Log ( 09-05-2016 a las 20:37 ) 
  ===============================================

  DEBUG: Cliente: Conección al servidor exitosa.

  ===============================================
    Comienzo del Log ( 09-05-2016 a las 20:37 ) 
  ===============================================

  DEBUG: Cliente: Conección al servidor exitosa.

  DEBUG: Cliente: El cliente se ha desconectado satisfactoriamente
  DEBUG: Cliente: El jguador asd se ha desconectado.
  DEBUG: Cliente: El cliente se ha desconectado satisfactoriamente
  ===============================================
    Comienzo del Log ( 09-05-2016 a las 20:37 ) 
  ===============================================

  DEBUG: Cliente: Conección al servidor exitosa.

  ===============================================
    Comienzo del Log ( 09-05-2016 a las 20:38 ) 
  ===============================================

  DEBUG: Cliente: Conección al servidor exitosa.

  DEBUG: Cliente: El cliente se ha desconectado satisfactoriamente
  DEBUG: Cliente: El jguador sad se ha desconectado.
  DEBUG: Cliente: El cliente se ha desconectado satisfactoriamente
  ===============================================
    Comienzo del Log ( 09-05-2016 a las 20:40 ) 
  ===============================================

  DEBUG: Cliente: Conección al servidor exitosa.

  ===============================================
    Comienzo del Log ( 09-05-2016 a las 20:40 ) 
  ===============================================

  DEBUG: Cliente: Conección al servidor exitosa.

  DEBUG: Cliente: El cliente se ha desconectado satisfactoriamente
  DEBUG: Cliente: El jguador asd se ha desconectado.
  DEBUG: Cliente: El cliente se ha desconectado satisfactoriamente
  ===============================================
    Comienzo del Log ( 09-05-2016 a las 20:52 ) 
  ===============================================

  DEBUG: Cliente: Conección al servidor exitosa.

  DEBUG: Juego: El juego ha sido reiniciado.
  DEBUG: Juego: El juego ha sido reiniciado.
  ===============================================
    Comienzo del Log ( 09-05-2016 a las 20:53 ) 
  ===============================================

  DEBUG: Cliente: Conección al servidor exitosa.

  DEBUG: Juego: El juego ha sido reiniciado.
  ===============================================
    Comienzo del Log ( 09-05-2016 a las 20:58 ) 
  ===============================================

  DEBUG: Cliente: Conección al servidor exitosa.

  DEBUG: Juego: El juego ha sido reiniciado.
  DEBUG: Juego: El juego ha sido reiniciado.
  ===============================================
    Comienzo del Log ( 09-05-2016 a las 20:59 ) 
  ===============================================

  DEBUG: Cliente: Conección al servidor exitosa.

  DEBUG: Juego: El juego ha sido reiniciado.
  DEBUG: Juego: El juego ha sido reiniciado.
  DEBUG: Juego: El juego ha sido reiniciado.
  ===============================================
    Comienzo del Log ( 09-05-2016 a las 21:05 ) 
  ===============================================

  DEBUG: Cliente: Conección al servidor exitosa.

  DEBUG: Juego: El juego ha sido reiniciado.
  DEBUG: Juego: El juego ha sido reiniciado.
  DEBUG: Juego: El juego ha sido reiniciado.
  DEBUG: Juego: El juego ha sido reiniciado.
  DEBUG: Juego: El juego ha sido reiniciado.
  DEBUG: Juego: El juego ha sido reiniciado.
  DEBUG: Juego: El juego ha sido reiniciado.
  DEBUG: Juego: El juego ha sido reiniciado.
  DEBUG: Juego: El juego ha sido reiniciado.
  DEBUG: Juego: El juego ha sido reiniciado.
  DEBUG: Juego: El juego ha sido reiniciado.
  ===============================================
    Comienzo del Log ( 09-05-2016 a las 21:06 ) 
  ===============================================

  DEBUG: Cliente: Conección al servidor exitosa.

  DEBUG: Cliente: El cliente se ha desconectado satisfactoriamente
  ===============================================
    Comienzo del Log ( 09-05-2016 a las 21:06 ) 
  ===============================================

  DEBUG: Cliente: Conección al servidor exitosa.

  DEBUG: Cliente: El cliente se ha desconectado satisfactoriamente
  ===============================================
    Comienzo del Log ( 09-05-2016 a las 21:06 ) 
  ===============================================

  DEBUG: Cliente: Conección al servidor exitosa.

  DEBUG: Cliente: El cliente se ha desconectado satisfactoriamente
  ===============================================
    Comienzo del Log ( 09-05-2016 a las 21:07 ) 
  ===============================================

  DEBUG: Cliente: Conección al servidor exitosa.

  DEBUG: Cliente: El cliente se ha desconectado satisfactoriamente
  ===============================================
    Comienzo del Log ( 09-05-2016 a las 21:07 ) 
  ===============================================

  DEBUG: Cliente: Conección al servidor exitosa.

  DEBUG: Cliente: El cliente se ha desconectado satisfactoriamente
  ===============================================
    Comienzo del Log ( 09-05-2016 a las 21:07 ) 
  ===============================================

  DEBUG: Cliente: Conección al servidor exitosa.

  DEBUG: Cliente: El cliente se ha desconectado satisfactoriamente
  ===============================================
    Comienzo del Log ( 09-05-2016 a las 21:08 ) 
  ===============================================

  DEBUG: Cliente: Conección al servidor exitosa.

  DEBUG: Cliente: El cliente se ha desconectado satisfactoriamente
  ===============================================
    Comienzo del Log ( 09-05-2016 a las 21:08 ) 
  ===============================================

  DEBUG: Cliente: Conección al servidor exitosa.

  DEBUG: Juego: El juego ha sido reiniciado.
  DEBUG: Juego: El juego ha sido reiniciado.
  DEBUG: Juego: El juego ha sido reiniciado.
  DEBUG: Juego: El juego ha sido reiniciado.
  DEBUG: Juego: El juego ha sido reiniciado.
  DEBUG: Juego: El juego ha sido reiniciado.
  DEBUG: Juego: El juego ha sido reiniciado.
  DEBUG: Juego: El juego ha sido reiniciado.
  DEBUG: Juego: El juego ha sido reiniciado.
  DEBUG: Juego: El juego ha sido reiniciado.
  DEBUG: Juego: El juego ha sido reiniciado.
  DEBUG: Juego: El juego ha sido reiniciado.
  DEBUG: Juego: El juego ha sido reiniciado.
  DEBUG: Juego: El juego ha sido reiniciado.
  DEBUG: Juego: El juego ha sido reiniciado.
  DEBUG: Juego: El juego ha sido reiniciado.
  DEBUG: Juego: El juego ha sido reiniciado.
  DEBUG: Juego: El juego ha sido reiniciado.
  DEBUG: Juego: El juego ha sido reiniciado.
  DEBUG: Juego: El juego ha sido reiniciado.
  DEBUG: Juego: El juego ha sido reiniciado.
  DEBUG: Juego: El juego ha sido reiniciado.
  DEBUG: Juego: El juego ha sido reiniciado.
  DEBUG: Juego: El juego ha sido reiniciado.
  DEBUG: Juego: El juego ha sido reiniciado.
  DEBUG: Juego: El juego ha sido reiniciado.
  DEBUG: Juego: El juego ha sido reiniciado.
  DEBUG: Juego: El juego ha sido reiniciado.
  DEBUG: Juego: El juego ha sido reiniciado.
  DEBUG: Juego: El juego ha sido reiniciado.
  DEBUG: Juego: El juego ha sido reiniciado.
  DEBUG: Juego: El juego ha sido reiniciado.
  DEBUG: Juego: El juego ha sido reiniciado.
  DEBUG: Juego: El juego ha sido reiniciado.
  DEBUG: Juego: El juego ha sido reiniciado.
  DEBUG: Juego: El juego ha sido reiniciado.
  DEBUG: Juego: El juego ha sido reiniciado.
  DEBUG: Juego: El juego ha sido reiniciado.
  DEBUG: Juego: El juego ha sido reiniciado.
  DEBUG: Juego: El juego ha sido reiniciado.
  DEBUG: Juego: El juego ha sido reiniciado.
  DEBUG: Juego: El juego ha sido reiniciado.
  DEBUG: Juego: El juego ha sido reiniciado.
  DEBUG: Juego: El juego ha sido reiniciado.
  DEBUG: Juego: El juego ha sido reiniciado.
  DEBUG: Juego: El juego ha sido reiniciado.
  DEBUG: Juego: El juego ha sido reiniciado.
  DEBUG: Juego: El juego ha sido reiniciado.
  DEBUG: Juego: El juego ha sido reiniciado.
  DEBUG: Juego: El juego ha sido reiniciado.
  DEBUG: Juego: El juego ha sido reiniciado.
  DEBUG: Juego: El juego ha sido reiniciado.
  DEBUG: Juego: El juego ha sido reiniciado.
  DEBUG: Juego: El juego ha sido reiniciado.
  DEBUG: Juego: El juego ha sido reiniciado.
  DEBUG: Juego: El juego ha sido reiniciado.
  DEBUG: Juego: El juego ha sido reiniciado.
  DEBUG: Juego: El juego ha sido reiniciado.
  DEBUG: Juego: El juego ha sido reiniciado.
  DEBUG: Juego: El juego ha sido reiniciado.
  DEBUG: Juego: El juego ha sido reiniciado.
  DEBUG: Juego: El juego ha sido reiniciado.
  DEBUG: Juego: El juego ha sido reiniciado.
  DEBUG: Juego: El juego ha sido reiniciado.
  DEBUG: Juego: El juego ha sido reiniciado.
  DEBUG: Juego: El juego ha sido reiniciado.
  DEBUG: Juego: El juego ha sido reiniciado.
  DEBUG: Juego: El juego ha sido reiniciado.
  DEBUG: Juego: El juego ha sido reiniciado.
  DEBUG: Juego: El juego ha sido reiniciado.
  DEBUG: Juego: El juego ha sido reiniciado.
  DEBUG: Juego: El juego ha sido reiniciado.
  DEBUG: Juego: El juego ha sido reiniciado.
  DEBUG: Juego: El juego ha sido reiniciado.
  DEBUG: Juego: El juego ha sido reiniciado.
  DEBUG: Juego: El juego ha sido reiniciado.
  DEBUG: Juego: El juego ha sido reiniciado.
  DEBUG: Juego: El juego ha sido reiniciado.
  DEBUG: Juego: El juego ha sido reiniciado.
  DEBUG: Juego: El juego ha sido reiniciado.
  DEBUG: Juego: El juego ha sido reiniciado.
  DEBUG: Juego: El juego ha sido reiniciado.
  DEBUG: Juego: El juego ha sido reiniciado.
  DEBUG: Juego: El juego ha sido reiniciado.
  DEBUG: Cliente: El cliente se ha desconectado satisfactoriamente
  ===============================================
    Comienzo del Log ( 09-05-2016 a las 21:10 ) 
  ===============================================

  DEBUG: Cliente: Conección al servidor exitosa.

  DEBUG: Cliente: El cliente se ha desconectado satisfactoriamente
  ===============================================
    Comienzo del Log ( 09-05-2016 a las 21:13 ) 
  ===============================================

  DEBUG: Cliente: Conección al servidor exitosa.

  DEBUG: Cliente: El cliente se ha desconectado satisfactoriamente
  ===============================================
    Comienzo del Log ( 09-05-2016 a las 21:13 ) 
  ===============================================

  DEBUG: Cliente: Conección al servidor exitosa.

  DEBUG: Cliente: El cliente se ha desconectado satisfactoriamente
  ===============================================
    Comienzo del Log ( 09-05-2016 a las 21:15 ) 
  ===============================================

  DEBUG: Cliente: Conección al servidor exitosa.

  DEBUG: Cliente: El cliente se ha desconectado satisfactoriamente
  ===============================================
    Comienzo del Log ( 09-05-2016 a las 21:15 ) 
  ===============================================

  DEBUG: Cliente: Conección al servidor exitosa.

  DEBUG: Cliente: El cliente se ha desconectado satisfactoriamente
  ===============================================
    Comienzo del Log ( 09-05-2016 a las 21:18 ) 
  ===============================================

  DEBUG: Cliente: Conección al servidor exitosa.

  DEBUG: Cliente: El cliente se ha desconectado satisfactoriamente
  ===============================================
    Comienzo del Log ( 09-05-2016 a las 21:21 ) 
  ===============================================

  DEBUG: Cliente: Conección al servidor exitosa.

  DEBUG: Juego: El juego ha sido reiniciado.
  DEBUG: Juego: El juego ha sido reiniciado.
  ===============================================
    Comienzo del Log ( 09-05-2016 a las 21:22 ) 
  ===============================================

  DEBUG: Cliente: Conección al servidor exitosa.

  DEBUG: Juego: El juego ha sido reiniciado.
  DEBUG: Juego: El juego ha sido reiniciado.
  ===============================================
    Comienzo del Log ( 09-05-2016 a las 21:27 ) 
  ===============================================

  DEBUG: Cliente: Conección al servidor exitosa.

  DEBUG: Juego: El juego ha sido reiniciado.
  DEBUG: Cliente: El cliente se ha desconectado satisfactoriamente
  ===============================================
    Comienzo del Log ( 09-05-2016 a las 21:28 ) 
  ===============================================

  DEBUG: Cliente: Conección al servidor exitosa.

  ===============================================
    Comienzo del Log ( 09-05-2016 a las 21:29 ) 
  ===============================================

  DEBUG: Cliente: Conección al servidor exitosa.

  DEBUG: Juego: El juego ha sido reiniciado.
  DEBUG: Juego: El juego ha sido reiniciado.
  DEBUG: Juego: El juego ha sido reiniciado.
  DEBUG: Juego: El juego ha sido reiniciado.
  DEBUG: Juego: El juego ha sido reiniciado.
  DEBUG: Juego: El juego ha sido reiniciado.
  ===============================================
    Comienzo del Log ( 09-05-2016 a las 21:29 ) 
  ===============================================

  DEBUG: Cliente: Conección al servidor exitosa.

  DEBUG: Juego: El juego ha sido reiniciado.
  DEBUG: Juego: El juego ha sido reiniciado.
  DEBUG: Juego: El juego ha sido reiniciado.
  DEBUG: Juego: El juego ha sido reiniciado.
  DEBUG: Juego: El juego ha sido reiniciado.
  DEBUG: Juego: El juego ha sido reiniciado.
  DEBUG: Juego: El juego ha sido reiniciado.
  DEBUG: Juego: El juego ha sido reiniciado.
  DEBUG: Juego: El juego ha sido reiniciado.
  DEBUG: Juego: El juego ha sido reiniciado.
  DEBUG: Juego: El juego ha sido reiniciado.
  ===============================================
    Comienzo del Log ( 09-05-2016 a las 21:30 ) 
  ===============================================

  DEBUG: Cliente: Conección al servidor exitosa.

  DEBUG: Juego: El juego ha sido reiniciado.
  DEBUG: Juego: El juego ha sido reiniciado.
  DEBUG: Juego: El juego ha sido reiniciado.
  ===============================================
    Comienzo del Log ( 09-05-2016 a las 21:33 ) 
  ===============================================

  DEBUG: Cliente: Conección al servidor exitosa.

  ===============================================
    Comienzo del Log ( 09-05-2016 a las 21:35 ) 
  ===============================================

  DEBUG: Cliente: Conección al servidor exitosa.

  DEBUG: Juego: El juego ha sido reiniciado.
  DEBUG: Juego: El juego ha sido reiniciado.
  DEBUG: Juego: El juego ha sido reiniciado.
  DEBUG: Juego: El juego ha sido reiniciado.
  DEBUG: Juego: El juego ha sido reiniciado.
  DEBUG: Juego: El juego ha sido reiniciado.
  DEBUG: Juego: El juego ha sido reiniciado.
  DEBUG: Juego: El juego ha sido reiniciado.
  DEBUG: Juego: El juego ha sido reiniciado.
  DEBUG: Juego: El juego ha sido reiniciado.
  DEBUG: Juego: El juego ha sido reiniciado.
  DEBUG: Juego: El juego ha sido reiniciado.
  DEBUG: Juego: El juego ha sido reiniciado.
  DEBUG: Juego: El juego ha sido reiniciado.
  DEBUG: Juego: El juego ha sido reiniciado.
  DEBUG: Juego: El juego ha sido reiniciado.
  DEBUG: Juego: El juego ha sido reiniciado.
  ===============================================
    Comienzo del Log ( 09-05-2016 a las 21:37 ) 
  ===============================================

  DEBUG: Cliente: Conección al servidor exitosa.

  DEBUG: Juego: El juego ha sido reiniciado.
  DEBUG: Juego: El juego ha sido reiniciado.
  ===============================================
    Comienzo del Log ( 09-05-2016 a las 21:38 ) 
  ===============================================

  DEBUG: Cliente: Conección al servidor exitosa.

  DEBUG: Juego: El juego ha sido reiniciado.
  DEBUG: Juego: El juego ha sido reiniciado.
  ===============================================
    Comienzo del Log ( 09-05-2016 a las 21:46 ) 
  ===============================================

  DEBUG: Cliente: Conección al servidor exitosa.

  ===============================================
    Comienzo del Log ( 09-05-2016 a las 21:46 ) 
  ===============================================

  DEBUG: Cliente: Conección al servidor exitosa.

  DEBUG: Juego: El juego ha sido reiniciado.
  DEBUG: Juego: El juego ha sido reiniciado.
  ===============================================
    Comienzo del Log ( 09-05-2016 a las 21:47 ) 
  ===============================================

  DEBUG: Cliente: Conección al servidor exitosa.

  ===============================================
    Comienzo del Log ( 09-05-2016 a las 21:48 ) 
  ===============================================

  DEBUG: Cliente: Conección al servidor exitosa.

  DEBUG: Cliente: El cliente se ha desconectado satisfactoriamente
  ===============================================
    Comienzo del Log ( 09-05-2016 a las 21:48 ) 
  ===============================================

  DEBUG: Cliente: Conección al servidor exitosa.

  DEBUG: Juego: El juego ha sido reiniciado.
  DEBUG: Cliente: El cliente se ha desconectado satisfactoriamente
  ===============================================
    Comienzo del Log ( 09-05-2016 a las 21:52 ) 
  ===============================================

  ===============================================
    Comienzo del Log ( 09-05-2016 a las 21:52 ) 
  ===============================================

  DEBUG: Cliente: Conección al servidor exitosa.

  DEBUG: Cliente: El cliente se ha desconectado satisfactoriamente
  ===============================================
    Comienzo del Log ( 09-05-2016 a las 22:23 ) 
  ===============================================

  DEBUG: Cliente: Conección al servidor exitosa.

  DEBUG: Juego: El juego ha sido reiniciado.
  DEBUG: Cliente: El cliente se ha desconectado satisfactoriamente
  ===============================================
    Comienzo del Log ( 09-05-2016 a las 22:23 ) 
  ===============================================

  DEBUG: Cliente: Conección al servidor exitosa.

  ===============================================
    Comienzo del Log ( 09-05-2016 a las 22:24 ) 
  ===============================================

  DEBUG: Cliente: Conección al servidor exitosa.

  DEBUG: Juego: El juego ha sido reiniciado.
  DEBUG: Cliente: El cliente se ha desconectado satisfactoriamente
  ===============================================
    Comienzo del Log ( 09-05-2016 a las 22:24 ) 
  ===============================================

  DEBUG: Cliente: Conección al servidor exitosa.

  DEBUG: Juego: El juego ha sido reiniciado.
  ===============================================
    Comienzo del Log ( 09-05-2016 a las 22:25 ) 
  ===============================================

  DEBUG: Cliente: Conección al servidor exitosa.

  DEBUG: Juego: El juego ha sido reiniciado.
  DEBUG: Cliente: El cliente se ha desconectado satisfactoriamente
  ===============================================
    Comienzo del Log ( 09-05-2016 a las 22:26 ) 
  ===============================================

  DEBUG: Cliente: Conección al servidor exitosa.

  DEBUG: Juego: El juego ha sido reiniciado.
  DEBUG: Cliente: El cliente se ha desconectado satisfactoriamente
  ===============================================
    Comienzo del Log ( 09-05-2016 a las 22:26 ) 
  ===============================================

  DEBUG: Cliente: Conección al servidor exitosa.

  DEBUG: Juego: El juego ha sido reiniciado.
  DEBUG: Cliente: El cliente se ha desconectado satisfactoriamente
  ===============================================
    Comienzo del Log ( 09-05-2016 a las 22:26 ) 
  ===============================================

  DEBUG: Cliente: Conección al servidor exitosa.

  DEBUG: Juego: El juego ha sido reiniciado.
  DEBUG: Cliente: El cliente se ha desconectado satisfactoriamente
  ===============================================
    Comienzo del Log ( 09-05-2016 a las 22:28 ) 
  ===============================================

  DEBUG: Cliente: Conección al servidor exitosa.

  DEBUG: Juego: El juego ha sido reiniciado.
  DEBUG: Cliente: El cliente se ha desconectado satisfactoriamente
  ===============================================
    Comienzo del Log ( 09-05-2016 a las 22:29 ) 
  ===============================================

  DEBUG: Cliente: Conección al servidor exitosa.

  DEBUG: Juego: El juego ha sido reiniciado.
  DEBUG: Cliente: El cliente se ha desconectado satisfactoriamente
  ===============================================
    Comienzo del Log ( 09-05-2016 a las 22:34 ) 
  ===============================================

  DEBUG: Cliente: Conección al servidor exitosa.

  DEBUG: Cliente: El cliente se ha desconectado satisfactoriamente
  ===============================================
    Comienzo del Log ( 09-05-2016 a las 22:36 ) 
  ===============================================

  DEBUG: Cliente: Conección al servidor exitosa.

  DEBUG: Juego: El juego ha sido reiniciado.
  DEBUG: Cliente: El cliente se ha desconectado satisfactoriamente
  ===============================================
    Comienzo del Log ( 09-05-2016 a las 22:38 ) 
  ===============================================

  DEBUG: Cliente: Conección al servidor exitosa.

  DEBUG: Cliente: El cliente se ha desconectado satisfactoriamente
  ===============================================
    Comienzo del Log ( 09-05-2016 a las 22:41 ) 
  ===============================================

  DEBUG: Cliente: Conección al servidor exitosa.

  DEBUG: Cliente: El cliente se ha desconectado satisfactoriamente
  ===============================================
    Comienzo del Log ( 09-05-2016 a las 22:44 ) 
  ===============================================

  DEBUG: Cliente: Conección al servidor exitosa.

  ===============================================
    Comienzo del Log ( 09-05-2016 a las 22:45 ) 
  ===============================================

  DEBUG: Cliente: Conección al servidor exitosa.

  DEBUG: Cliente: El jguador JAJAJA se ha desconectado.
  DEBUG: Cliente: El cliente se ha desconectado satisfactoriamente
  ===============================================
    Comienzo del Log ( 09-05-2016 a las 22:45 ) 
  ===============================================

  DEBUG: Cliente: Conección al servidor exitosa.

  DEBUG: Cliente: El cliente se ha desconectado satisfactoriamente
  ===============================================
    Comienzo del Log ( 09-05-2016 a las 22:48 ) 
  ===============================================

  DEBUG: Cliente: Conección al servidor exitosa.

  DEBUG: Cliente: El jguador asdf se ha desconectado.
  DEBUG: Cliente: El cliente se ha desconectado satisfactoriamente
  ===============================================
    Comienzo del Log ( 09-05-2016 a las 22:50 ) 
  ===============================================

  DEBUG: Cliente: Conección al servidor exitosa.

  DEBUG: Cliente: El cliente se ha desconectado satisfactoriamente
  ===============================================
    Comienzo del Log ( 09-05-2016 a las 22:52 ) 
  ===============================================

  ===============================================
    Comienzo del Log ( 09-05-2016 a las 22:52 ) 
  ===============================================

  DEBUG: Cliente: Conección al servidor exitosa.

  DEBUG: Cliente: El cliente se ha desconectado satisfactoriamente
  ===============================================
    Comienzo del Log ( 09-05-2016 a las 22:53 ) 
  ===============================================

  DEBUG: Cliente: Conección al servidor exitosa.

  ===============================================
    Comienzo del Log ( 09-05-2016 a las 22:54 ) 
  ===============================================

  DEBUG: Cliente: Conección al servidor exitosa.

  DEBUG: Cliente: El cliente se ha desconectado satisfactoriamente
  ===============================================
    Comienzo del Log ( 09-05-2016 a las 22:54 ) 
  ===============================================

  DEBUG: Cliente: Conección al servidor exitosa.

  DEBUG: Cliente: El cliente se ha desconectado satisfactoriamente
  ===============================================
    Comienzo del Log ( 09-05-2016 a las 22:55 ) 
  ===============================================

  DEBUG: Cliente: Conección al servidor exitosa.

  DEBUG: Cliente: El cliente se ha desconectado satisfactoriamente
  ===============================================
    Comienzo del Log ( 09-05-2016 a las 22:55 ) 
  ===============================================

  DEBUG: Cliente: Conección al servidor exitosa.

  DEBUG: Cliente: El cliente se ha desconectado satisfactoriamente
  ===============================================
    Comienzo del Log ( 09-05-2016 a las 22:56 ) 
  ===============================================

  DEBUG: Cliente: Conección al servidor exitosa.

  DEBUG: Cliente: El jguador random se ha desconectado.
  DEBUG: Cliente: El cliente se ha desconectado satisfactoriamente
  ===============================================
    Comienzo del Log ( 09-05-2016 a las 22:56 ) 
  ===============================================

  DEBUG: Cliente: Conección al servidor exitosa.

  DEBUG: Cliente: El cliente se ha desconectado satisfactoriamente
  ===============================================
    Comienzo del Log ( 09-05-2016 a las 22:57 ) 
  ===============================================

  DEBUG: Cliente: Conección al servidor exitosa.

  DEBUG: Cliente: El cliente se ha desconectado satisfactoriamente
  ===============================================
    Comienzo del Log ( 09-05-2016 a las 22:57 ) 
  ===============================================

  DEBUG: Cliente: Conección al servidor exitosa.

  DEBUG: Cliente: El cliente se ha desconectado satisfactoriamente
  ===============================================
    Comienzo del Log ( 09-05-2016 a las 23:04 ) 
  ===============================================

  DEBUG: Cliente: Conección al servidor exitosa.

  DEBUG: Cliente: El cliente se ha desconectado satisfactoriamente
  ===============================================
    Comienzo del Log ( 09-05-2016 a las 23:13 ) 
  ===============================================

  DEBUG: Cliente: Conección al servidor exitosa.

  DEBUG: Cliente: El cliente se ha desconectado satisfactoriamente
  ===============================================
    Comienzo del Log ( 09-05-2016 a las 23:14 ) 
  ===============================================

  DEBUG: Cliente: Conección al servidor exitosa.

  DEBUG: Cliente: El cliente se ha desconectado satisfactoriamente
  ===============================================
    Comienzo del Log ( 09-05-2016 a las 23:17 ) 
  ===============================================

  DEBUG: Cliente: Conección al servidor exitosa.

  DEBUG: Cliente: El cliente se ha desconectado satisfactoriamente
  ===============================================
    Comienzo del Log ( 09-05-2016 a las 23:19 ) 
  ===============================================

  DEBUG: Cliente: Conección al servidor exitosa.

  DEBUG: Cliente: El cliente se ha desconectado satisfactoriamente
  ===============================================
    Comienzo del Log ( 09-05-2016 a las 23:31 ) 
  ===============================================

  DEBUG: Cliente: Conección al servidor exitosa.

  ===============================================
    Comienzo del Log ( 09-05-2016 a las 23:31 ) 
  ===============================================

  DEBUG: Cliente: Conección al servidor exitosa.

  DEBUG: Cliente: El cliente se ha desconectado satisfactoriamente
  DEBUG: Cliente: El jguador asddasd se ha desconectado.
  DEBUG: Cliente: El cliente se ha desconectado satisfactoriamente
  ===============================================
    Comienzo del Log ( 09-05-2016 a las 23:31 ) 
  ===============================================

  DEBUG: Cliente: Conección al servidor exitosa.

  DEBUG: Cliente: El jguador ras se ha desconectado.
  DEBUG: Cliente: El cliente se ha desconectado satisfactoriamente
  ===============================================
    Comienzo del Log ( 09-05-2016 a las 23:32 ) 
  ===============================================

  DEBUG: Cliente: Conección al servidor exitosa.

  DEBUG: Cliente: El cliente se ha desconectado satisfactoriamente
  ===============================================
    Comienzo del Log ( 09-05-2016 a las 23:32 ) 
  ===============================================

  DEBUG: Cliente: Conección al servidor exitosa.

  DEBUG: Cliente: El jguador  se ha desconectado.
  DEBUG: Cliente: El cliente se ha desconectado satisfactoriamente
  ===============================================
    Comienzo del Log ( 09-05-2016 a las 23:33 ) 
  ===============================================

  DEBUG: Cliente: Conección al servidor exitosa.

  DEBUG: Cliente: El jguador  se ha desconectado.
  DEBUG: Cliente: El cliente se ha desconectado satisfactoriamente
  ===============================================
    Comienzo del Log ( 09-05-2016 a las 23:35 ) 
  ===============================================

  DEBUG: Cliente: Conección al servidor exitosa.

  ===============================================
    Comienzo del Log ( 09-05-2016 a las 23:35 ) 
  ===============================================

  DEBUG: Cliente: Conección al servidor exitosa.

  DEBUG: Cliente: El cliente se ha desconectado satisfactoriamente
  DEBUG: Cliente: El jguador asdd se ha desconectado.
  DEBUG: Cliente: El cliente se ha desconectado satisfactoriamente
  ===============================================
    Comienzo del Log ( 09-05-2016 a las 23:39 ) 
  ===============================================

  DEBUG: Cliente: Conección al servidor exitosa.

  ===============================================
    Comienzo del Log ( 09-05-2016 a las 23:41 ) 
  ===============================================

  DEBUG: Cliente: Conección al servidor exitosa.

  DEBUG: Cliente: El jguador hola se ha desconectado.
  DEBUG: Cliente: El cliente se ha desconectado satisfactoriamente
  ===============================================
    Comienzo del Log ( 09-05-2016 a las 23:41 ) 
  ===============================================

  DEBUG: Cliente: Conección al servidor exitosa.

  ===============================================
    Comienzo del Log ( 09-05-2016 a las 23:42 ) 
  ===============================================

  DEBUG: Cliente: Conección al servidor exitosa.

  DEBUG: Cliente: El cliente se ha desconectado satisfactoriamente
  DEBUG: Cliente: El jguador asddasd se ha desconectado.
  DEBUG: Cliente: El cliente se ha desconectado satisfactoriamente
  ===============================================
    Comienzo del Log ( 09-05-2016 a las 23:43 ) 
  ===============================================

  DEBUG: Cliente: Conección al servidor exitosa.

  DEBUG: Cliente: El cliente se ha desconectado satisfactoriamente
  ===============================================
    Comienzo del Log ( 09-05-2016 a las 23:44 ) 
  ===============================================

  DEBUG: Cliente: Conección al servidor exitosa.

  ===============================================
    Comienzo del Log ( 09-05-2016 a las 23:45 ) 
  ===============================================

  DEBUG: Cliente: Conección al servidor exitosa.

  DEBUG: Cliente: El cliente se ha desconectado satisfactoriamente
  DEBUG: Cliente: El jguador asd se ha desconectado.
  DEBUG: Cliente: El cliente se ha desconectado satisfactoriamente
  ===============================================
    Comienzo del Log ( 09-05-2016 a las 23:45 ) 
  ===============================================

  DEBUG: Cliente: Conección al servidor exitosa.

  ===============================================
    Comienzo del Log ( 09-05-2016 a las 23:45 ) 
  ===============================================

  DEBUG: Cliente: Conección al servidor exitosa.

  DEBUG: Cliente: El cliente se ha desconectado satisfactoriamente
  DEBUG: Cliente: El jguador asdads se ha desconectado.
  DEBUG: Cliente: El cliente se ha desconectado satisfactoriamente
  ===============================================
    Comienzo del Log ( 09-05-2016 a las 23:45 ) 
  ===============================================

  DEBUG: Cliente: Conección al servidor exitosa.

  ===============================================
    Comienzo del Log ( 09-05-2016 a las 23:45 ) 
  ===============================================

  DEBUG: Cliente: Conección al servidor exitosa.

  DEBUG: Cliente: El cliente se ha desconectado satisfactoriamente
  DEBUG: Cliente: El jguador sadads se ha desconectado.
  DEBUG: Cliente: El cliente se ha desconectado satisfactoriamente
  ===============================================
    Comienzo del Log ( 09-05-2016 a las 23:46 ) 
  ===============================================

  ===============================================
    Comienzo del Log ( 09-05-2016 a las 23:46 ) 
  ===============================================

  DEBUG: Cliente: Conección al servidor exitosa.

  ===============================================
    Comienzo del Log ( 09-05-2016 a las 23:46 ) 
  ===============================================

  DEBUG: Cliente: Conección al servidor exitosa.

  DEBUG: Cliente: El cliente se ha desconectado satisfactoriamente
  DEBUG: Cliente: El jguador asd se ha desconectado.
  DEBUG: Cliente: El cliente se ha desconectado satisfactoriamente
  ===============================================
    Comienzo del Log ( 09-05-2016 a las 23:46 ) 
  ===============================================

  DEBUG: Cliente: Conección al servidor exitosa.

  ===============================================
    Comienzo del Log ( 09-05-2016 a las 23:46 ) 
  ===============================================

  DEBUG: Cliente: Conección al servidor exitosa.

  DEBUG: Cliente: El cliente se ha desconectado satisfactoriamente
  DEBUG: Cliente: El jguador asd se ha desconectado.
  DEBUG: Cliente: El cliente se ha desconectado satisfactoriamente
  ===============================================
    Comienzo del Log ( 09-05-2016 a las 23:46 ) 
  ===============================================

  DEBUG: Cliente: Conección al servidor exitosa.

  ===============================================
    Comienzo del Log ( 09-05-2016 a las 23:46 ) 
  ===============================================

  DEBUG: Cliente: Conección al servidor exitosa.

  DEBUG: Cliente: El cliente se ha desconectado satisfactoriamente
  DEBUG: Cliente: El jguador sad se ha desconectado.
  DEBUG: Cliente: El cliente se ha desconectado satisfactoriamente
  ===============================================
    Comienzo del Log ( 09-05-2016 a las 23:48 ) 
  ===============================================

  DEBUG: Cliente: Conección al servidor exitosa.

  DEBUG: Cliente: El cliente se ha desconectado satisfactoriamente
  ===============================================
    Comienzo del Log ( 09-05-2016 a las 23:48 ) 
  ===============================================

  DEBUG: Cliente: Conección al servidor exitosa.

  ===============================================
    Comienzo del Log ( 09-05-2016 a las 23:48 ) 
  ===============================================

  DEBUG: Cliente: Conección al servidor exitosa.

  DEBUG: Cliente: El jguador d se ha desconectado.
  DEBUG: Cliente: El cliente se ha desconectado satisfactoriamente
  ===============================================
    Comienzo del Log ( 09-05-2016 a las 23:50 ) 
  ===============================================

  DEBUG: Cliente: Conección al servidor exitosa.

  ===============================================
    Comienzo del Log ( 09-05-2016 a las 23:50 ) 
  ===============================================

  DEBUG: Cliente: Conección al servidor exitosa.

  DEBUG: Cliente: El cliente se ha desconectado satisfactoriamente
  DEBUG: Cliente: El jguador asd se ha desconectado.
  DEBUG: Cliente: El cliente se ha desconectado satisfactoriamente
  ===============================================
    Comienzo del Log ( 09-05-2016 a las 23:51 ) 
  ===============================================

  DEBUG: Cliente: Conección al servidor exitosa.

  ===============================================
    Comienzo del Log ( 09-05-2016 a las 23:51 ) 
  ===============================================

  DEBUG: Cliente: Conección al servidor exitosa.

  DEBUG: Cliente: El cliente se ha desconectado satisfactoriamente
  DEBUG: Cliente: El jguador ad se ha desconectado.
  DEBUG: Cliente: El cliente se ha desconectado satisfactoriamente
  ===============================================
    Comienzo del Log ( 09-05-2016 a las 23:51 ) 
  ===============================================

  DEBUG: Cliente: Conección al servidor exitosa.

  ===============================================
    Comienzo del Log ( 09-05-2016 a las 23:51 ) 
  ===============================================

  DEBUG: Cliente: Conección al servidor exitosa.

  DEBUG: Cliente: El cliente se ha desconectado satisfactoriamente
  DEBUG: Cliente: El jguador das se ha desconectado.
  DEBUG: Cliente: El cliente se ha desconectado satisfactoriamente
  ===============================================
    Comienzo del Log ( 09-05-2016 a las 23:51 ) 
  ===============================================

  DEBUG: Cliente: Conección al servidor exitosa.

  ===============================================
    Comienzo del Log ( 09-05-2016 a las 23:52 ) 
  ===============================================

  DEBUG: Cliente: El cliente se ha desconectado satisfactoriamente
  ===============================================
    Comienzo del Log ( 09-05-2016 a las 23:52 ) 
  ===============================================

  DEBUG: Cliente: Conección al servidor exitosa.

  DEBUG: Cliente: El cliente se ha desconectado satisfactoriamente
  DEBUG: Cliente: El jguador d se ha desconectado.
  DEBUG: Cliente: El cliente se ha desconectado satisfactoriamente
  ===============================================
    Comienzo del Log ( 09-05-2016 a las 23:54 ) 
  ===============================================

  DEBUG: Cliente: Conección al servidor exitosa.

  ===============================================
    Comienzo del Log ( 09-05-2016 a las 23:54 ) 
  ===============================================

  DEBUG: Cliente: Conección al servidor exitosa.

  DEBUG: Cliente: El cliente se ha desconectado satisfactoriamente
  DEBUG: Cliente: El jguador ad se ha desconectado.
  DEBUG: Cliente: El cliente se ha desconectado satisfactoriamente
  ===============================================
    Comienzo del Log ( 09-05-2016 a las 23:54 ) 
  ===============================================

  DEBUG: Cliente: Conección al servidor exitosa.

  ===============================================
    Comienzo del Log ( 09-05-2016 a las 23:54 ) 
  ===============================================

  DEBUG: Cliente: Conección al servidor exitosa.

  DEBUG: Cliente: El cliente se ha desconectado satisfactoriamente
  DEBUG: Cliente: El jguador asd se ha desconectado.
  DEBUG: Cliente: El cliente se ha desconectado satisfactoriamente
