  ===============================================
    Comienzo del Log ( 07-05-2016 a las 04:24 ) 
  ===============================================

  DEBUG: Cliente: Conección al servidor exitosa.

  DEBUG: Cliente: El cliente se ha desconectado satisfactoriamente
  ===============================================
    Comienzo del Log ( 07-05-2016 a las 04:24 ) 
  ===============================================

  DEBUG: Cliente: Conección al servidor exitosa.

  ===============================================
    Comienzo del Log ( 07-05-2016 a las 04:25 ) 
  ===============================================

  DEBUG: Cliente: Conección al servidor exitosa.

  ===============================================
    Comienzo del Log ( 07-05-2016 a las 14:22 ) 
  ===============================================

  DEBUG: Cliente: Conección al servidor exitosa.

  ===============================================
    Comienzo del Log ( 07-05-2016 a las 16:20 ) 
  ===============================================

  DEBUG: Cliente: El cliente se ha desconectado satisfactoriamente
  ===============================================
    Comienzo del Log ( 07-05-2016 a las 16:25 ) 
  ===============================================

  DEBUG: Cliente: El cliente se ha desconectado satisfactoriamente
  ===============================================
    Comienzo del Log ( 07-05-2016 a las 16:29 ) 
  ===============================================

  DEBUG: Cliente: El cliente se ha desconectado satisfactoriamente
  ===============================================
    Comienzo del Log ( 07-05-2016 a las 16:31 ) 
  ===============================================

  DEBUG: Cliente: El cliente se ha desconectado satisfactoriamente
  ===============================================
    Comienzo del Log ( 07-05-2016 a las 16:37 ) 
  ===============================================

  DEBUG: Cliente: Conección al servidor exitosa.

  ===============================================
    Comienzo del Log ( 07-05-2016 a las 16:38 ) 
  ===============================================

  ===============================================
    Comienzo del Log ( 07-05-2016 a las 16:43 ) 
  ===============================================

  DEBUG: Cliente: Conección al servidor exitosa.

  ===============================================
    Comienzo del Log ( 07-05-2016 a las 16:43 ) 
  ===============================================

  DEBUG: Cliente: Conección al servidor exitosa.

  ===============================================
    Comienzo del Log ( 07-05-2016 a las 16:44 ) 
  ===============================================

  DEBUG: Cliente: Conección al servidor exitosa.

  ===============================================
    Comienzo del Log ( 07-05-2016 a las 16:44 ) 
  ===============================================

  DEBUG: Cliente: El cliente se ha desconectado satisfactoriamente
  DEBUG: Cliente: El cliente se ha desconectado satisfactoriamente
  ===============================================
    Comienzo del Log ( 07-05-2016 a las 16:48 ) 
  ===============================================

  DEBUG: Cliente: Conección al servidor exitosa.

  ===============================================
    Comienzo del Log ( 07-05-2016 a las 16:49 ) 
  ===============================================

  DEBUG: Cliente: Conección al servidor exitosa.

  DEBUG: Cliente: El cliente se ha desconectado satisfactoriamente
  ===============================================
    Comienzo del Log ( 07-05-2016 a las 16:50 ) 
  ===============================================

  DEBUG: Cliente: Conección al servidor exitosa.

  ===============================================
    Comienzo del Log ( 07-05-2016 a las 16:51 ) 
  ===============================================

  DEBUG: Cliente: Conección al servidor exitosa.

  ===============================================
    Comienzo del Log ( 07-05-2016 a las 16:54 ) 
  ===============================================

  DEBUG: Cliente: Conección al servidor exitosa.

  ===============================================
    Comienzo del Log ( 07-05-2016 a las 16:55 ) 
  ===============================================

  DEBUG: Cliente: Conección al servidor exitosa.

  ===============================================
    Comienzo del Log ( 07-05-2016 a las 17:05 ) 
  ===============================================

  DEBUG: Cliente: Conección al servidor exitosa.

  ===============================================
    Comienzo del Log ( 07-05-2016 a las 17:05 ) 
  ===============================================

  DEBUG: Cliente: Conección al servidor exitosa.

  ===============================================
    Comienzo del Log ( 07-05-2016 a las 17:25 ) 
  ===============================================

  DEBUG: Cliente: Conección al servidor exitosa.

  ===============================================
    Comienzo del Log ( 07-05-2016 a las 17:27 ) 
  ===============================================

  DEBUG: Cliente: Conección al servidor exitosa.

  ===============================================
    Comienzo del Log ( 07-05-2016 a las 17:29 ) 
  ===============================================

  DEBUG: Cliente: Conección al servidor exitosa.

  ===============================================
    Comienzo del Log ( 07-05-2016 a las 17:31 ) 
  ===============================================

  DEBUG: Cliente: Conección al servidor exitosa.

  ===============================================
    Comienzo del Log ( 07-05-2016 a las 17:33 ) 
  ===============================================

  DEBUG: Cliente: Conección al servidor exitosa.

  ===============================================
    Comienzo del Log ( 07-05-2016 a las 17:36 ) 
  ===============================================

  DEBUG: Cliente: Conección al servidor exitosa.

  ===============================================
    Comienzo del Log ( 07-05-2016 a las 17:42 ) 
  ===============================================

  DEBUG: Cliente: Conección al servidor exitosa.

  ===============================================
    Comienzo del Log ( 07-05-2016 a las 17:43 ) 
  ===============================================

  DEBUG: Cliente: Conección al servidor exitosa.

  ===============================================
    Comienzo del Log ( 07-05-2016 a las 18:52 ) 
  ===============================================

  DEBUG: Cliente: Conección al servidor exitosa.

  ===============================================
    Comienzo del Log ( 07-05-2016 a las 19:08 ) 
  ===============================================

  DEBUG: Cliente: Conección al servidor exitosa.

  ===============================================
    Comienzo del Log ( 07-05-2016 a las 19:13 ) 
  ===============================================

  DEBUG: Cliente: Conección al servidor exitosa.

  ===============================================
    Comienzo del Log ( 07-05-2016 a las 19:13 ) 
  ===============================================

  DEBUG: Cliente: Conección al servidor exitosa.

  DEBUG: Cliente: El jguador dsad se ha desconectado.
  ===============================================
    Comienzo del Log ( 07-05-2016 a las 19:15 ) 
  ===============================================

  DEBUG: Cliente: Conección al servidor exitosa.

  DEBUG: Cliente: El cliente se ha desconectado satisfactoriamente
