  ===============================================
    Comienzo del Log ( 14-06-2016 a las 23:42 ) 
  ===============================================

  DEBUG: Cliente: Se recibieron y cargaron todos los audios satisfactoriamente.
  DEBUG: Cliente: Conección al servidor exitosa.

  DEBUG: Cliente: Se recibieron y cargaron todas las texturas satisfactoriamente.
  DEBUG: Cliente: El cliente se ha desconectado satisfactoriamente
  ===============================================
    Comienzo del Log ( 14-06-2016 a las 23:44 ) 
  ===============================================

  DEBUG: Cliente: Se recibieron y cargaron todos los audios satisfactoriamente.
  DEBUG: Cliente: Conección al servidor exitosa.

  DEBUG: Cliente: El cliente se ha desconectado satisfactoriamente
  ===============================================
    Comienzo del Log ( 14-06-2016 a las 23:44 ) 
  ===============================================

  DEBUG: Cliente: Se recibieron y cargaron todos los audios satisfactoriamente.
  DEBUG: Cliente: Conección al servidor exitosa.

  DEBUG: Cliente: Se recibieron y cargaron todas las texturas satisfactoriamente.
  DEBUG: Cliente: El cliente se ha desconectado satisfactoriamente
  ===============================================
    Comienzo del Log ( 14-06-2016 a las 23:45 ) 
  ===============================================

  DEBUG: Cliente: Se recibieron y cargaron todos los audios satisfactoriamente.
  DEBUG: Cliente: Conección al servidor exitosa.

  DEBUG: Cliente: Se recibieron y cargaron todas las texturas satisfactoriamente.
  DEBUG: Cliente: El cliente se ha desconectado satisfactoriamente
  ===============================================
    Comienzo del Log ( 14-06-2016 a las 23:48 ) 
  ===============================================

  DEBUG: Cliente: Se recibieron y cargaron todos los audios satisfactoriamente.
  DEBUG: Cliente: Conección al servidor exitosa.

  DEBUG: Cliente: Se recibieron y cargaron todas las texturas satisfactoriamente.
  DEBUG: Cliente: El cliente se ha desconectado satisfactoriamente
  ===============================================
    Comienzo del Log ( 14-06-2016 a las 23:48 ) 
  ===============================================

  DEBUG: Cliente: Se recibieron y cargaron todos los audios satisfactoriamente.
  DEBUG: Cliente: Conección al servidor exitosa.

  DEBUG: Cliente: Se recibieron y cargaron todas las texturas satisfactoriamente.
  DEBUG: Cliente: El cliente se ha desconectado satisfactoriamente
  ===============================================
    Comienzo del Log ( 14-06-2016 a las 23:54 ) 
  ===============================================

  DEBUG: Cliente: Se recibieron y cargaron todos los audios satisfactoriamente.
  DEBUG: Cliente: Conección al servidor exitosa.

  DEBUG: Cliente: Se recibieron y cargaron todas las texturas satisfactoriamente.
  DEBUG: Cliente: El cliente se ha desconectado satisfactoriamente
