  ===============================================
    Comienzo del Log ( 17-05-2016 a las 22:54 ) 
  ===============================================

  DEBUG: Cliente: Conección al servidor exitosa.

  DEBUG: Cliente: Se recibieron y cargaron todas las texturas satisfactoriamente.
  ===============================================
    Comienzo del Log ( 17-05-2016 a las 22:55 ) 
  ===============================================

  DEBUG: Cliente: Conección al servidor exitosa.

  DEBUG: Cliente: Se recibieron y cargaron todas las texturas satisfactoriamente.
  DEBUG: Juego: El juego ha sido reiniciado.
  DEBUG: Juego: El juego ha sido reiniciado.
  DEBUG: Cliente: Se recibieron y cargaron todas las texturas satisfactoriamente.
  DEBUG: Cliente: Se recibieron y cargaron todas las texturas satisfactoriamente.
  DEBUG: Cliente: El cliente se ha desconectado satisfactoriamente
  DEBUG: Cliente: El jguador asddd se ha desconectado.
  ===============================================
    Comienzo del Log ( 17-05-2016 a las 22:56 ) 
  ===============================================

  DEBUG: Cliente: Conección al servidor exitosa.

  DEBUG: Cliente: Se recibieron y cargaron todas las texturas satisfactoriamente.
  DEBUG: Cliente: El cliente se ha desconectado satisfactoriamente
  DEBUG: Cliente: El jguador asddsa se ha desconectado.
  DEBUG: Cliente: El cliente se ha desconectado satisfactoriamente
  ===============================================
    Comienzo del Log ( 17-05-2016 a las 23:20 ) 
  ===============================================

  DEBUG: Cliente: Conección al servidor exitosa.

  DEBUG: Cliente: Se recibieron y cargaron todas las texturas satisfactoriamente.
  ===============================================
    Comienzo del Log ( 17-05-2016 a las 23:20 ) 
  ===============================================

  DEBUG: Cliente: Conección al servidor exitosa.

  DEBUG: Cliente: Se recibieron y cargaron todas las texturas satisfactoriamente.
  DEBUG: Cliente: El cliente se ha desconectado satisfactoriamente
  DEBUG: Cliente: El jguador asdasd se ha desconectado.
  ===============================================
    Comienzo del Log ( 17-05-2016 a las 23:21 ) 
  ===============================================

  DEBUG: Cliente: Conección al servidor exitosa.

  DEBUG: Cliente: Se recibieron y cargaron todas las texturas satisfactoriamente.
  DEBUG: Cliente: El cliente se ha desconectado satisfactoriamente
  DEBUG: Cliente: El jguador a se ha desconectado.
  ===============================================
    Comienzo del Log ( 17-05-2016 a las 23:21 ) 
  ===============================================

  DEBUG: Cliente: Conección al servidor exitosa.

  DEBUG: Cliente: Se recibieron y cargaron todas las texturas satisfactoriamente.
  DEBUG: Juego: El juego ha sido reiniciado.
  DEBUG: Juego: El juego ha sido reiniciado.
  DEBUG: Cliente: Se recibieron y cargaron todas las texturas satisfactoriamente.
  DEBUG: Cliente: Se recibieron y cargaron todas las texturas satisfactoriamente.
  DEBUG: Juego: El juego ha sido reiniciado.
  DEBUG: Juego: El juego ha sido reiniciado.
  DEBUG: Cliente: Se recibieron y cargaron todas las texturas satisfactoriamente.
  DEBUG: Cliente: Se recibieron y cargaron todas las texturas satisfactoriamente.
  DEBUG: Juego: El juego ha sido reiniciado.
  DEBUG: Juego: El juego ha sido reiniciado.
  DEBUG: Cliente: Se recibieron y cargaron todas las texturas satisfactoriamente.
  DEBUG: Cliente: Se recibieron y cargaron todas las texturas satisfactoriamente.
  DEBUG: Juego: El juego ha sido reiniciado.
  DEBUG: Juego: El juego ha sido reiniciado.
  DEBUG: Cliente: Se recibieron y cargaron todas las texturas satisfactoriamente.
  DEBUG: Cliente: Se recibieron y cargaron todas las texturas satisfactoriamente.
  DEBUG: Juego: El juego ha sido reiniciado.
  DEBUG: Juego: El juego ha sido reiniciado.
  DEBUG: Cliente: Se recibieron y cargaron todas las texturas satisfactoriamente.
  DEBUG: Cliente: Se recibieron y cargaron todas las texturas satisfactoriamente.
  DEBUG: Juego: El juego ha sido reiniciado.
  DEBUG: Juego: El juego ha sido reiniciado.
  DEBUG: Cliente: Se recibieron y cargaron todas las texturas satisfactoriamente.
  DEBUG: Cliente: Se recibieron y cargaron todas las texturas satisfactoriamente.
  DEBUG: Juego: El juego ha sido reiniciado.
  DEBUG: Juego: El juego ha sido reiniciado.
  DEBUG: Cliente: Se recibieron y cargaron todas las texturas satisfactoriamente.
  DEBUG: Cliente: Se recibieron y cargaron todas las texturas satisfactoriamente.
  DEBUG: Juego: El juego ha sido reiniciado.
  DEBUG: Juego: El juego ha sido reiniciado.
  DEBUG: Cliente: Se recibieron y cargaron todas las texturas satisfactoriamente.
  DEBUG: Cliente: Se recibieron y cargaron todas las texturas satisfactoriamente.
  DEBUG: Juego: El juego ha sido reiniciado.
  DEBUG: Juego: El juego ha sido reiniciado.
  DEBUG: Cliente: Se recibieron y cargaron todas las texturas satisfactoriamente.
  DEBUG: Cliente: Se recibieron y cargaron todas las texturas satisfactoriamente.
  DEBUG: Juego: El juego ha sido reiniciado.
  DEBUG: Juego: El juego ha sido reiniciado.
  DEBUG: Cliente: Se recibieron y cargaron todas las texturas satisfactoriamente.
  DEBUG: Cliente: Se recibieron y cargaron todas las texturas satisfactoriamente.
  DEBUG: Juego: El juego ha sido reiniciado.
  DEBUG: Juego: El juego ha sido reiniciado.
  DEBUG: Cliente: Se recibieron y cargaron todas las texturas satisfactoriamente.
  DEBUG: Cliente: Se recibieron y cargaron todas las texturas satisfactoriamente.
  DEBUG: Juego: El juego ha sido reiniciado.
  DEBUG: Juego: El juego ha sido reiniciado.
  DEBUG: Cliente: Se recibieron y cargaron todas las texturas satisfactoriamente.
  DEBUG: Cliente: Se recibieron y cargaron todas las texturas satisfactoriamente.
  DEBUG: Juego: El juego ha sido reiniciado.
  DEBUG: Juego: El juego ha sido reiniciado.
  DEBUG: Cliente: Se recibieron y cargaron todas las texturas satisfactoriamente.
  DEBUG: Cliente: Se recibieron y cargaron todas las texturas satisfactoriamente.
  DEBUG: Juego: El juego ha sido reiniciado.
  DEBUG: Juego: El juego ha sido reiniciado.
  DEBUG: Cliente: Se recibieron y cargaron todas las texturas satisfactoriamente.
  DEBUG: Cliente: Se recibieron y cargaron todas las texturas satisfactoriamente.
  DEBUG: Juego: El juego ha sido reiniciado.
  DEBUG: Juego: El juego ha sido reiniciado.
  DEBUG: Cliente: Se recibieron y cargaron todas las texturas satisfactoriamente.
  DEBUG: Cliente: Se recibieron y cargaron todas las texturas satisfactoriamente.
  DEBUG: Cliente: El cliente se ha desconectado satisfactoriamente
  DEBUG: Cliente: El cliente se ha desconectado satisfactoriamente
  ===============================================
    Comienzo del Log ( 17-05-2016 a las 23:42 ) 
  ===============================================

  DEBUG: Cliente: Conección al servidor exitosa.

  DEBUG: Cliente: Se recibieron y cargaron todas las texturas satisfactoriamente.
  ===============================================
    Comienzo del Log ( 17-05-2016 a las 23:42 ) 
  ===============================================

  DEBUG: Cliente: Conección al servidor exitosa.

  DEBUG: Cliente: Se recibieron y cargaron todas las texturas satisfactoriamente.
  DEBUG: Cliente: El cliente se ha desconectado satisfactoriamente
  DEBUG: Cliente: El jguador a se ha desconectado.
  ===============================================
    Comienzo del Log ( 17-05-2016 a las 23:42 ) 
  ===============================================

  DEBUG: Cliente: Se ha reconectado un Cliente.
  DEBUG: Cliente: Conección al servidor exitosa.

  ===============================================
    Comienzo del Log ( 17-05-2016 a las 23:43 ) 
  ===============================================

  DEBUG: Cliente: Conección al servidor exitosa.

  DEBUG: Cliente: Se recibieron y cargaron todas las texturas satisfactoriamente.
  ===============================================
    Comienzo del Log ( 17-05-2016 a las 23:43 ) 
  ===============================================

  DEBUG: Cliente: Conección al servidor exitosa.

  DEBUG: Cliente: Se recibieron y cargaron todas las texturas satisfactoriamente.
  DEBUG: Cliente: El cliente se ha desconectado satisfactoriamente
  DEBUG: Cliente: El jguador s se ha desconectado.
  ===============================================
    Comienzo del Log ( 17-05-2016 a las 23:43 ) 
  ===============================================

  DEBUG: Cliente: Se ha reconectado un Cliente.
  DEBUG: Cliente: Conección al servidor exitosa.

  DEBUG: Cliente: Se recibieron y cargaron todas las texturas satisfactoriamente.
  DEBUG: Cliente: El cliente se ha desconectado satisfactoriamente
  DEBUG: Cliente: El cliente se ha desconectado satisfactoriamente
  ===============================================
    Comienzo del Log ( 17-05-2016 a las 23:44 ) 
  ===============================================

  DEBUG: Cliente: Conección al servidor exitosa.

  DEBUG: Cliente: Se recibieron y cargaron todas las texturas satisfactoriamente.
  ===============================================
    Comienzo del Log ( 17-05-2016 a las 23:44 ) 
  ===============================================

  DEBUG: Cliente: Conección al servidor exitosa.

  DEBUG: Cliente: Se recibieron y cargaron todas las texturas satisfactoriamente.
  DEBUG: Cliente: El cliente se ha desconectado satisfactoriamente
  DEBUG: Cliente: El jguador s se ha desconectado.
  ===============================================
    Comienzo del Log ( 17-05-2016 a las 23:44 ) 
  ===============================================

  DEBUG: Cliente: Se ha reconectado un Cliente.
  DEBUG: Cliente: Conección al servidor exitosa.

  DEBUG: Cliente: Se recibieron y cargaron todas las texturas satisfactoriamente.
  DEBUG: Cliente: El cliente se ha desconectado satisfactoriamente
  DEBUG: Cliente: El jguador s se ha desconectado.
  ===============================================
    Comienzo del Log ( 17-05-2016 a las 23:44 ) 
  ===============================================

  DEBUG: Cliente: Se ha reconectado un Cliente.
  DEBUG: Cliente: Conección al servidor exitosa.

  DEBUG: Cliente: Se recibieron y cargaron todas las texturas satisfactoriamente.
  DEBUG: Juego: El juego ha sido reiniciado.
  DEBUG: Juego: El juego ha sido reiniciado.
  DEBUG: Cliente: Se recibieron y cargaron todas las texturas satisfactoriamente.
  DEBUG: Cliente: Se recibieron y cargaron todas las texturas satisfactoriamente.
  DEBUG: Juego: El juego ha sido reiniciado.
  DEBUG: Juego: El juego ha sido reiniciado.
  DEBUG: Cliente: Se recibieron y cargaron todas las texturas satisfactoriamente.
  DEBUG: Cliente: Se recibieron y cargaron todas las texturas satisfactoriamente.
  DEBUG: Cliente: El cliente se ha desconectado satisfactoriamente
  DEBUG: Cliente: El jguador s se ha desconectado.
  DEBUG: Cliente: El cliente se ha desconectado satisfactoriamente
