  ===============================================
    Comienzo del Log ( 19-06-2016 a las 04:13 ) 
  ===============================================

  DEBUG: Cliente: Se recibieron y cargaron todos los audios satisfactoriamente.
  DEBUG: Cliente: Conección al servidor exitosa.

  DEBUG: Cliente: Se recibieron y cargaron todas las texturas satisfactoriamente.
  DEBUG: Cliente: El cliente se ha desconectado satisfactoriamente
  ===============================================
    Comienzo del Log ( 19-06-2016 a las 04:14 ) 
  ===============================================

  DEBUG: Cliente: Se recibieron y cargaron todos los audios satisfactoriamente.
  DEBUG: Cliente: Conección al servidor exitosa.

  DEBUG: Cliente: Se recibieron y cargaron todas las texturas satisfactoriamente.
  DEBUG: Cliente: El cliente se ha desconectado satisfactoriamente
  ===============================================
    Comienzo del Log ( 19-06-2016 a las 04:14 ) 
  ===============================================

  DEBUG: Cliente: Se recibieron y cargaron todos los audios satisfactoriamente.
  DEBUG: Cliente: Conección al servidor exitosa.

  DEBUG: Cliente: Se recibieron y cargaron todas las texturas satisfactoriamente.
  DEBUG: Cliente: El cliente se ha desconectado satisfactoriamente
  ===============================================
    Comienzo del Log ( 19-06-2016 a las 04:15 ) 
  ===============================================

  DEBUG: Cliente: Se recibieron y cargaron todos los audios satisfactoriamente.
  DEBUG: Cliente: Conección al servidor exitosa.

  DEBUG: Cliente: Se recibieron y cargaron todas las texturas satisfactoriamente.
  DEBUG: Cliente: El cliente se ha desconectado satisfactoriamente
  ===============================================
    Comienzo del Log ( 19-06-2016 a las 04:37 ) 
  ===============================================

  DEBUG: Cliente: Se recibieron y cargaron todos los audios satisfactoriamente.
  DEBUG: Cliente: Conección al servidor exitosa.

  DEBUG: Cliente: Se recibieron y cargaron todas las texturas satisfactoriamente.
  DEBUG: Cliente: El cliente se ha desconectado satisfactoriamente
  ===============================================
    Comienzo del Log ( 19-06-2016 a las 04:39 ) 
  ===============================================

  DEBUG: Cliente: Se recibieron y cargaron todos los audios satisfactoriamente.
  DEBUG: Cliente: Conección al servidor exitosa.

  DEBUG: Cliente: Se recibieron y cargaron todas las texturas satisfactoriamente.
  DEBUG: Cliente: El cliente se ha desconectado satisfactoriamente
  ===============================================
    Comienzo del Log ( 19-06-2016 a las 04:39 ) 
  ===============================================

  DEBUG: Cliente: Se recibieron y cargaron todos los audios satisfactoriamente.
  DEBUG: Cliente: Conección al servidor exitosa.

  DEBUG: Cliente: Se recibieron y cargaron todas las texturas satisfactoriamente.
  DEBUG: Cliente: El cliente se ha desconectado satisfactoriamente
  ===============================================
    Comienzo del Log ( 19-06-2016 a las 04:40 ) 
  ===============================================

  DEBUG: Cliente: Se recibieron y cargaron todos los audios satisfactoriamente.
  DEBUG: Cliente: Conección al servidor exitosa.

  DEBUG: Cliente: Se recibieron y cargaron todas las texturas satisfactoriamente.
  DEBUG: Cliente: El cliente se ha desconectado satisfactoriamente
  ===============================================
    Comienzo del Log ( 19-06-2016 a las 04:42 ) 
  ===============================================

  DEBUG: Cliente: Se recibieron y cargaron todos los audios satisfactoriamente.
  DEBUG: Cliente: Conección al servidor exitosa.

  DEBUG: Cliente: Se recibieron y cargaron todas las texturas satisfactoriamente.
  DEBUG: Cliente: El cliente se ha desconectado satisfactoriamente
  ===============================================
    Comienzo del Log ( 19-06-2016 a las 04:44 ) 
  ===============================================

  DEBUG: Cliente: Se recibieron y cargaron todos los audios satisfactoriamente.
  DEBUG: Cliente: Conección al servidor exitosa.

  DEBUG: Cliente: Se recibieron y cargaron todas las texturas satisfactoriamente.
  DEBUG: Cliente: El cliente se ha desconectado satisfactoriamente
