  ===============================================
    Comienzo del Log ( 18-06-2016 a las 15:26 ) 
  ===============================================

  DEBUG: Cliente: Se recibieron y cargaron todos los audios satisfactoriamente.
  DEBUG: Cliente: Conección al servidor exitosa.

  DEBUG: Cliente: Se recibieron y cargaron todas las texturas satisfactoriamente.
  DEBUG: Cliente: El cliente se ha desconectado satisfactoriamente
  ===============================================
    Comienzo del Log ( 18-06-2016 a las 15:27 ) 
  ===============================================

  DEBUG: Cliente: Se recibieron y cargaron todos los audios satisfactoriamente.
  DEBUG: Cliente: Conección al servidor exitosa.

  DEBUG: Cliente: Se recibieron y cargaron todas las texturas satisfactoriamente.
  DEBUG: Cliente: El cliente se ha desconectado satisfactoriamente
  ===============================================
    Comienzo del Log ( 18-06-2016 a las 15:28 ) 
  ===============================================

  DEBUG: Cliente: Se recibieron y cargaron todos los audios satisfactoriamente.
  DEBUG: Cliente: Conección al servidor exitosa.

  DEBUG: Cliente: Se recibieron y cargaron todas las texturas satisfactoriamente.
  DEBUG: Cliente: El cliente se ha desconectado satisfactoriamente
  ===============================================
    Comienzo del Log ( 18-06-2016 a las 15:28 ) 
  ===============================================

  DEBUG: Cliente: Se recibieron y cargaron todos los audios satisfactoriamente.
  DEBUG: Cliente: Conección al servidor exitosa.

  DEBUG: Cliente: Se recibieron y cargaron todas las texturas satisfactoriamente.
  DEBUG: Cliente: El cliente se ha desconectado satisfactoriamente
  ===============================================
    Comienzo del Log ( 18-06-2016 a las 15:40 ) 
  ===============================================

  DEBUG: Cliente: Se recibieron y cargaron todos los audios satisfactoriamente.
  DEBUG: Cliente: Conección al servidor exitosa.

  DEBUG: Cliente: Se recibieron y cargaron todas las texturas satisfactoriamente.
  DEBUG: Cliente: El cliente se ha desconectado satisfactoriamente
  ===============================================
    Comienzo del Log ( 18-06-2016 a las 15:46 ) 
  ===============================================

  DEBUG: Cliente: Se recibieron y cargaron todos los audios satisfactoriamente.
  DEBUG: Cliente: Conección al servidor exitosa.

  DEBUG: Cliente: Se recibieron y cargaron todas las texturas satisfactoriamente.
  DEBUG: Cliente: El cliente se ha desconectado satisfactoriamente
  ===============================================
    Comienzo del Log ( 18-06-2016 a las 15:47 ) 
  ===============================================

  DEBUG: Cliente: Se recibieron y cargaron todos los audios satisfactoriamente.
  DEBUG: Cliente: Conección al servidor exitosa.

  DEBUG: Cliente: Se recibieron y cargaron todas las texturas satisfactoriamente.
  DEBUG: Cliente: El cliente se ha desconectado satisfactoriamente
  ===============================================
    Comienzo del Log ( 18-06-2016 a las 16:13 ) 
  ===============================================

  DEBUG: Cliente: Se recibieron y cargaron todos los audios satisfactoriamente.
  DEBUG: Cliente: Conección al servidor exitosa.

  DEBUG: Cliente: Se recibieron y cargaron todas las texturas satisfactoriamente.
  DEBUG: Cliente: El cliente se ha desconectado satisfactoriamente
  ===============================================
    Comienzo del Log ( 18-06-2016 a las 16:16 ) 
  ===============================================

  DEBUG: Cliente: Se recibieron y cargaron todos los audios satisfactoriamente.
  DEBUG: Cliente: Conección al servidor exitosa.

  DEBUG: Cliente: Se recibieron y cargaron todas las texturas satisfactoriamente.
  DEBUG: Cliente: El cliente se ha desconectado satisfactoriamente
  ===============================================
    Comienzo del Log ( 18-06-2016 a las 16:19 ) 
  ===============================================

  DEBUG: Cliente: Se recibieron y cargaron todos los audios satisfactoriamente.
  DEBUG: Cliente: Conección al servidor exitosa.

  DEBUG: Cliente: Se recibieron y cargaron todas las texturas satisfactoriamente.
  DEBUG: Cliente: El cliente se ha desconectado satisfactoriamente
  ===============================================
    Comienzo del Log ( 18-06-2016 a las 16:19 ) 
  ===============================================

  DEBUG: Cliente: Se recibieron y cargaron todos los audios satisfactoriamente.
  DEBUG: Cliente: Conección al servidor exitosa.

  DEBUG: Cliente: Se recibieron y cargaron todas las texturas satisfactoriamente.
  DEBUG: Cliente: El cliente se ha desconectado satisfactoriamente
  ===============================================
    Comienzo del Log ( 18-06-2016 a las 16:21 ) 
  ===============================================

  DEBUG: Cliente: Se recibieron y cargaron todos los audios satisfactoriamente.
  DEBUG: Cliente: Conección al servidor exitosa.

  DEBUG: Cliente: Se recibieron y cargaron todas las texturas satisfactoriamente.
  DEBUG: Cliente: El cliente se ha desconectado satisfactoriamente
  ===============================================
    Comienzo del Log ( 18-06-2016 a las 16:22 ) 
  ===============================================

  DEBUG: Cliente: Se recibieron y cargaron todos los audios satisfactoriamente.
  DEBUG: Cliente: Conección al servidor exitosa.

  DEBUG: Cliente: Se recibieron y cargaron todas las texturas satisfactoriamente.
  DEBUG: Cliente: El cliente se ha desconectado satisfactoriamente
  ===============================================
    Comienzo del Log ( 18-06-2016 a las 16:24 ) 
  ===============================================

  DEBUG: Cliente: Se recibieron y cargaron todos los audios satisfactoriamente.
  DEBUG: Cliente: Conección al servidor exitosa.

  DEBUG: Cliente: Se recibieron y cargaron todas las texturas satisfactoriamente.
  DEBUG: Cliente: El cliente se ha desconectado satisfactoriamente
  ===============================================
    Comienzo del Log ( 18-06-2016 a las 16:25 ) 
  ===============================================

  DEBUG: Cliente: Se recibieron y cargaron todos los audios satisfactoriamente.
  DEBUG: Cliente: Conección al servidor exitosa.

  DEBUG: Cliente: Se recibieron y cargaron todas las texturas satisfactoriamente.
  DEBUG: Cliente: El cliente se ha desconectado satisfactoriamente
  ===============================================
    Comienzo del Log ( 18-06-2016 a las 16:26 ) 
  ===============================================

  DEBUG: Cliente: Se recibieron y cargaron todos los audios satisfactoriamente.
  DEBUG: Cliente: Conección al servidor exitosa.

  DEBUG: Cliente: Se recibieron y cargaron todas las texturas satisfactoriamente.
  DEBUG: Cliente: El cliente se ha desconectado satisfactoriamente
  ===============================================
    Comienzo del Log ( 18-06-2016 a las 16:29 ) 
  ===============================================

  DEBUG: Cliente: Se recibieron y cargaron todos los audios satisfactoriamente.
  DEBUG: Cliente: Conección al servidor exitosa.

  DEBUG: Cliente: Se recibieron y cargaron todas las texturas satisfactoriamente.
  DEBUG: Cliente: El cliente se ha desconectado satisfactoriamente
  ===============================================
    Comienzo del Log ( 18-06-2016 a las 16:33 ) 
  ===============================================

  DEBUG: Cliente: Se recibieron y cargaron todos los audios satisfactoriamente.
  DEBUG: Cliente: Conección al servidor exitosa.

  DEBUG: Cliente: Se recibieron y cargaron todas las texturas satisfactoriamente.
  DEBUG: Cliente: El cliente se ha desconectado satisfactoriamente
  ===============================================
    Comienzo del Log ( 18-06-2016 a las 16:34 ) 
  ===============================================

  DEBUG: Cliente: Se recibieron y cargaron todos los audios satisfactoriamente.
  DEBUG: Cliente: Conección al servidor exitosa.

  DEBUG: Cliente: Se recibieron y cargaron todas las texturas satisfactoriamente.
  DEBUG: Cliente: El cliente se ha desconectado satisfactoriamente
  ===============================================
    Comienzo del Log ( 18-06-2016 a las 16:35 ) 
  ===============================================

  DEBUG: Cliente: Se recibieron y cargaron todos los audios satisfactoriamente.
  DEBUG: Cliente: Conección al servidor exitosa.

  DEBUG: Cliente: Se recibieron y cargaron todas las texturas satisfactoriamente.
  DEBUG: Cliente: El cliente se ha desconectado satisfactoriamente
  ===============================================
    Comienzo del Log ( 18-06-2016 a las 16:40 ) 
  ===============================================

  DEBUG: Cliente: Se recibieron y cargaron todos los audios satisfactoriamente.
  DEBUG: Cliente: Conección al servidor exitosa.

  DEBUG: Cliente: Se recibieron y cargaron todas las texturas satisfactoriamente.
  DEBUG: Cliente: El cliente se ha desconectado satisfactoriamente
  ===============================================
    Comienzo del Log ( 18-06-2016 a las 16:40 ) 
  ===============================================

  DEBUG: Cliente: Se recibieron y cargaron todos los audios satisfactoriamente.
  DEBUG: Cliente: Conección al servidor exitosa.

  DEBUG: Cliente: Se recibieron y cargaron todas las texturas satisfactoriamente.
  DEBUG: Cliente: El cliente se ha desconectado satisfactoriamente
  ===============================================
    Comienzo del Log ( 18-06-2016 a las 19:02 ) 
  ===============================================

  DEBUG: Cliente: Se recibieron y cargaron todos los audios satisfactoriamente.
  DEBUG: Cliente: Conección al servidor exitosa.

  DEBUG: Cliente: Se recibieron y cargaron todas las texturas satisfactoriamente.
  DEBUG: Cliente: El cliente se ha desconectado satisfactoriamente
  ===============================================
    Comienzo del Log ( 18-06-2016 a las 19:02 ) 
  ===============================================

  DEBUG: Cliente: Se recibieron y cargaron todos los audios satisfactoriamente.
  DEBUG: Cliente: Conección al servidor exitosa.

  DEBUG: Cliente: Se recibieron y cargaron todas las texturas satisfactoriamente.
  DEBUG: Cliente: El cliente se ha desconectado satisfactoriamente
