  ===============================================
    Comienzo del Log ( 21-06-2016 a las 11:02 ) 
  ===============================================

  DEBUG: Cliente: Se recibieron y cargaron todos los audios satisfactoriamente.
  DEBUG: Cliente: Conección al servidor exitosa.

  DEBUG: Cliente: Se recibieron y cargaron todas las texturas satisfactoriamente.
  DEBUG: Cliente: El cliente se ha desconectado satisfactoriamente
  ===============================================
    Comienzo del Log ( 21-06-2016 a las 11:07 ) 
  ===============================================

  DEBUG: Cliente: Se recibieron y cargaron todos los audios satisfactoriamente.
  DEBUG: Cliente: Conección al servidor exitosa.

  DEBUG: Cliente: Se recibieron y cargaron todas las texturas satisfactoriamente.
  DEBUG: Cliente: El cliente se ha desconectado satisfactoriamente
  ===============================================
    Comienzo del Log ( 21-06-2016 a las 11:15 ) 
  ===============================================

  DEBUG: Cliente: Se recibieron y cargaron todos los audios satisfactoriamente.
  DEBUG: Cliente: Conección al servidor exitosa.

  DEBUG: Cliente: Se recibieron y cargaron todas las texturas satisfactoriamente.
  DEBUG: Cliente: El cliente se ha desconectado satisfactoriamente
  ===============================================
    Comienzo del Log ( 21-06-2016 a las 11:19 ) 
  ===============================================

  DEBUG: Cliente: Se recibieron y cargaron todos los audios satisfactoriamente.
  DEBUG: Cliente: Conección al servidor exitosa.

  DEBUG: Cliente: Se recibieron y cargaron todas las texturas satisfactoriamente.
  DEBUG: Cliente: El cliente se ha desconectado satisfactoriamente
  ===============================================
    Comienzo del Log ( 21-06-2016 a las 11:24 ) 
  ===============================================

  DEBUG: Cliente: Se recibieron y cargaron todos los audios satisfactoriamente.
  DEBUG: Cliente: Conección al servidor exitosa.

  DEBUG: Cliente: Se recibieron y cargaron todas las texturas satisfactoriamente.
  DEBUG: Cliente: El cliente se ha desconectado satisfactoriamente
  ===============================================
    Comienzo del Log ( 21-06-2016 a las 11:41 ) 
  ===============================================

  DEBUG: Cliente: Se recibieron y cargaron todos los audios satisfactoriamente.
  DEBUG: Cliente: Conección al servidor exitosa.

  DEBUG: Cliente: Se recibieron y cargaron todas las texturas satisfactoriamente.
  DEBUG: Cliente: El cliente se ha desconectado satisfactoriamente
  ===============================================
    Comienzo del Log ( 21-06-2016 a las 11:53 ) 
  ===============================================

  DEBUG: Cliente: Se recibieron y cargaron todos los audios satisfactoriamente.
  WARNING: Cliente: El cliente no se pudo conectar satisfactoriamente
  ===============================================
    Comienzo del Log ( 21-06-2016 a las 11:54 ) 
  ===============================================

  DEBUG: Cliente: Se recibieron y cargaron todos los audios satisfactoriamente.
  DEBUG: Cliente: Conección al servidor exitosa.

  DEBUG: Cliente: Se recibieron y cargaron todas las texturas satisfactoriamente.
  DEBUG: Cliente: El cliente se ha desconectado satisfactoriamente
  ===============================================
    Comienzo del Log ( 21-06-2016 a las 12:16 ) 
  ===============================================

  DEBUG: Cliente: Se recibieron y cargaron todos los audios satisfactoriamente.
  DEBUG: Cliente: Conección al servidor exitosa.

  DEBUG: Cliente: Se recibieron y cargaron todas las texturas satisfactoriamente.
  DEBUG: Cliente: El cliente se ha desconectado satisfactoriamente
  ===============================================
    Comienzo del Log ( 21-06-2016 a las 13:47 ) 
  ===============================================

  DEBUG: Cliente: Se recibieron y cargaron todos los audios satisfactoriamente.
  DEBUG: Cliente: Conección al servidor exitosa.

  DEBUG: Cliente: Se recibieron y cargaron todas las texturas satisfactoriamente.
  DEBUG: Cliente: El cliente se ha desconectado satisfactoriamente
  ===============================================
    Comienzo del Log ( 21-06-2016 a las 14:18 ) 
  ===============================================

  DEBUG: Cliente: Se recibieron y cargaron todos los audios satisfactoriamente.
  DEBUG: Cliente: Conección al servidor exitosa.

  ===============================================
    Comienzo del Log ( 21-06-2016 a las 14:19 ) 
  ===============================================

  DEBUG: Cliente: Se recibieron y cargaron todos los audios satisfactoriamente.
  DEBUG: Cliente: Conección al servidor exitosa.

  ===============================================
    Comienzo del Log ( 21-06-2016 a las 14:28 ) 
  ===============================================

  DEBUG: Cliente: Se recibieron y cargaron todos los audios satisfactoriamente.
  DEBUG: Cliente: Conección al servidor exitosa.

  ===============================================
    Comienzo del Log ( 21-06-2016 a las 14:29 ) 
  ===============================================

  DEBUG: Cliente: Se recibieron y cargaron todos los audios satisfactoriamente.
  DEBUG: Cliente: Conección al servidor exitosa.

  ===============================================
    Comienzo del Log ( 21-06-2016 a las 14:36 ) 
  ===============================================

  DEBUG: Cliente: Se recibieron y cargaron todos los audios satisfactoriamente.
  DEBUG: Cliente: Conección al servidor exitosa.

  ===============================================
    Comienzo del Log ( 21-06-2016 a las 14:39 ) 
  ===============================================

  DEBUG: Cliente: Se recibieron y cargaron todos los audios satisfactoriamente.
  DEBUG: Cliente: Conección al servidor exitosa.

  ===============================================
    Comienzo del Log ( 21-06-2016 a las 14:41 ) 
  ===============================================

  DEBUG: Cliente: Se recibieron y cargaron todos los audios satisfactoriamente.
  DEBUG: Cliente: Conección al servidor exitosa.

  ===============================================
    Comienzo del Log ( 21-06-2016 a las 14:42 ) 
  ===============================================

  DEBUG: Cliente: Se recibieron y cargaron todos los audios satisfactoriamente.
  DEBUG: Cliente: Conección al servidor exitosa.

  ===============================================
    Comienzo del Log ( 21-06-2016 a las 14:46 ) 
  ===============================================

  DEBUG: Cliente: Se recibieron y cargaron todos los audios satisfactoriamente.
  DEBUG: Cliente: Conección al servidor exitosa.

  ===============================================
    Comienzo del Log ( 21-06-2016 a las 14:48 ) 
  ===============================================

  DEBUG: Cliente: Se recibieron y cargaron todos los audios satisfactoriamente.
  DEBUG: Cliente: Conección al servidor exitosa.

  DEBUG: Cliente: Se recibieron y cargaron todas las texturas satisfactoriamente.
  ===============================================
    Comienzo del Log ( 21-06-2016 a las 14:49 ) 
  ===============================================

  DEBUG: Cliente: Se recibieron y cargaron todos los audios satisfactoriamente.
  DEBUG: Cliente: Conección al servidor exitosa.

  DEBUG: Cliente: Se recibieron y cargaron todas las texturas satisfactoriamente.
  DEBUG: Cliente: El cliente se ha desconectado satisfactoriamente
  ===============================================
    Comienzo del Log ( 21-06-2016 a las 14:50 ) 
  ===============================================

  DEBUG: Cliente: Se recibieron y cargaron todos los audios satisfactoriamente.
  DEBUG: Cliente: Conección al servidor exitosa.

  ===============================================
    Comienzo del Log ( 21-06-2016 a las 14:52 ) 
  ===============================================

  DEBUG: Cliente: Se recibieron y cargaron todos los audios satisfactoriamente.
  DEBUG: Cliente: Conección al servidor exitosa.

  DEBUG: Cliente: Se recibieron y cargaron todas las texturas satisfactoriamente.
  DEBUG: Cliente: El cliente se ha desconectado satisfactoriamente
  ===============================================
    Comienzo del Log ( 21-06-2016 a las 14:53 ) 
  ===============================================

  DEBUG: Cliente: Se recibieron y cargaron todos los audios satisfactoriamente.
  DEBUG: Cliente: Conección al servidor exitosa.

  DEBUG: Cliente: Se recibieron y cargaron todas las texturas satisfactoriamente.
  DEBUG: Cliente: El cliente se ha desconectado satisfactoriamente
  ===============================================
    Comienzo del Log ( 21-06-2016 a las 14:55 ) 
  ===============================================

  DEBUG: Cliente: Se recibieron y cargaron todos los audios satisfactoriamente.
  DEBUG: Cliente: Conección al servidor exitosa.

  ===============================================
    Comienzo del Log ( 21-06-2016 a las 14:56 ) 
  ===============================================

  DEBUG: Cliente: Se recibieron y cargaron todos los audios satisfactoriamente.
  DEBUG: Cliente: Conección al servidor exitosa.

  DEBUG: Cliente: Se recibieron y cargaron todas las texturas satisfactoriamente.
  DEBUG: Cliente: El cliente se ha desconectado satisfactoriamente
  ===============================================
    Comienzo del Log ( 21-06-2016 a las 14:57 ) 
  ===============================================

  DEBUG: Cliente: Se recibieron y cargaron todos los audios satisfactoriamente.
  DEBUG: Cliente: Conección al servidor exitosa.

  ===============================================
    Comienzo del Log ( 21-06-2016 a las 15:04 ) 
  ===============================================

  DEBUG: Cliente: Se recibieron y cargaron todos los audios satisfactoriamente.
  DEBUG: Cliente: Conección al servidor exitosa.

  DEBUG: Cliente: Se recibieron y cargaron todas las texturas satisfactoriamente.
  DEBUG: Cliente: El cliente se ha desconectado satisfactoriamente
  ===============================================
    Comienzo del Log ( 21-06-2016 a las 15:06 ) 
  ===============================================

  DEBUG: Cliente: Se recibieron y cargaron todos los audios satisfactoriamente.
  DEBUG: Cliente: Conección al servidor exitosa.

  DEBUG: Cliente: Se recibieron y cargaron todas las texturas satisfactoriamente.
  DEBUG: Cliente: El cliente se ha desconectado satisfactoriamente
  ===============================================
    Comienzo del Log ( 21-06-2016 a las 15:07 ) 
  ===============================================

  DEBUG: Cliente: Se recibieron y cargaron todos los audios satisfactoriamente.
  DEBUG: Cliente: Conección al servidor exitosa.

  DEBUG: Cliente: Se recibieron y cargaron todas las texturas satisfactoriamente.
  DEBUG: Cliente: El cliente se ha desconectado satisfactoriamente
  ===============================================
    Comienzo del Log ( 21-06-2016 a las 15:08 ) 
  ===============================================

  DEBUG: Cliente: Se recibieron y cargaron todos los audios satisfactoriamente.
  DEBUG: Cliente: Conección al servidor exitosa.

  DEBUG: Cliente: Se recibieron y cargaron todas las texturas satisfactoriamente.
  DEBUG: Cliente: El cliente se ha desconectado satisfactoriamente
  ===============================================
    Comienzo del Log ( 21-06-2016 a las 15:11 ) 
  ===============================================

  DEBUG: Cliente: Se recibieron y cargaron todos los audios satisfactoriamente.
  DEBUG: Cliente: Conección al servidor exitosa.

  DEBUG: Cliente: Se recibieron y cargaron todas las texturas satisfactoriamente.
  DEBUG: Cliente: El cliente se ha desconectado satisfactoriamente
  ===============================================
    Comienzo del Log ( 21-06-2016 a las 15:25 ) 
  ===============================================

  DEBUG: Cliente: Se recibieron y cargaron todos los audios satisfactoriamente.
  DEBUG: Cliente: Conección al servidor exitosa.

  DEBUG: Cliente: Se recibieron y cargaron todas las texturas satisfactoriamente.
  DEBUG: Cliente: El cliente se ha desconectado satisfactoriamente
  ===============================================
    Comienzo del Log ( 21-06-2016 a las 15:26 ) 
  ===============================================

  DEBUG: Cliente: Se recibieron y cargaron todos los audios satisfactoriamente.
  DEBUG: Cliente: Conección al servidor exitosa.

  DEBUG: Cliente: Se recibieron y cargaron todas las texturas satisfactoriamente.
  DEBUG: Cliente: El cliente se ha desconectado satisfactoriamente
  ===============================================
    Comienzo del Log ( 21-06-2016 a las 15:31 ) 
  ===============================================

  DEBUG: Cliente: Se recibieron y cargaron todos los audios satisfactoriamente.
  DEBUG: Cliente: Conección al servidor exitosa.

  DEBUG: Cliente: Se recibieron y cargaron todas las texturas satisfactoriamente.
  ===============================================
    Comienzo del Log ( 21-06-2016 a las 15:32 ) 
  ===============================================

  DEBUG: Cliente: Se recibieron y cargaron todos los audios satisfactoriamente.
  DEBUG: Cliente: Conección al servidor exitosa.

  DEBUG: Cliente: Se recibieron y cargaron todas las texturas satisfactoriamente.
  DEBUG: Cliente: El cliente se ha desconectado satisfactoriamente
  ===============================================
    Comienzo del Log ( 21-06-2016 a las 15:58 ) 
  ===============================================

  DEBUG: Cliente: Se recibieron y cargaron todos los audios satisfactoriamente.
  DEBUG: Cliente: Conección al servidor exitosa.

  DEBUG: Cliente: Se recibieron y cargaron todas las texturas satisfactoriamente.
  DEBUG: Cliente: El cliente se ha desconectado satisfactoriamente
  ===============================================
    Comienzo del Log ( 21-06-2016 a las 16:03 ) 
  ===============================================

  DEBUG: Cliente: Se recibieron y cargaron todos los audios satisfactoriamente.
  DEBUG: Cliente: Conección al servidor exitosa.

  DEBUG: Cliente: Se recibieron y cargaron todas las texturas satisfactoriamente.
  DEBUG: Cliente: El cliente se ha desconectado satisfactoriamente
  ===============================================
    Comienzo del Log ( 21-06-2016 a las 16:05 ) 
  ===============================================

  DEBUG: Cliente: Se recibieron y cargaron todos los audios satisfactoriamente.
  DEBUG: Cliente: Conección al servidor exitosa.

  DEBUG: Cliente: Se recibieron y cargaron todas las texturas satisfactoriamente.
  DEBUG: Cliente: El cliente se ha desconectado satisfactoriamente
  ===============================================
    Comienzo del Log ( 21-06-2016 a las 16:07 ) 
  ===============================================

  DEBUG: Cliente: Se recibieron y cargaron todos los audios satisfactoriamente.
  DEBUG: Cliente: Conección al servidor exitosa.

  DEBUG: Cliente: Se recibieron y cargaron todas las texturas satisfactoriamente.
  DEBUG: Cliente: El cliente se ha desconectado satisfactoriamente
  ===============================================
    Comienzo del Log ( 21-06-2016 a las 16:35 ) 
  ===============================================

  DEBUG: Cliente: Se recibieron y cargaron todos los audios satisfactoriamente.
  DEBUG: Cliente: Conección al servidor exitosa.

  DEBUG: Cliente: Se recibieron y cargaron todas las texturas satisfactoriamente.
  DEBUG: Cliente: El cliente se ha desconectado satisfactoriamente
  ===============================================
    Comienzo del Log ( 21-06-2016 a las 16:39 ) 
  ===============================================

  DEBUG: Cliente: Se recibieron y cargaron todos los audios satisfactoriamente.
  DEBUG: Cliente: Conección al servidor exitosa.

  DEBUG: Cliente: Se recibieron y cargaron todas las texturas satisfactoriamente.
  DEBUG: Cliente: El cliente se ha desconectado satisfactoriamente
  ===============================================
    Comienzo del Log ( 21-06-2016 a las 16:45 ) 
  ===============================================

  DEBUG: Cliente: Se recibieron y cargaron todos los audios satisfactoriamente.
  DEBUG: Cliente: Conección al servidor exitosa.

  DEBUG: Cliente: Se recibieron y cargaron todas las texturas satisfactoriamente.
  DEBUG: Cliente: El cliente se ha desconectado satisfactoriamente
  ===============================================
    Comienzo del Log ( 21-06-2016 a las 16:47 ) 
  ===============================================

  DEBUG: Cliente: Se recibieron y cargaron todos los audios satisfactoriamente.
  DEBUG: Cliente: Conección al servidor exitosa.

  DEBUG: Cliente: Se recibieron y cargaron todas las texturas satisfactoriamente.
  DEBUG: Cliente: El cliente se ha desconectado satisfactoriamente
  ===============================================
    Comienzo del Log ( 21-06-2016 a las 16:49 ) 
  ===============================================

  DEBUG: Cliente: Se recibieron y cargaron todos los audios satisfactoriamente.
  DEBUG: Cliente: Conección al servidor exitosa.

  DEBUG: Cliente: Se recibieron y cargaron todas las texturas satisfactoriamente.
  DEBUG: Cliente: El cliente se ha desconectado satisfactoriamente
  ===============================================
    Comienzo del Log ( 21-06-2016 a las 16:51 ) 
  ===============================================

  DEBUG: Cliente: Se recibieron y cargaron todos los audios satisfactoriamente.
  DEBUG: Cliente: Conección al servidor exitosa.

  DEBUG: Cliente: Se recibieron y cargaron todas las texturas satisfactoriamente.
  DEBUG: Cliente: El cliente se ha desconectado satisfactoriamente
