  ===============================================
    Comienzo del Log ( 07-06-2016 a las 11:04 ) 
  ===============================================

  DEBUG: Cliente: Conección al servidor exitosa.

  ===============================================
    Comienzo del Log ( 07-06-2016 a las 11:06 ) 
  ===============================================

  DEBUG: Cliente: Conección al servidor exitosa.

  ===============================================
    Comienzo del Log ( 07-06-2016 a las 11:06 ) 
  ===============================================

  DEBUG: Cliente: Conección al servidor exitosa.

  ===============================================
    Comienzo del Log ( 07-06-2016 a las 11:08 ) 
  ===============================================

  DEBUG: Cliente: Conección al servidor exitosa.

  ===============================================
    Comienzo del Log ( 07-06-2016 a las 11:09 ) 
  ===============================================

  DEBUG: Cliente: Conección al servidor exitosa.

  DEBUG: Cliente: Se recibieron y cargaron todas las texturas satisfactoriamente.
  DEBUG: Cliente: El cliente se ha desconectado satisfactoriamente
  ===============================================
    Comienzo del Log ( 07-06-2016 a las 11:11 ) 
  ===============================================

  DEBUG: Cliente: Conección al servidor exitosa.

  DEBUG: Cliente: Se recibieron y cargaron todas las texturas satisfactoriamente.
  DEBUG: Cliente: El cliente se ha desconectado satisfactoriamente
  ===============================================
    Comienzo del Log ( 07-06-2016 a las 11:25 ) 
  ===============================================

  DEBUG: Cliente: Conección al servidor exitosa.

  DEBUG: Cliente: Se recibieron y cargaron todas las texturas satisfactoriamente.
  DEBUG: Cliente: El cliente se ha desconectado satisfactoriamente
  ===============================================
    Comienzo del Log ( 07-06-2016 a las 11:26 ) 
  ===============================================

  DEBUG: Cliente: Conección al servidor exitosa.

  DEBUG: Cliente: Se recibieron y cargaron todas las texturas satisfactoriamente.
  DEBUG: Cliente: El cliente se ha desconectado satisfactoriamente
  ===============================================
    Comienzo del Log ( 07-06-2016 a las 11:34 ) 
  ===============================================

  DEBUG: Cliente: Conección al servidor exitosa.

  DEBUG: Cliente: Se recibieron y cargaron todas las texturas satisfactoriamente.
  DEBUG: Cliente: El cliente se ha desconectado satisfactoriamente
  ===============================================
    Comienzo del Log ( 07-06-2016 a las 11:35 ) 
  ===============================================

  DEBUG: Cliente: Conección al servidor exitosa.

  DEBUG: Cliente: Se recibieron y cargaron todas las texturas satisfactoriamente.
  DEBUG: Cliente: El cliente se ha desconectado satisfactoriamente
  ===============================================
    Comienzo del Log ( 07-06-2016 a las 11:50 ) 
  ===============================================

  DEBUG: Cliente: Conección al servidor exitosa.

  DEBUG: Cliente: Se recibieron y cargaron todas las texturas satisfactoriamente.
  DEBUG: Cliente: El cliente se ha desconectado satisfactoriamente
  ===============================================
    Comienzo del Log ( 07-06-2016 a las 11:52 ) 
  ===============================================

  DEBUG: Cliente: Conección al servidor exitosa.

  DEBUG: Cliente: Se recibieron y cargaron todas las texturas satisfactoriamente.
  DEBUG: Cliente: El cliente se ha desconectado satisfactoriamente
  ===============================================
    Comienzo del Log ( 07-06-2016 a las 11:55 ) 
  ===============================================

  DEBUG: Cliente: Conección al servidor exitosa.

  DEBUG: Cliente: Se recibieron y cargaron todas las texturas satisfactoriamente.
  DEBUG: Cliente: El cliente se ha desconectado satisfactoriamente
  ===============================================
    Comienzo del Log ( 07-06-2016 a las 12:26 ) 
  ===============================================

  DEBUG: Cliente: Conección al servidor exitosa.

  DEBUG: Cliente: Se recibieron y cargaron todas las texturas satisfactoriamente.
  DEBUG: Cliente: El cliente se ha desconectado satisfactoriamente
  ===============================================
    Comienzo del Log ( 07-06-2016 a las 12:28 ) 
  ===============================================

  DEBUG: Cliente: Conección al servidor exitosa.

  DEBUG: Cliente: Se recibieron y cargaron todas las texturas satisfactoriamente.
  DEBUG: Juego: El juego ha sido reiniciado.
  DEBUG: Cliente: Se recibieron y cargaron todas las texturas satisfactoriamente.
  DEBUG: Juego: El juego ha sido reiniciado.
  DEBUG: Cliente: Se recibieron y cargaron todas las texturas satisfactoriamente.
  DEBUG: Juego: El juego ha sido reiniciado.
  DEBUG: Cliente: Se recibieron y cargaron todas las texturas satisfactoriamente.
  DEBUG: Juego: El juego ha sido reiniciado.
  DEBUG: Cliente: Se recibieron y cargaron todas las texturas satisfactoriamente.
  DEBUG: Juego: El juego ha sido reiniciado.
  DEBUG: Cliente: Se recibieron y cargaron todas las texturas satisfactoriamente.
  DEBUG: Juego: El juego ha sido reiniciado.
  DEBUG: Cliente: Se recibieron y cargaron todas las texturas satisfactoriamente.
  DEBUG: Juego: El juego ha sido reiniciado.
  DEBUG: Cliente: Se recibieron y cargaron todas las texturas satisfactoriamente.
  DEBUG: Juego: El juego ha sido reiniciado.
  DEBUG: Cliente: Se recibieron y cargaron todas las texturas satisfactoriamente.
  DEBUG: Juego: El juego ha sido reiniciado.
  DEBUG: Cliente: Se recibieron y cargaron todas las texturas satisfactoriamente.
  DEBUG: Juego: El juego ha sido reiniciado.
  DEBUG: Cliente: Se recibieron y cargaron todas las texturas satisfactoriamente.
  DEBUG: Cliente: El cliente se ha desconectado satisfactoriamente
  ===============================================
    Comienzo del Log ( 07-06-2016 a las 12:31 ) 
  ===============================================

  DEBUG: Cliente: Conección al servidor exitosa.

  DEBUG: Cliente: Se recibieron y cargaron todas las texturas satisfactoriamente.
  DEBUG: Cliente: El cliente se ha desconectado satisfactoriamente
  ===============================================
    Comienzo del Log ( 07-06-2016 a las 12:36 ) 
  ===============================================

  DEBUG: Cliente: Conección al servidor exitosa.

  DEBUG: Cliente: Se recibieron y cargaron todas las texturas satisfactoriamente.
  DEBUG: Cliente: El cliente se ha desconectado satisfactoriamente
  ===============================================
    Comienzo del Log ( 07-06-2016 a las 12:37 ) 
  ===============================================

  DEBUG: Cliente: Conección al servidor exitosa.

  DEBUG: Cliente: Se recibieron y cargaron todas las texturas satisfactoriamente.
  DEBUG: Cliente: El cliente se ha desconectado satisfactoriamente
  ===============================================
    Comienzo del Log ( 07-06-2016 a las 12:39 ) 
  ===============================================

  DEBUG: Cliente: Conección al servidor exitosa.

  DEBUG: Cliente: Se recibieron y cargaron todas las texturas satisfactoriamente.
  DEBUG: Cliente: El cliente se ha desconectado satisfactoriamente
  ===============================================
    Comienzo del Log ( 07-06-2016 a las 12:42 ) 
  ===============================================

  DEBUG: Cliente: Conección al servidor exitosa.

  DEBUG: Cliente: Se recibieron y cargaron todas las texturas satisfactoriamente.
  DEBUG: Cliente: El cliente se ha desconectado satisfactoriamente
  ===============================================
    Comienzo del Log ( 07-06-2016 a las 12:48 ) 
  ===============================================

  DEBUG: Cliente: Conección al servidor exitosa.

  DEBUG: Cliente: Se recibieron y cargaron todas las texturas satisfactoriamente.
  DEBUG: Cliente: El cliente se ha desconectado satisfactoriamente
