  ===============================================
    Comienzo del Log ( 09-06-2016 a las 00:25 ) 
  ===============================================

  DEBUG: Cliente: Conección al servidor exitosa.

  DEBUG: Cliente: Se recibieron y cargaron todas las texturas satisfactoriamente.
  DEBUG: Cliente: El cliente se ha desconectado satisfactoriamente
  ===============================================
    Comienzo del Log ( 09-06-2016 a las 00:26 ) 
  ===============================================

  DEBUG: Cliente: Conección al servidor exitosa.

  DEBUG: Cliente: Se recibieron y cargaron todas las texturas satisfactoriamente.
  DEBUG: Cliente: El cliente se ha desconectado satisfactoriamente
  ===============================================
    Comienzo del Log ( 09-06-2016 a las 00:26 ) 
  ===============================================

  DEBUG: Cliente: Conección al servidor exitosa.

  DEBUG: Cliente: Se recibieron y cargaron todas las texturas satisfactoriamente.
  DEBUG: Cliente: El cliente se ha desconectado satisfactoriamente
  ===============================================
    Comienzo del Log ( 09-06-2016 a las 00:27 ) 
  ===============================================

  DEBUG: Cliente: Conección al servidor exitosa.

  DEBUG: Cliente: Se recibieron y cargaron todas las texturas satisfactoriamente.
  DEBUG: Cliente: El cliente se ha desconectado satisfactoriamente
  ===============================================
    Comienzo del Log ( 09-06-2016 a las 00:28 ) 
  ===============================================

  DEBUG: Cliente: Conección al servidor exitosa.

  DEBUG: Cliente: Se recibieron y cargaron todas las texturas satisfactoriamente.
  DEBUG: Cliente: El cliente se ha desconectado satisfactoriamente
  ===============================================
    Comienzo del Log ( 09-06-2016 a las 00:28 ) 
  ===============================================

  DEBUG: Cliente: Conección al servidor exitosa.

  DEBUG: Cliente: Se recibieron y cargaron todas las texturas satisfactoriamente.
  DEBUG: Cliente: El cliente se ha desconectado satisfactoriamente
  ===============================================
    Comienzo del Log ( 09-06-2016 a las 00:29 ) 
  ===============================================

  DEBUG: Cliente: Conección al servidor exitosa.

  DEBUG: Cliente: Se recibieron y cargaron todas las texturas satisfactoriamente.
  DEBUG: Cliente: El cliente se ha desconectado satisfactoriamente
  ===============================================
    Comienzo del Log ( 09-06-2016 a las 00:30 ) 
  ===============================================

  DEBUG: Cliente: Conección al servidor exitosa.

  DEBUG: Cliente: Se recibieron y cargaron todas las texturas satisfactoriamente.
  DEBUG: Cliente: El cliente se ha desconectado satisfactoriamente
  ===============================================
    Comienzo del Log ( 09-06-2016 a las 00:30 ) 
  ===============================================

  DEBUG: Cliente: Conección al servidor exitosa.

  DEBUG: Cliente: Se recibieron y cargaron todas las texturas satisfactoriamente.
  DEBUG: Cliente: El cliente se ha desconectado satisfactoriamente
  ===============================================
    Comienzo del Log ( 09-06-2016 a las 15:16 ) 
  ===============================================

  DEBUG: Cliente: Conección al servidor exitosa.

  DEBUG: Cliente: Se recibieron y cargaron todas las texturas satisfactoriamente.
  ===============================================
    Comienzo del Log ( 09-06-2016 a las 15:16 ) 
  ===============================================

  DEBUG: Cliente: Conección al servidor exitosa.

  DEBUG: Cliente: Se recibieron y cargaron todas las texturas satisfactoriamente.
  DEBUG: Cliente: El cliente se ha desconectado satisfactoriamente
  DEBUG: Cliente: El jguador a se ha desconectado.
  DEBUG: Cliente: El cliente se ha desconectado satisfactoriamente
  ===============================================
    Comienzo del Log ( 09-06-2016 a las 15:17 ) 
  ===============================================

  DEBUG: Cliente: Conección al servidor exitosa.

  DEBUG: Cliente: Se recibieron y cargaron todas las texturas satisfactoriamente.
  ===============================================
    Comienzo del Log ( 09-06-2016 a las 15:17 ) 
  ===============================================

  DEBUG: Cliente: Conección al servidor exitosa.

  DEBUG: Cliente: Se recibieron y cargaron todas las texturas satisfactoriamente.
  DEBUG: Cliente: El cliente se ha desconectado satisfactoriamente
  DEBUG: Cliente: El jguador s se ha desconectado.
  DEBUG: Cliente: El cliente se ha desconectado satisfactoriamente
  ===============================================
    Comienzo del Log ( 09-06-2016 a las 15:44 ) 
  ===============================================

  DEBUG: Cliente: Conección al servidor exitosa.

  DEBUG: Cliente: Se recibieron y cargaron todas las texturas satisfactoriamente.
  ===============================================
    Comienzo del Log ( 09-06-2016 a las 15:44 ) 
  ===============================================

  DEBUG: Cliente: Conección al servidor exitosa.

  DEBUG: Cliente: Se recibieron y cargaron todas las texturas satisfactoriamente.
  DEBUG: Cliente: El cliente se ha desconectado satisfactoriamente
  DEBUG: Cliente: El jguador a se ha desconectado.
  DEBUG: Cliente: El cliente se ha desconectado satisfactoriamente
  ===============================================
    Comienzo del Log ( 09-06-2016 a las 15:45 ) 
  ===============================================

  DEBUG: Cliente: Conección al servidor exitosa.

  DEBUG: Cliente: Se recibieron y cargaron todas las texturas satisfactoriamente.
  ===============================================
    Comienzo del Log ( 09-06-2016 a las 15:45 ) 
  ===============================================

  ===============================================
    Comienzo del Log ( 09-06-2016 a las 15:45 ) 
  ===============================================

  DEBUG: Cliente: Conección al servidor exitosa.

  DEBUG: Cliente: Se recibieron y cargaron todas las texturas satisfactoriamente.
  DEBUG: Cliente: El cliente se ha desconectado satisfactoriamente
  DEBUG: Cliente: El jguador s se ha desconectado.
  DEBUG: Cliente: El cliente se ha desconectado satisfactoriamente
  ===============================================
    Comienzo del Log ( 09-06-2016 a las 15:48 ) 
  ===============================================

  DEBUG: Cliente: Conección al servidor exitosa.

  DEBUG: Cliente: Se recibieron y cargaron todas las texturas satisfactoriamente.
  ===============================================
    Comienzo del Log ( 09-06-2016 a las 15:48 ) 
  ===============================================

  DEBUG: Cliente: Conección al servidor exitosa.

  DEBUG: Cliente: Se recibieron y cargaron todas las texturas satisfactoriamente.
  DEBUG: Cliente: El cliente se ha desconectado satisfactoriamente
  DEBUG: Cliente: El jguador a se ha desconectado.
  DEBUG: Cliente: El cliente se ha desconectado satisfactoriamente
  ===============================================
    Comienzo del Log ( 09-06-2016 a las 15:53 ) 
  ===============================================

  DEBUG: Cliente: Conección al servidor exitosa.

  DEBUG: Cliente: Se recibieron y cargaron todas las texturas satisfactoriamente.
  ===============================================
    Comienzo del Log ( 09-06-2016 a las 15:53 ) 
  ===============================================

  DEBUG: Cliente: Conección al servidor exitosa.

  DEBUG: Cliente: Se recibieron y cargaron todas las texturas satisfactoriamente.
  DEBUG: Cliente: El cliente se ha desconectado satisfactoriamente
  DEBUG: Cliente: El jguador a se ha desconectado.
  DEBUG: Cliente: El cliente se ha desconectado satisfactoriamente
  ===============================================
    Comienzo del Log ( 09-06-2016 a las 15:54 ) 
  ===============================================

  DEBUG: Cliente: Conección al servidor exitosa.

  DEBUG: Cliente: Se recibieron y cargaron todas las texturas satisfactoriamente.
  ===============================================
    Comienzo del Log ( 09-06-2016 a las 15:54 ) 
  ===============================================

  DEBUG: Cliente: Conección al servidor exitosa.

  DEBUG: Cliente: Se recibieron y cargaron todas las texturas satisfactoriamente.
  DEBUG: Cliente: El cliente se ha desconectado satisfactoriamente
  DEBUG: Cliente: El jguador a se ha desconectado.
  DEBUG: Cliente: El cliente se ha desconectado satisfactoriamente
